[19:25:24] This is prokka 1.12
[19:25:24] Written by Torsten Seemann <torsten.seemann@gmail.com>
[19:25:24] Homepage is https://github.com/tseemann/prokka
[19:25:24] Local time is Wed May  1 19:25:24 2024
[19:25:24] You are TongqingWei
[19:25:24] Operating system is linux
[19:25:24] You have BioPerl 1.006924
[19:25:24] System has 40 cores.
[19:25:24] Will use maximum of 8 cores.
[19:25:24] Annotating as >>> Bacteria <<<
[19:25:24] Generating locus_tag from './example_phage/MG711467.1.fasta' contents.
[19:25:24] Setting --locustag MONPDEIE from MD5 6879de2e90405863b5ea4e4b139be3d8
[19:25:24] Creating new output folder: ./tmp/prokka_MG711467
[19:25:24] Running: mkdir -p \.\/tmp\/prokka_MG711467
[19:25:24] Using filename prefix: MG711467.XXX
[19:25:24] Setting HMMER_NCPU=1
[19:25:24] Writing log to: ./tmp/prokka_MG711467/MG711467.log
[19:25:24] Command: /bios-store1/home/TongqingWei/.conda/envs/KGDeepPBI/bin/prokka ./example_phage/MG711467.1.fasta --outdir ./tmp/prokka_MG711467 --prefix MG711467 --force
[19:25:24] Looking for 'aragorn' - found /bios-store1/home/TongqingWei/.conda/envs/KGDeepPBI/bin/aragorn
[19:25:24] Determined aragorn version is 1.2
[19:25:24] Looking for 'blastp' - found /bios-store1/home/TongqingWei/.conda/envs/KGDeepPBI/bin/blastp
[19:25:24] Determined blastp version is 2.5
[19:25:24] Looking for 'cmpress' - found /bios-store1/home/TongqingWei/.conda/envs/KGDeepPBI/bin/cmpress
[19:25:24] Determined cmpress version is 1.1
[19:25:24] Looking for 'cmscan' - found /bios-store1/home/TongqingWei/.conda/envs/KGDeepPBI/bin/cmscan
[19:25:24] Determined cmscan version is 1.1
[19:25:24] Looking for 'egrep' - found /bios-store1/software/bin/egrep
[19:25:24] Looking for 'find' - found /usr/bin/find
[19:25:24] Looking for 'grep' - found /bios-store1/software/bin/grep
[19:25:24] Looking for 'hmmpress' - found /bios-store1/home/TongqingWei/.conda/envs/KGDeepPBI/bin/hmmpress
[19:25:24] Determined hmmpress version is 3.1
[19:25:24] Looking for 'hmmscan' - found /bios-store1/home/TongqingWei/.conda/envs/KGDeepPBI/bin/hmmscan
[19:25:24] Determined hmmscan version is 3.1
[19:25:24] Looking for 'java' - found /usr/bin/java
[19:25:24] Looking for 'less' - found /usr/bin/less
[19:25:24] Looking for 'makeblastdb' - found /bios-store1/home/TongqingWei/.conda/envs/KGDeepPBI/bin/makeblastdb
[19:25:24] Determined makeblastdb version is 2.5
[19:25:24] Looking for 'parallel' - found /bios-store1/home/TongqingWei/.conda/envs/KGDeepPBI/bin/parallel
[19:25:24] Determined parallel version is 20240322
[19:25:24] Looking for 'prodigal' - found /bios-store1/home/TongqingWei/.conda/envs/KGDeepPBI/bin/prodigal
[19:25:24] Determined prodigal version is 2.6
[19:25:24] Looking for 'prokka-genbank_to_fasta_db' - found /bios-store1/home/TongqingWei/.conda/envs/KGDeepPBI/bin/prokka-genbank_to_fasta_db
[19:25:24] Looking for 'sed' - found /bios-store1/software/bin/sed
[19:25:24] Looking for 'tbl2asn' - found /bios-store1/home/TongqingWei/.conda/envs/KGDeepPBI/bin/tbl2asn
[19:25:24] Determined tbl2asn version is 25.3
[19:25:24] Using genetic code table 11.
[19:25:24] Loading and checking input file: ./example_phage/MG711467.1.fasta
[19:25:24] Wrote 1 contigs totalling 54286 bp.
[19:25:24] Predicting tRNAs and tmRNAs
[19:25:24] Running: aragorn -l -gc11  -w \.\/tmp\/prokka_MG711467\/MG711467\.fna
[19:25:24] Found 0 tRNAs
[19:25:24] Predicting Ribosomal RNAs
[19:25:24] You need either Barrnap or RNAmmer installed to predict rRNAs!
[19:25:24] Skipping ncRNA search, enable with --rfam if desired.
[19:25:24] Total of 0 tRNA + rRNA features
[19:25:24] Predicting coding sequences
[19:25:24] Contigs total 54286 bp, so using meta mode
[19:25:24] Running: prodigal -i \.\/tmp\/prokka_MG711467\/MG711467\.fna -c -m -g 11 -p meta -f sco -q
[19:25:26] Found 85 CDS
[19:25:26] Connecting features back to sequences
[19:25:26] Not using genus-specific database. Try --usegenus to enable it.
[19:25:26] Annotating CDS, please be patient.
[19:25:26] Will use 8 CPUs for similarity searching.
[19:25:26] There are still 85 unannotated CDS left (started with 85)
[19:25:26] Will use blast to search against /bios-store1/home/TongqingWei/.conda/envs/KGDeepPBI/share/prokka/db/kingdom/Bacteria/sprot with 8 CPUs
[19:25:26] Running: cat \.\/tmp\/prokka_MG711467\/sprot\.faa | parallel --gnu --plain -j 8 --block 1091 --recstart '>' --pipe blastp -query - -db /bios-store1/home/TongqingWei/.conda/envs/KGDeepPBI/share/prokka/db/kingdom/Bacteria/sprot -evalue 1e-06 -num_threads 1 -num_descriptions 1 -num_alignments 1 -seg no > \.\/tmp\/prokka_MG711467\/sprot\.blast 2> /dev/null
[19:25:27] Deleting unwanted file: ./tmp/prokka_MG711467/sprot.faa
[19:25:27] Deleting unwanted file: ./tmp/prokka_MG711467/sprot.blast
[19:25:27] There are still 80 unannotated CDS left (started with 85)
[19:25:27] Will use hmmer3 to search against /bios-store1/home/TongqingWei/.conda/envs/KGDeepPBI/share/prokka/db/hmm/HAMAP.hmm with 8 CPUs
[19:25:27] Running: cat \.\/tmp\/prokka_MG711467\/HAMAP\.hmm\.faa | parallel --gnu --plain -j 8 --block 996 --recstart '>' --pipe hmmscan --noali --notextw --acc -E 1e-06 --cpu 1 /bios-store1/home/TongqingWei/.conda/envs/KGDeepPBI/share/prokka/db/hmm/HAMAP.hmm /dev/stdin > \.\/tmp\/prokka_MG711467\/HAMAP\.hmm\.hmmer3 2> /dev/null
[19:25:28] Deleting unwanted file: ./tmp/prokka_MG711467/HAMAP.hmm.faa
[19:25:28] Deleting unwanted file: ./tmp/prokka_MG711467/HAMAP.hmm.hmmer3
[19:25:28] Labelling remaining 78 proteins as 'hypothetical protein'
[19:25:28] Found 6 unique /gene codes.
[19:25:28] Fixed 0 colliding /gene names.
[19:25:28] Adding /locus_tag identifiers
[19:25:28] Assigned 85 locus_tags to CDS and RNA features.
[19:25:28] Writing outputs to ./tmp/prokka_MG711467/
[19:25:29] Generating annotation statistics file
[19:25:29] Generating Genbank and Sequin files
[19:25:29] Running: tbl2asn -V b -a r10k -l paired-ends -M n -N 1 -y 'Annotated using prokka 1.12 from https://github.com/tseemann/prokka' -Z \.\/tmp\/prokka_MG711467\/MG711467\.err -i \.\/tmp\/prokka_MG711467\/MG711467\.fsa 2> /dev/null
[19:25:29] Could not run command: tbl2asn -V b -a r10k -l paired-ends -M n -N 1 -y 'Annotated using prokka 1.12 from https://github.com/tseemann/prokka' -Z \.\/tmp\/prokka_MG711467\/MG711467\.err -i \.\/tmp\/prokka_MG711467\/MG711467\.fsa 2> /dev/null
