NC_017731.1	CP003488	100.000	4402109	0	0	1	4402109	1	4402109	0.0	8.129e+06
NC_017731.1	CP003488	99.928	8292	4	1	3123248	3131539	2392128	2400417	0.0	15278
NC_017731.1	CP003488	99.928	8292	4	1	2392128	2400417	3123248	3131539	0.0	15278
NC_017731.1	CP003488	98.724	6506	54	18	2791388	2797864	1311218	1304713	0.0	11527
NC_017731.1	CP003488	98.739	6503	53	18	1304716	1311218	2797861	2791388	0.0	11527
NC_017731.1	CP003488	99.893	5633	4	2	2470640	2476271	1626928	1621297	0.0	10368
NC_017731.1	CP003488	99.893	5633	4	2	1621297	1626928	2476271	2470640	0.0	10368
NC_017731.1	CP003488	99.728	5517	9	5	2433882	2439394	1626811	1621297	0.0	10100
NC_017731.1	CP003488	99.728	5517	9	5	1621297	1626811	2439394	2433882	0.0	10100
NC_017731.1	CP003488	99.710	5517	10	5	2470757	2476271	2433882	2439394	0.0	10094
NC_017731.1	CP003488	99.710	5517	10	5	2433882	2439394	2470757	2476271	0.0	10094
NC_017731.1	CP003488	97.514	4103	96	6	3111865	3115963	2030777	2026677	0.0	7007
NC_017731.1	CP003488	97.446	4112	99	6	2026677	2030786	3115963	3111856	0.0	7007
NC_017731.1	CP003488	99.945	3606	1	1	2472795	2476399	1196234	1192629	0.0	6647
NC_017731.1	CP003488	99.945	3606	1	1	1192629	1196234	2476399	2472795	0.0	6647
NC_017731.1	CP003488	100.000	3584	0	0	3232554	3236137	2185493	2181910	0.0	6619
NC_017731.1	CP003488	100.000	3584	0	0	2181910	2185493	3236137	3232554	0.0	6619
NC_017731.1	CP003488	99.943	3481	1	1	2435918	2439397	1196234	1192754	0.0	6416
NC_017731.1	CP003488	99.971	3478	0	1	1621297	1624773	1192757	1196234	0.0	6416
NC_017731.1	CP003488	99.971	3478	0	1	1192757	1196234	1621297	1624773	0.0	6416
NC_017731.1	CP003488	99.971	3478	0	1	1192757	1196234	2439394	2435918	0.0	6416
NC_017731.1	CP003488	99.658	3510	2	7	1809479	1812983	1621230	1624734	0.0	6407
NC_017731.1	CP003488	99.658	3510	2	7	1621230	1624734	1809479	1812983	0.0	6407
NC_017731.1	CP003488	99.768	3441	2	3	1809546	1812983	1192757	1196194	0.0	6305
NC_017731.1	CP003488	99.768	3441	2	3	1192757	1196194	1809546	1812983	0.0	6305
NC_017731.1	CP003488	99.768	3441	2	3	2472834	2476271	1812983	1809546	0.0	6305
NC_017731.1	CP003488	99.768	3441	2	3	2435957	2439394	1812983	1809546	0.0	6305
NC_017731.1	CP003488	99.739	3444	3	3	1809546	1812986	2439394	2435954	0.0	6305
NC_017731.1	CP003488	99.739	3444	3	3	1809546	1812986	2476271	2472831	0.0	6305
NC_017731.1	CP003488	83.347	6077	965	33	2338593	2344644	1282559	1288613	0.0	5572
NC_017731.1	CP003488	83.347	6077	965	33	1282559	1288613	2338593	2344644	0.0	5572
NC_017731.1	CP003488	96.511	3210	108	4	2867691	2870898	1278935	1275728	0.0	5304
NC_017731.1	CP003488	96.483	3213	109	4	1275728	1278938	2870898	2867688	0.0	5304
NC_017731.1	CP003488	100.000	2654	0	0	3233485	3236138	1812155	1809502	0.0	4902
NC_017731.1	CP003488	100.000	2654	0	0	1809502	1812155	3236138	3233485	0.0	4902
NC_017731.1	CP003488	100.000	2653	0	0	2181910	2184562	1809503	1812155	0.0	4900
NC_017731.1	CP003488	100.000	2653	0	0	1809503	1812155	2181910	2184562	0.0	4900
NC_017731.1	CP003488	99.887	2656	0	3	3233485	3236138	1623906	1621252	0.0	4885
NC_017731.1	CP003488	99.925	2652	0	2	2181912	2184562	1621256	1623906	0.0	4885
NC_017731.1	CP003488	99.925	2652	0	2	1621256	1623906	2181912	2184562	0.0	4885
NC_017731.1	CP003488	99.887	2656	0	3	1621252	1623906	3236138	3233485	0.0	4885
NC_017731.1	CP003488	100.000	2610	0	0	3233485	3236094	1195366	1192757	0.0	4820
NC_017731.1	CP003488	100.000	2610	0	0	2181953	2184562	1192757	1195366	0.0	4820
NC_017731.1	CP003488	100.000	2610	0	0	1192757	1195366	2181953	2184562	0.0	4820
NC_017731.1	CP003488	100.000	2610	0	0	2473662	2476271	2184562	2181953	0.0	4820
NC_017731.1	CP003488	100.000	2610	0	0	2436785	2439394	2184562	2181953	0.0	4820
NC_017731.1	CP003488	100.000	2610	0	0	2181953	2184562	2439394	2436785	0.0	4820
NC_017731.1	CP003488	100.000	2610	0	0	3233485	3236094	2436785	2439394	0.0	4820
NC_017731.1	CP003488	100.000	2610	0	0	2181953	2184562	2476271	2473662	0.0	4820
NC_017731.1	CP003488	100.000	2610	0	0	3233485	3236094	2473662	2476271	0.0	4820
NC_017731.1	CP003488	100.000	2610	0	0	2436785	2439394	3233485	3236094	0.0	4820
NC_017731.1	CP003488	100.000	2610	0	0	2473662	2476271	3233485	3236094	0.0	4820
NC_017731.1	CP003488	100.000	2610	0	0	1192757	1195366	3236094	3233485	0.0	4820
NC_017731.1	CP003488	91.468	2977	229	13	3586227	3589201	938071	935118	0.0	4067
NC_017731.1	CP003488	91.518	2971	227	13	935133	938080	3589186	3586218	0.0	4067
NC_017731.1	CP003488	98.828	2134	22	3	2185732	2187862	1813177	1815310	0.0	3799
NC_017731.1	CP003488	98.828	2134	22	3	1813177	1815310	2185732	2187862	0.0	3799
NC_017731.1	CP003488	99.240	2105	10	5	3230454	3232554	2187734	2185632	0.0	3794
NC_017731.1	CP003488	99.240	2105	10	5	2185632	2187734	3232554	3230454	0.0	3794
NC_017731.1	CP003488	99.848	1974	2	1	3230326	3232298	1198463	1196490	0.0	3627
NC_017731.1	CP003488	99.848	1974	2	1	1196490	1198463	3232298	3230326	0.0	3627
NC_017731.1	CP003488	100.000	1956	0	0	3230343	3232298	2433771	2435726	0.0	3613
NC_017731.1	CP003488	100.000	1956	0	0	2433771	2435726	3230343	3232298	0.0	3613
NC_017731.1	CP003488	99.898	1957	2	0	2433771	2435727	1198445	1196489	0.0	3603
NC_017731.1	CP003488	99.898	1957	2	0	1196489	1198445	2435727	2433771	0.0	3603
NC_017731.1	CP003488	99.796	1962	3	1	2470643	2472603	2187849	2185888	0.0	3600
NC_017731.1	CP003488	99.796	1962	3	1	2185888	2187849	2472603	2470643	0.0	3600
NC_017731.1	CP003488	99.694	1961	5	1	2470644	2472603	1815294	1813334	0.0	3587
NC_017731.1	CP003488	99.694	1961	5	1	1813334	1815294	2472603	2470644	0.0	3587
NC_017731.1	CP003488	99.393	1976	11	1	1813334	1815309	1624965	1626939	0.0	3581
NC_017731.1	CP003488	99.393	1976	11	1	1624965	1626939	1813334	1815309	0.0	3581
NC_017731.1	CP003488	99.744	1952	4	1	2185888	2187838	1624965	1626916	0.0	3576
NC_017731.1	CP003488	99.744	1952	4	1	1624965	1626916	2185888	2187838	0.0	3576
NC_017731.1	CP003488	98.355	2006	26	6	3230454	3232454	1815180	1813177	0.0	3515
NC_017731.1	CP003488	98.355	2006	26	6	1813177	1815180	3232454	3230454	0.0	3515
NC_017731.1	CP003488	93.206	2355	147	12	4167473	4169824	2945466	2943122	0.0	3450
NC_017731.1	CP003488	93.209	2356	145	14	2943122	2945466	4169824	4167473	0.0	3450
NC_017731.1	CP003488	99.189	1850	9	5	1624964	1626811	1196489	1198334	0.0	3328
NC_017731.1	CP003488	99.189	1850	9	5	1196489	1198334	1624964	1626811	0.0	3328
NC_017731.1	CP003488	99.189	1849	9	5	3230454	3232298	1626811	1624965	0.0	3326
NC_017731.1	CP003488	99.189	1849	9	5	1624965	1626811	3232298	3230454	0.0	3326
NC_017731.1	CP003488	99.135	1850	10	5	2470757	2472604	1198334	1196489	0.0	3323
NC_017731.1	CP003488	99.135	1850	10	5	1196489	1198334	2472604	2470757	0.0	3323
NC_017731.1	CP003488	99.135	1849	10	5	2185888	2187734	1196490	1198334	0.0	3321
NC_017731.1	CP003488	99.135	1849	10	5	1196490	1198334	2185888	2187734	0.0	3321
NC_017731.1	CP003488	99.135	1849	10	5	2433882	2435726	2187734	2185888	0.0	3321
NC_017731.1	CP003488	99.135	1849	10	5	2185888	2187734	2435726	2433882	0.0	3321
NC_017731.1	CP003488	99.135	1849	10	5	3230454	3232298	2470757	2472603	0.0	3321
NC_017731.1	CP003488	99.135	1849	10	5	2470757	2472603	3230454	3232298	0.0	3321
NC_017731.1	CP003488	99.081	1849	11	5	1813334	1815180	1196490	1198334	0.0	3315
NC_017731.1	CP003488	99.081	1849	11	5	1196490	1198334	1813334	1815180	0.0	3315
NC_017731.1	CP003488	99.081	1849	11	5	2433882	2435726	1815180	1813334	0.0	3315
NC_017731.1	CP003488	99.081	1849	11	5	1813334	1815180	2435726	2433882	0.0	3315
NC_017731.1	CP003488	77.137	4234	897	65	2031718	2035914	1313193	1317392	0.0	2390
NC_017731.1	CP003488	77.137	4234	897	64	1313193	1317392	2031718	2035914	0.0	2390
NC_017731.1	CP003488	99.757	1233	2	1	2443826	2445058	1851372	1850141	0.0	2259
NC_017731.1	CP003488	99.757	1233	2	1	1850141	1851372	2445058	2443826	0.0	2259
NC_017731.1	CP003488	99.748	1191	2	1	3784497	3785687	1158415	1157226	0.0	2182
NC_017731.1	CP003488	99.748	1191	2	1	1157226	1158415	3785687	3784497	0.0	2182
NC_017731.1	CP003488	97.770	1166	26	0	2343478	2344643	2296119	2294954	0.0	2010
NC_017731.1	CP003488	97.770	1166	26	0	2294954	2296119	2344643	2343478	0.0	2010
NC_017731.1	CP003488	99.896	961	1	0	2184678	2185638	1812169	1813129	0.0	1770
NC_017731.1	CP003488	99.896	961	1	0	1812169	1813129	2184678	2185638	0.0	1770
NC_017731.1	CP003488	95.109	1104	47	5	2686054	2687152	1277900	1279001	0.0	1733
NC_017731.1	CP003488	95.109	1104	47	5	1277900	1279001	2686054	2687152	0.0	1733
NC_017731.1	CP003488	85.426	1633	230	8	2942042	2943670	2940938	2942566	0.0	1690
NC_017731.1	CP003488	85.426	1633	230	8	2940938	2942566	2942042	2943670	0.0	1690
NC_017731.1	CP003488	89.788	1322	111	21	770489	771797	763963	765273	0.0	1672
NC_017731.1	CP003488	89.819	1326	103	27	763963	765273	770489	771797	0.0	1672
NC_017731.1	CP003488	95.077	1036	48	2	2867691	2868726	2687086	2686054	0.0	1628
NC_017731.1	CP003488	95.077	1036	48	2	2686054	2687086	2868726	2867691	0.0	1628
NC_017731.1	CP003488	100.000	817	0	0	3232555	3233371	1196194	1195378	0.0	1509
NC_017731.1	CP003488	100.000	817	0	0	2184676	2185492	1195378	1196194	0.0	1509
NC_017731.1	CP003488	100.000	817	0	0	3232555	3233371	1624734	1623918	0.0	1509
NC_017731.1	CP003488	100.000	817	0	0	2184676	2185492	1623918	1624734	0.0	1509
NC_017731.1	CP003488	100.000	817	0	0	1195378	1196194	2184676	2185492	0.0	1509
NC_017731.1	CP003488	100.000	817	0	0	1623918	1624734	2184676	2185492	0.0	1509
NC_017731.1	CP003488	100.000	817	0	0	2472834	2473650	2185492	2184676	0.0	1509
NC_017731.1	CP003488	100.000	817	0	0	2435957	2436773	2185492	2184676	0.0	1509
NC_017731.1	CP003488	99.878	820	1	0	2184676	2185495	2436773	2435954	0.0	1509
NC_017731.1	CP003488	100.000	817	0	0	3232555	3233371	2435957	2436773	0.0	1509
NC_017731.1	CP003488	99.878	820	1	0	2184676	2185495	2473650	2472831	0.0	1509
NC_017731.1	CP003488	100.000	817	0	0	3232555	3233371	2472834	2473650	0.0	1509
NC_017731.1	CP003488	100.000	817	0	0	2435957	2436773	3232555	3233371	0.0	1509
NC_017731.1	CP003488	100.000	817	0	0	2472834	2473650	3232555	3233371	0.0	1509
NC_017731.1	CP003488	100.000	817	0	0	1623918	1624734	3233371	3232555	0.0	1509
NC_017731.1	CP003488	100.000	817	0	0	1195378	1196194	3233371	3232555	0.0	1509
NC_017731.1	CP003488	100.000	816	0	0	3232554	3233369	1812984	1812169	0.0	1507
NC_017731.1	CP003488	100.000	816	0	0	1812169	1812984	3233369	3232554	0.0	1507
NC_017731.1	CP003488	90.816	1078	72	27	728511	729574	728016	729080	0.0	1417
NC_017731.1	CP003488	90.816	1078	72	27	728016	729080	728511	729574	0.0	1417
NC_017731.1	CP003488	90.935	1059	89	7	3801672	3802726	2399051	2400106	0.0	1417
NC_017731.1	CP003488	90.935	1059	89	7	3801672	3802726	3130171	3131226	0.0	1417
NC_017731.1	CP003488	90.935	1059	89	7	2399051	2400106	3801672	3802726	0.0	1417
NC_017731.1	CP003488	90.935	1059	89	7	3130171	3131226	3801672	3802726	0.0	1417
NC_017731.1	CP003488	82.224	1637	225	48	762580	764181	761879	763484	0.0	1351
NC_017731.1	CP003488	82.213	1636	227	47	761879	763484	762580	764181	0.0	1351
NC_017731.1	CP003488	87.116	1203	108	25	2712165	2713338	689702	690886	0.0	1319
NC_017731.1	CP003488	87.116	1203	108	25	689702	690886	2712165	2713338	0.0	1319
NC_017731.1	CP003488	86.216	1197	160	5	3784494	3785687	2389016	2387822	0.0	1291
NC_017731.1	CP003488	86.167	1200	161	5	2387822	2389019	3785687	3784491	0.0	1291
NC_017731.1	CP003488	85.977	1198	162	6	2387818	2389012	1157221	1158415	0.0	1277
NC_017731.1	CP003488	85.977	1198	162	6	1157221	1158415	2387818	2389012	0.0	1277
NC_017731.1	CP003488	97.920	721	15	0	3570706	3571426	2805256	2804536	0.0	1249
NC_017731.1	CP003488	97.920	721	15	0	2804536	2805256	3571426	3570706	0.0	1249
NC_017731.1	CP003488	85.126	1190	160	9	3784497	3785685	2713338	2712165	0.0	1201
NC_017731.1	CP003488	85.126	1190	160	9	2712165	2713338	3785685	3784497	0.0	1201
NC_017731.1	CP003488	95.479	752	23	1	3840897	3841637	195112	195863	0.0	1190
NC_017731.1	CP003488	95.479	752	23	1	195112	195863	3840897	3841637	0.0	1190
NC_017731.1	CP003488	84.828	1193	163	10	2712162	2713338	1157225	1158415	0.0	1184
NC_017731.1	CP003488	85.004	1167	173	2	2294954	2296119	1288612	1287447	0.0	1184
NC_017731.1	CP003488	85.004	1167	173	2	1287447	1288612	2296119	2294954	0.0	1184
NC_017731.1	CP003488	84.828	1193	163	10	1157225	1158415	2712162	2713338	0.0	1184
NC_017731.1	CP003488	95.007	741	35	2	3673041	3673779	2865865	2866605	0.0	1162
NC_017731.1	CP003488	95.020	743	31	6	2865865	2866605	3673041	3673779	0.0	1162
NC_017731.1	CP003488	94.925	729	37	0	2804530	2805258	1280446	1279718	0.0	1142
NC_017731.1	CP003488	80.604	1490	280	9	3799907	3801391	2397328	2398813	0.0	1142
NC_017731.1	CP003488	94.925	729	37	0	1279718	1280446	2805258	2804530	0.0	1142
NC_017731.1	CP003488	80.604	1490	280	9	3799907	3801391	3128448	3129933	0.0	1142
NC_017731.1	CP003488	80.604	1490	280	9	2397328	2398813	3799907	3801391	0.0	1142
NC_017731.1	CP003488	80.604	1490	280	9	3128448	3129933	3799907	3801391	0.0	1142
NC_017731.1	CP003488	84.106	1208	156	21	3784495	3785686	690888	689701	0.0	1134
NC_017731.1	CP003488	84.106	1208	156	21	689701	690888	3785686	3784495	0.0	1134
NC_017731.1	CP003488	94.979	717	36	0	3570706	3571422	1279720	1280436	0.0	1125
NC_017731.1	CP003488	94.979	717	36	0	1279720	1280436	3570706	3571422	0.0	1125
NC_017731.1	CP003488	83.831	1206	158	22	1157227	1158415	689701	690886	0.0	1112
NC_017731.1	CP003488	83.831	1206	158	22	689701	690886	1157227	1158415	0.0	1112
NC_017731.1	CP003488	83.347	1195	172	13	2712165	2713338	2387824	2389012	0.0	1079
NC_017731.1	CP003488	83.347	1195	172	13	2387824	2389012	2712165	2713338	0.0	1079
NC_017731.1	CP003488	97.302	630	16	1	2392126	2392755	2390021	2390649	0.0	1068
NC_017731.1	CP003488	97.302	630	16	1	2390021	2390649	2392126	2392755	0.0	1068
NC_017731.1	CP003488	97.134	628	17	1	3123248	3123875	2390023	2390649	0.0	1059
NC_017731.1	CP003488	97.134	628	17	1	2390023	2390649	3123248	3123875	0.0	1059
NC_017731.1	CP003488	82.670	1206	173	19	2387823	2389012	689701	690886	0.0	1037
NC_017731.1	CP003488	82.670	1206	173	19	689701	690886	2387823	2389012	0.0	1037
NC_017731.1	CP003488	80.894	1298	231	14	2950463	2951750	1307090	1308380	0.0	1007
NC_017731.1	CP003488	80.731	1313	236	14	2950463	2951765	2795516	2794211	0.0	1007
NC_017731.1	CP003488	80.894	1298	231	14	1307090	1308380	2950463	2951750	0.0	1007
NC_017731.1	CP003488	80.894	1298	231	14	2794226	2795516	2951750	2950463	0.0	1007
NC_017731.1	CP003488	92.630	692	49	2	3793649	3794339	3783636	3784326	0.0	994
NC_017731.1	CP003488	92.630	692	49	2	3783636	3784326	3793649	3794339	0.0	994
NC_017731.1	CP003488	82.530	1099	160	23	1619634	1620716	1619470	1620552	0.0	937
NC_017731.1	CP003488	82.530	1099	160	23	1619470	1620552	1619634	1620716	0.0	937
NC_017731.1	CP003488	98.276	522	8	1	3556800	3557320	958820	958299	0.0	913
NC_017731.1	CP003488	98.276	522	8	1	958299	958820	3557320	3556800	0.0	913
NC_017731.1	CP003488	96.869	543	16	1	2136274	2136815	2126591	2127133	0.0	907
NC_017731.1	CP003488	96.869	543	16	1	2126591	2127133	2136274	2136815	0.0	907
NC_017731.1	CP003488	83.936	940	136	10	3841679	3842606	689950	690886	0.0	885
NC_017731.1	CP003488	83.936	940	136	10	689950	690886	3841679	3842606	0.0	885
NC_017731.1	CP003488	81.675	1015	153	28	4401113	4402109	4399615	4400614	0.0	813
NC_017731.1	CP003488	81.657	1014	155	26	4399615	4400614	4401113	4402109	0.0	813
NC_017731.1	CP003488	77.350	1404	283	28	769843	771227	761234	762621	0.0	798
NC_017731.1	CP003488	77.350	1404	283	30	761234	762621	769843	771227	0.0	798
NC_017731.1	CP003488	81.412	1006	154	19	3841638	3842614	2388018	2389019	0.0	791
NC_017731.1	CP003488	81.412	1006	154	19	2388018	2389019	3841638	3842614	0.0	791
NC_017731.1	CP003488	93.666	521	33	0	3801782	3802302	2948906	2949426	0.0	780
NC_017731.1	CP003488	93.666	521	33	0	2948906	2949426	3801782	3802302	0.0	780
NC_017731.1	CP003488	98.413	441	7	0	956419	956859	551268	551708	0.0	776
NC_017731.1	CP003488	98.413	441	7	0	551268	551708	956419	956859	0.0	776
NC_017731.1	CP003488	93.282	521	35	0	2948906	2949426	2399162	2399682	0.0	769
NC_017731.1	CP003488	93.282	521	35	0	2399162	2399682	2948906	2949426	0.0	769
NC_017731.1	CP003488	93.282	521	35	0	3130282	3130802	2948906	2949426	0.0	769
NC_017731.1	CP003488	93.282	521	35	0	2948906	2949426	3130282	3130802	0.0	769
NC_017731.1	CP003488	73.991	1957	469	35	3715164	3717100	2268221	2270157	0.0	758
NC_017731.1	CP003488	74.044	1961	461	42	2268221	2270157	3715164	3717100	0.0	758
NC_017731.1	CP003488	92.955	511	36	0	1155762	1156272	1152739	1153249	0.0	745
NC_017731.1	CP003488	92.955	511	36	0	1152739	1153249	1155762	1156272	0.0	745
NC_017731.1	CP003488	80.619	1001	163	16	3841638	3842610	3785491	3784494	0.0	745
NC_017731.1	CP003488	80.619	1001	163	16	3784494	3785491	3842610	3841638	0.0	745
NC_017731.1	CP003488	83.106	805	136	0	3841802	3842606	2712534	2713338	0.0	734
NC_017731.1	CP003488	83.106	805	136	0	2712534	2713338	3841802	3842606	0.0	734
NC_017731.1	CP003488	80.341	997	165	16	3841638	3842606	1157422	1158415	0.0	726
NC_017731.1	CP003488	80.341	997	165	16	1157422	1158415	3841638	3842606	0.0	726
NC_017731.1	CP003488	81.723	859	137	13	3110985	3111830	2028476	2027625	0.0	699
NC_017731.1	CP003488	96.882	417	13	0	3121347	3121763	2393136	2393552	0.0	699
NC_017731.1	CP003488	81.597	864	141	11	2027625	2028482	3111830	3110979	0.0	699
NC_017731.1	CP003488	81.597	864	141	11	3114158	3115015	3110979	3111830	0.0	699
NC_017731.1	CP003488	81.618	865	139	13	3110979	3111830	3114158	3115015	0.0	699
NC_017731.1	CP003488	96.882	417	13	0	2393136	2393552	3121347	3121763	0.0	699
NC_017731.1	CP003488	96.882	417	13	0	3124256	3124672	3121347	3121763	0.0	699
NC_017731.1	CP003488	96.882	417	13	0	3121347	3121763	3124256	3124672	0.0	699
NC_017731.1	CP003488	82.781	784	129	5	3939561	3940341	960455	959675	0.0	695
NC_017731.1	CP003488	82.803	785	127	7	959675	960455	3940341	3939561	0.0	695
NC_017731.1	CP003488	90.403	521	50	0	1152738	1153258	1149487	1150007	0.0	686
NC_017731.1	CP003488	90.403	521	50	0	1149487	1150007	1152738	1153258	0.0	686
NC_017731.1	CP003488	80.171	933	155	21	763266	764181	761878	762797	0.0	671
NC_017731.1	CP003488	80.214	935	151	24	761878	762797	763266	764181	0.0	671
NC_017731.1	CP003488	91.820	489	27	3	2029077	2029553	2026674	2027161	0.0	669
NC_017731.1	CP003488	91.820	489	27	3	2026674	2027161	2029077	2029553	0.0	669
NC_017731.1	CP003488	91.616	489	28	3	3113087	3113563	2027161	2026674	0.0	664
NC_017731.1	CP003488	89.319	543	39	12	3115479	3116017	2029553	2029026	0.0	664
NC_017731.1	CP003488	92.405	474	23	3	2026689	2027161	3113548	3113087	0.0	664
NC_017731.1	CP003488	89.319	543	39	12	2029026	2029553	3116017	3115479	0.0	664
NC_017731.1	CP003488	84.615	663	101	1	3114161	3114822	2026076	2025414	0.0	658
NC_017731.1	CP003488	84.615	663	101	1	2027818	2028479	2025414	2026076	0.0	658
NC_017731.1	CP003488	84.615	663	101	1	2025414	2026076	2027818	2028479	0.0	658
NC_017731.1	CP003488	89.134	543	40	12	3115479	3116017	3113087	3113614	0.0	658
NC_017731.1	CP003488	84.615	663	101	1	2025414	2026076	3114822	3114161	0.0	658
NC_017731.1	CP003488	89.134	543	40	12	3113087	3113614	3115479	3116017	0.0	658
NC_017731.1	CP003488	83.476	702	111	5	3116474	3117173	2026166	2025468	2.15e-180	649
NC_017731.1	CP003488	83.499	703	109	5	2025468	2026166	3117173	3116474	2.15e-180	649
NC_017731.1	CP003488	87.818	550	67	0	1155759	1156308	1149485	1150034	2.78e-179	645
NC_017731.1	CP003488	87.818	550	67	0	1149485	1150034	1155759	1156308	2.78e-179	645
NC_017731.1	CP003488	80.687	844	143	17	3116362	3117195	2028682	2027849	4.65e-177	638
NC_017731.1	CP003488	80.838	835	140	17	3116362	3117186	3113958	3114782	4.65e-177	638
NC_017731.1	CP003488	80.838	835	140	17	2027858	2028682	3117186	3116362	4.65e-177	638
NC_017731.1	CP003488	80.838	835	140	17	3113958	3114782	3116362	3117186	4.65e-177	638
NC_017731.1	CP003488	89.173	508	55	0	3589434	3589941	934885	934378	6.02e-176	634
NC_017731.1	CP003488	89.173	508	55	0	934378	934885	3589941	3589434	6.02e-176	634
NC_017731.1	CP003488	93.056	432	30	0	2913633	2914064	2913534	2913965	2.16e-175	632
NC_017731.1	CP003488	93.056	432	30	0	2913534	2913965	2913633	2914064	2.16e-175	632
NC_017731.1	CP003488	93.427	426	13	5	2030575	2030987	2026737	2027160	6.06e-171	617
NC_017731.1	CP003488	93.427	426	13	5	2026737	2027160	2030575	2030987	6.06e-171	617
NC_017731.1	CP003488	97.765	358	8	0	2817503	2817860	2798535	2798892	6.06e-171	617
NC_017731.1	CP003488	97.765	358	8	0	2798535	2798892	2817503	2817860	6.06e-171	617
NC_017731.1	CP003488	92.530	415	27	4	2030575	2030987	2029140	2029552	3.67e-163	592
NC_017731.1	CP003488	92.530	415	27	4	2029140	2029552	2030575	2030987	3.67e-163	592
NC_017731.1	CP003488	92.476	412	27	4	3113091	3113500	2030984	2030575	1.71e-161	586
NC_017731.1	CP003488	92.647	408	28	2	2030581	2030987	3113494	3113088	1.71e-161	586
NC_017731.1	CP003488	85.487	565	76	6	729014	729574	728016	728578	6.15e-161	584
NC_017731.1	CP003488	85.487	565	76	6	728016	728578	729014	729574	6.15e-161	584
NC_017731.1	CP003488	84.956	565	84	1	4033371	4033935	4032485	4033048	4.79e-157	571
NC_017731.1	CP003488	84.956	565	84	1	4032485	4033048	4033371	4033935	4.79e-157	571
NC_017731.1	CP003488	96.481	341	12	0	2866604	2866944	2841668	2842008	8.01e-155	564
NC_017731.1	CP003488	96.481	341	12	0	2841668	2842008	2866604	2866944	8.01e-155	564
NC_017731.1	CP003488	92.526	388	23	5	3786662	3787045	3783675	3784060	6.24e-151	551
NC_017731.1	CP003488	92.526	388	23	5	3783675	3784060	3786662	3787045	6.24e-151	551
NC_017731.1	CP003488	92.632	380	26	2	3793688	3794067	3786662	3787039	2.90e-149	545
NC_017731.1	CP003488	92.632	380	26	2	3786662	3787039	3793688	3794067	2.90e-149	545
NC_017731.1	CP003488	89.671	426	28	9	3115480	3115902	2030987	2030575	2.92e-144	529
NC_017731.1	CP003488	89.810	422	29	7	2030581	2030990	3115896	3115477	2.92e-144	529
NC_017731.1	CP003488	96.346	301	11	0	2841666	2841966	2815314	2815614	2.96e-134	496
NC_017731.1	CP003488	96.346	301	11	0	2815314	2815614	2841666	2841966	2.96e-134	496
NC_017731.1	CP003488	89.367	395	41	1	3793654	3794048	3790220	3790613	2.96e-134	496
NC_017731.1	CP003488	89.367	395	41	1	3790220	3790613	3793654	3794048	2.96e-134	496
NC_017731.1	CP003488	90.237	379	32	5	1618987	1619362	1618937	1619313	1.38e-132	490
NC_017731.1	CP003488	90.237	379	32	5	1618937	1619313	1618987	1619362	1.38e-132	490
NC_017731.1	CP003488	88.972	399	41	3	3790216	3790613	3786624	3787020	1.38e-132	490
NC_017731.1	CP003488	88.972	399	41	3	3786624	3787020	3790216	3790613	1.38e-132	490
NC_017731.1	CP003488	91.243	354	28	3	729543	729895	729142	729493	2.98e-129	479
NC_017731.1	CP003488	91.243	354	28	3	729142	729493	729543	729895	2.98e-129	479
NC_017731.1	CP003488	92.308	338	20	6	1619036	1619369	1618937	1619272	3.86e-128	475
NC_017731.1	CP003488	92.308	338	20	6	1618937	1619272	1619036	1619369	3.86e-128	475
NC_017731.1	CP003488	79.607	662	130	5	2685275	2685933	1276713	1277372	1.80e-126	470
NC_017731.1	CP003488	79.607	662	130	5	1276713	1277372	2685275	2685933	1.80e-126	470
NC_017731.1	CP003488	89.153	378	39	2	3791955	3792331	3783671	3784047	1.80e-126	470
NC_017731.1	CP003488	89.153	378	39	2	3783671	3784047	3791955	3792331	1.80e-126	470
NC_017731.1	CP003488	94.098	305	18	0	2866598	2866902	2815310	2815614	8.36e-125	464
NC_017731.1	CP003488	94.098	305	18	0	2815310	2815614	2866598	2866902	8.36e-125	464
NC_017731.1	CP003488	91.592	333	28	0	2913732	2914064	2913534	2913866	1.08e-123	460
NC_017731.1	CP003488	91.592	333	28	0	2913534	2913866	2913732	2914064	1.08e-123	460
NC_017731.1	CP003488	86.585	410	53	2	3791922	3792331	3786625	3787032	6.51e-121	451
NC_017731.1	CP003488	86.585	410	53	2	3786625	3787032	3791922	3792331	6.51e-121	451
NC_017731.1	CP003488	86.375	411	55	1	2869254	2869664	2685933	2685524	8.42e-120	448
NC_017731.1	CP003488	86.667	405	53	1	2685530	2685933	2869658	2869254	8.42e-120	448
NC_017731.1	CP003488	87.798	377	46	0	3793684	3794060	3791955	3792331	3.92e-118	442
NC_017731.1	CP003488	87.863	379	42	3	3791955	3792331	3793684	3794060	3.92e-118	442
NC_017731.1	CP003488	88.981	363	28	12	729543	729895	728640	729000	5.07e-117	438
NC_017731.1	CP003488	88.981	363	28	12	728640	729000	729543	729895	5.07e-117	438
NC_017731.1	CP003488	90.683	322	28	1	3675067	3675386	3662028	3662349	1.10e-113	427
NC_017731.1	CP003488	90.683	322	28	1	3662028	3662349	3675067	3675386	1.10e-113	427
NC_017731.1	CP003488	94.286	280	10	6	3305383	3305657	3304929	3305207	1.42e-112	424
NC_017731.1	CP003488	94.286	280	10	6	3304929	3305207	3305383	3305657	1.42e-112	424
NC_017731.1	CP003488	86.667	375	47	3	3790241	3790613	3783662	3784035	3.07e-109	412
NC_017731.1	CP003488	86.667	375	47	3	3783662	3784035	3790241	3790613	3.07e-109	412
NC_017731.1	CP003488	93.773	273	17	0	1152977	1153249	1150878	1151150	1.10e-108	411
NC_017731.1	CP003488	93.773	273	17	0	1150878	1151150	1152977	1153249	1.10e-108	411
NC_017731.1	CP003488	79.749	558	109	4	3842050	3842605	2784124	2784679	6.65e-106	401
NC_017731.1	CP003488	79.749	558	109	4	2784124	2784679	3842050	3842605	6.65e-106	401
NC_017731.1	CP003488	93.585	265	17	0	1150878	1151142	1149726	1149990	3.09e-104	396
NC_017731.1	CP003488	92.701	274	20	0	1156000	1156273	1150878	1151151	3.09e-104	396
NC_017731.1	CP003488	93.585	265	17	0	1149726	1149990	1150878	1151142	3.09e-104	396
NC_017731.1	CP003488	92.701	274	20	0	1150878	1151151	1156000	1156273	3.09e-104	396
NC_017731.1	CP003488	89.320	309	32	1	3791967	3792275	3790262	3790569	1.86e-101	387
NC_017731.1	CP003488	89.320	309	32	1	3790262	3790569	3791967	3792275	1.86e-101	387
NC_017731.1	CP003488	78.559	597	101	21	1620134	1620715	1619470	1620054	6.74e-96	368
NC_017731.1	CP003488	78.559	597	101	21	1619470	1620054	1620134	1620715	6.74e-96	368
NC_017731.1	CP003488	90.110	273	27	0	3325498	3325770	2856324	2856052	5.25e-92	355
NC_017731.1	CP003488	90.110	273	27	0	2856052	2856324	3325770	3325498	5.25e-92	355
NC_017731.1	CP003488	87.931	290	29	6	1619084	1619369	1618937	1619224	1.90e-86	337
NC_017731.1	CP003488	87.931	290	29	6	1618937	1619224	1619084	1619369	1.90e-86	337
NC_017731.1	CP003488	87.986	283	28	4	3448774	3449055	3447517	3447794	3.18e-84	329
NC_017731.1	CP003488	87.986	283	28	4	3447517	3447794	3448774	3449055	3.18e-84	329
NC_017731.1	CP003488	91.286	241	17	4	1620478	1620716	1619481	1619719	4.11e-83	326
NC_017731.1	CP003488	91.286	241	17	4	1619481	1619719	1620478	1620716	4.11e-83	326
NC_017731.1	CP003488	77.714	525	112	3	779130	779653	778836	779356	2.48e-80	316
NC_017731.1	CP003488	77.714	525	112	3	778836	779356	779130	779653	2.48e-80	316
NC_017731.1	CP003488	89.200	250	27	0	2388763	2389012	435314	435065	3.20e-79	313
NC_017731.1	CP003488	88.672	256	29	0	435065	435320	2389012	2388757	3.20e-79	313
NC_017731.1	CP003488	93.396	212	13	1	3826203	3826414	3825955	3826165	3.20e-79	313
NC_017731.1	CP003488	93.396	212	13	1	3825955	3826165	3826203	3826414	3.20e-79	313
NC_017731.1	CP003488	93.396	212	10	4	1684065	1684272	1681723	1681934	1.15e-78	311
NC_017731.1	CP003488	93.396	212	10	4	1681723	1681934	1684065	1684272	1.15e-78	311
NC_017731.1	CP003488	90.000	240	22	2	3788291	3788529	3786641	3786879	4.14e-78	309
NC_017731.1	CP003488	90.000	240	22	2	3786641	3786879	3788291	3788529	4.14e-78	309
NC_017731.1	CP003488	80.374	428	63	18	1620300	1620716	1619470	1619887	5.36e-77	305
NC_017731.1	CP003488	80.374	428	63	18	1619470	1619887	1620300	1620716	5.36e-77	305
NC_017731.1	CP003488	89.627	241	20	5	1619133	1619369	1618937	1619176	6.93e-76	302
NC_017731.1	CP003488	89.627	241	20	5	1618937	1619176	1619133	1619369	6.93e-76	302
NC_017731.1	CP003488	95.263	190	9	0	2842349	2842538	2819943	2820132	6.93e-76	302
NC_017731.1	CP003488	95.263	190	9	0	2819943	2820132	2842349	2842538	6.93e-76	302
NC_017731.1	CP003488	80.815	417	49	8	3450185	3450586	3447957	3448357	8.97e-75	298
NC_017731.1	CP003488	80.815	417	49	8	3447957	3448357	3450185	3450586	8.97e-75	298
NC_017731.1	CP003488	89.316	234	25	0	2913831	2914064	2913534	2913767	1.16e-73	294
NC_017731.1	CP003488	89.316	234	25	0	2913534	2913767	2913831	2914064	1.16e-73	294
NC_017731.1	CP003488	89.565	230	24	0	3793676	3793905	3788300	3788529	4.17e-73	292
NC_017731.1	CP003488	89.565	230	24	0	3788300	3788529	3793676	3793905	4.17e-73	292
NC_017731.1	CP003488	92.929	198	13	1	3555230	3555427	959576	959380	1.94e-71	287
NC_017731.1	CP003488	92.929	198	13	1	959380	959576	3555427	3555230	1.94e-71	287
NC_017731.1	CP003488	88.841	233	26	0	3792332	3792564	3784264	3784496	1.94e-71	287
NC_017731.1	CP003488	88.333	240	27	1	3790232	3790470	3788290	3788529	1.94e-71	287
NC_017731.1	CP003488	88.333	240	27	1	3788290	3788529	3790232	3790470	1.94e-71	287
NC_017731.1	CP003488	88.841	233	26	0	3784264	3784496	3792332	3792564	1.94e-71	287
NC_017731.1	CP003488	91.866	209	8	6	2552278	2552481	2552162	2552366	2.51e-70	283
NC_017731.1	CP003488	91.866	209	8	6	2552162	2552366	2552278	2552481	2.51e-70	283
NC_017731.1	CP003488	82.500	320	53	3	3792326	3792644	3782331	3782648	1.17e-68	278
NC_017731.1	CP003488	82.500	320	53	3	3782331	3782648	3792326	3792644	1.17e-68	278
NC_017731.1	CP003488	92.973	185	10	3	3111884	3112067	2026919	2026737	2.53e-65	267
NC_017731.1	CP003488	93.820	178	10	1	2026743	2026919	3112061	3111884	2.53e-65	267
NC_017731.1	CP003488	89.756	205	17	4	3111865	3112067	2029342	2029140	4.23e-63	259
NC_017731.1	CP003488	89.372	207	20	2	2029146	2029351	3112061	3111856	4.23e-63	259
NC_017731.1	CP003488	89.372	207	20	2	3113289	3113494	3111856	3112061	4.23e-63	259
NC_017731.1	CP003488	89.372	207	20	2	3111856	3112061	3113289	3113494	4.23e-63	259
NC_017731.1	CP003488	84.615	260	38	2	690633	690891	435318	435060	1.52e-62	257
NC_017731.1	CP003488	84.615	260	38	2	435060	435318	690891	690633	1.52e-62	257
NC_017731.1	CP003488	94.048	168	9	1	3115730	3115896	3111894	3112061	1.97e-61	254
NC_017731.1	CP003488	94.048	168	9	1	3111894	3112061	3115730	3115896	1.97e-61	254
NC_017731.1	CP003488	96.104	154	6	0	3840720	3840873	689701	689854	7.08e-61	252
NC_017731.1	CP003488	86.266	233	30	2	3784265	3784496	3782337	3782568	7.08e-61	252
NC_017731.1	CP003488	86.266	233	30	2	3782337	3782568	3784265	3784496	7.08e-61	252
NC_017731.1	CP003488	96.104	154	6	0	689701	689854	3840720	3840873	7.08e-61	252
NC_017731.1	CP003488	85.417	240	35	0	3791937	3792176	3788290	3788529	2.55e-60	250
NC_017731.1	CP003488	85.417	240	35	0	3788290	3788529	3791937	3792176	2.55e-60	250
NC_017731.1	CP003488	79.437	355	69	4	729543	729895	728145	728497	9.16e-60	248
NC_017731.1	CP003488	79.437	355	69	4	728145	728497	729543	729895	9.16e-60	248
NC_017731.1	CP003488	93.865	163	9	1	2123086	2123247	1157228	1157390	1.19e-58	244
NC_017731.1	CP003488	93.865	163	9	1	3785523	3785685	2123247	2123086	1.19e-58	244
NC_017731.1	CP003488	93.865	163	9	1	1157228	1157390	2123086	2123247	1.19e-58	244
NC_017731.1	CP003488	97.872	141	3	0	3754371	3754511	3751124	3751264	1.19e-58	244
NC_017731.1	CP003488	97.872	141	3	0	3751124	3751264	3754371	3754511	1.19e-58	244
NC_017731.1	CP003488	93.865	163	9	1	2123086	2123247	3785685	3785523	1.19e-58	244
NC_017731.1	CP003488	94.231	156	8	1	4400615	4400770	1	155	1.98e-56	237
NC_017731.1	CP003488	89.000	200	10	6	571791	571985	571680	571872	1.98e-56	237
NC_017731.1	CP003488	89.000	200	10	6	571680	571872	571791	571985	1.98e-56	237
NC_017731.1	CP003488	94.231	156	8	1	1	155	4400615	4400770	1.98e-56	237
NC_017731.1	CP003488	93.631	157	10	0	3840720	3840876	1157227	1157383	7.13e-56	235
NC_017731.1	CP003488	93.631	157	10	0	3840720	3840876	3785686	3785530	7.13e-56	235
NC_017731.1	CP003488	93.631	157	10	0	3785530	3785686	3840876	3840720	7.13e-56	235
NC_017731.1	CP003488	93.631	157	10	0	1157227	1157383	3840720	3840876	7.13e-56	235
NC_017731.1	CP003488	92.638	163	11	1	2123086	2123247	689702	689864	2.57e-55	233
NC_017731.1	CP003488	77.694	399	77	10	3416198	3416590	1383059	1382667	2.57e-55	233
NC_017731.1	CP003488	92.638	163	11	1	689702	689864	2123086	2123247	2.57e-55	233
NC_017731.1	CP003488	79.403	335	65	4	1382727	1383059	3416530	3416198	2.57e-55	233
NC_017731.1	CP003488	96.350	137	5	0	2783975	2784111	2387824	2387960	4.29e-53	226
NC_017731.1	CP003488	96.350	137	5	0	2387824	2387960	2783975	2784111	4.29e-53	226
NC_017731.1	CP003488	88.298	188	19	3	3174537	3174724	3174431	3174615	5.55e-52	222
NC_017731.1	CP003488	88.298	188	19	3	3174431	3174615	3174537	3174724	5.55e-52	222
NC_017731.1	CP003488	84.545	220	34	0	3792427	3792646	3790827	3791046	7.18e-51	219
NC_017731.1	CP003488	84.545	220	34	0	3790827	3791046	3792427	3792646	7.18e-51	219
NC_017731.1	CP003488	84.375	224	32	3	3788308	3788529	3783671	3783893	2.58e-50	217
NC_017731.1	CP003488	84.375	224	32	3	3783671	3783893	3788308	3788529	2.58e-50	217
NC_017731.1	CP003488	91.026	156	13	1	3840721	3840876	2123086	2123240	4.32e-48	209
NC_017731.1	CP003488	91.026	156	13	1	2123086	2123240	3840721	3840876	4.32e-48	209
NC_017731.1	CP003488	88.068	176	20	1	17819	17993	11559	11734	1.55e-47	207
NC_017731.1	CP003488	88.068	176	20	1	11559	11734	17819	17993	1.55e-47	207
NC_017731.1	CP003488	92.958	142	10	0	3840720	3840861	2387823	2387964	1.55e-47	207
NC_017731.1	CP003488	92.958	142	10	0	2387823	2387964	3840720	3840861	1.55e-47	207
NC_017731.1	CP003488	94.161	137	5	3	2939654	2939789	206	340	5.59e-47	206
NC_017731.1	CP003488	94.161	137	5	3	206	340	2939654	2939789	5.59e-47	206
NC_017731.1	CP003488	87.222	180	21	2	2784382	2784560	931937	931759	2.01e-46	204
NC_017731.1	CP003488	93.431	137	9	0	2783975	2784111	1157228	1157364	2.01e-46	204
NC_017731.1	CP003488	93.431	137	9	0	3785549	3785685	2784111	2783975	2.01e-46	204
NC_017731.1	CP003488	93.431	137	9	0	1157228	1157364	2783975	2784111	2.01e-46	204
NC_017731.1	CP003488	87.222	180	21	2	931759	931937	2784560	2784382	2.01e-46	204
NC_017731.1	CP003488	93.431	137	9	0	2783975	2784111	3785685	3785549	2.01e-46	204
NC_017731.1	CP003488	91.275	149	10	3	2783974	2784121	2123085	2123231	2.60e-45	200
NC_017731.1	CP003488	91.275	149	10	3	2123085	2123231	2783974	2784121	2.60e-45	200
NC_017731.1	CP003488	89.172	157	17	0	1876194	1876350	1123478	1123322	3.37e-44	196
NC_017731.1	CP003488	88.957	163	13	5	2439530	2439688	1621426	1621265	3.37e-44	196
NC_017731.1	CP003488	88.957	163	13	5	2439530	2439688	1809675	1809514	3.37e-44	196
NC_017731.1	CP003488	89.172	157	17	0	1123322	1123478	1876350	1876194	3.37e-44	196
NC_017731.1	CP003488	88.957	163	13	5	2439530	2439688	2182082	2181921	3.37e-44	196
NC_017731.1	CP003488	88.957	163	13	5	2181921	2182082	2439688	2439530	3.37e-44	196
NC_017731.1	CP003488	88.957	163	13	5	1809514	1809675	2439688	2439530	3.37e-44	196
NC_017731.1	CP003488	88.957	163	13	5	1621265	1621426	2439688	2439530	3.37e-44	196
NC_017731.1	CP003488	88.957	163	13	5	3235965	3236126	2439530	2439688	3.37e-44	196
NC_017731.1	CP003488	88.957	163	13	5	2439530	2439688	3235965	3236126	3.37e-44	196
NC_017731.1	CP003488	92.029	138	11	0	2783974	2784111	2712164	2712301	1.21e-43	195
NC_017731.1	CP003488	92.029	138	11	0	2712164	2712301	2783974	2784111	1.21e-43	195
NC_017731.1	CP003488	91.971	137	11	0	2783975	2784111	689702	689838	4.35e-43	193
NC_017731.1	CP003488	91.971	137	11	0	689702	689838	2783975	2784111	4.35e-43	193
NC_017731.1	CP003488	94.215	121	7	0	2439530	2439650	1192886	1192766	7.29e-41	185
NC_017731.1	CP003488	94.915	118	6	0	2439530	2439647	2439265	2439382	7.29e-41	185
NC_017731.1	CP003488	94.915	118	6	0	2439265	2439382	2439530	2439647	7.29e-41	185
NC_017731.1	CP003488	94.915	118	6	0	2476142	2476259	2439530	2439647	7.29e-41	185
NC_017731.1	CP003488	94.915	118	6	0	1192769	1192886	2439647	2439530	7.29e-41	185
NC_017731.1	CP003488	94.915	118	6	0	2439530	2439647	2476142	2476259	7.29e-41	185
NC_017731.1	CP003488	90.511	137	13	0	3840721	3840857	2783975	2784111	9.42e-40	182
NC_017731.1	CP003488	90.511	137	13	0	2783975	2784111	3840721	3840857	9.42e-40	182
NC_017731.1	CP003488	92.248	129	4	6	3363524	3363650	3363418	3363542	1.22e-38	178
NC_017731.1	CP003488	92.248	129	4	6	3363418	3363542	3363524	3363650	1.22e-38	178
NC_017731.1	CP003488	86.875	160	17	4	3555542	3555698	959146	958988	4.39e-38	176
NC_017731.1	CP003488	86.875	160	17	4	958988	959146	3555698	3555542	4.39e-38	176
NC_017731.1	CP003488	89.394	132	12	2	428009	428138	427856	427987	9.49e-35	165
NC_017731.1	CP003488	89.394	132	12	2	427856	427987	428009	428138	9.49e-35	165
NC_017731.1	CP003488	100.000	86	0	0	2443388	2443473	130649	130734	4.42e-33	159
NC_017731.1	CP003488	100.000	86	0	0	130649	130734	2443388	2443473	4.42e-33	159
NC_017731.1	CP003488	100.000	84	0	0	3363567	3363650	571639	571556	5.71e-32	156
NC_017731.1	CP003488	96.774	93	3	0	2513464	2513556	1578085	1578177	5.71e-32	156
NC_017731.1	CP003488	96.774	93	3	0	1578085	1578177	2513464	2513556	5.71e-32	156
NC_017731.1	CP003488	98.851	87	1	0	571556	571642	3363650	3363564	5.71e-32	156
NC_017731.1	CP003488	93.333	105	5	2	574155	574258	574041	574144	2.05e-31	154
NC_017731.1	CP003488	93.333	105	5	2	574041	574144	574155	574258	2.05e-31	154
NC_017731.1	CP003488	97.727	88	2	0	3539932	3540019	1677737	1677824	7.39e-31	152
NC_017731.1	CP003488	97.727	88	2	0	1677737	1677824	3539932	3540019	7.39e-31	152
NC_017731.1	CP003488	97.701	87	2	0	1578245	1578331	1578091	1578177	2.66e-30	150
NC_017731.1	CP003488	97.701	87	2	0	1578091	1578177	1578245	1578331	2.66e-30	150
NC_017731.1	CP003488	96.667	90	2	1	1388947	1389036	1192621	1192709	9.56e-30	148
NC_017731.1	CP003488	96.667	90	2	1	1192621	1192709	1388947	1389036	9.56e-30	148
NC_017731.1	CP003488	97.701	87	1	1	2552394	2552479	2552162	2552248	9.56e-30	148
NC_017731.1	CP003488	97.701	87	1	1	2552162	2552248	2552394	2552479	9.56e-30	148
NC_017731.1	CP003488	100.000	79	0	0	3363228	3363306	571636	571558	3.44e-29	147
NC_017731.1	CP003488	100.000	79	0	0	2435810	2435888	1196268	1196346	3.44e-29	147
NC_017731.1	CP003488	100.000	79	0	0	2472687	2472765	1196268	1196346	3.44e-29	147
NC_017731.1	CP003488	100.000	79	0	0	1624803	1624881	1196346	1196268	3.44e-29	147
NC_017731.1	CP003488	100.000	79	0	0	1196268	1196346	1624881	1624803	3.44e-29	147
NC_017731.1	CP003488	98.780	82	1	0	2513586	2513667	1917552	1917471	3.44e-29	147
NC_017731.1	CP003488	100.000	79	0	0	1196268	1196346	2435810	2435888	3.44e-29	147
NC_017731.1	CP003488	100.000	79	0	0	1196268	1196346	2472687	2472765	3.44e-29	147
NC_017731.1	CP003488	98.780	82	1	0	1917471	1917552	2513667	2513586	3.44e-29	147
NC_017731.1	CP003488	98.795	83	0	1	3924108	3924189	2552163	2552245	3.44e-29	147
NC_017731.1	CP003488	98.780	82	1	0	3924104	3924185	2552391	2552472	3.44e-29	147
NC_017731.1	CP003488	88.095	126	12	2	2702716	2702838	2684512	2684637	3.44e-29	147
NC_017731.1	CP003488	88.095	126	12	2	2684512	2684637	2702716	2702838	3.44e-29	147
NC_017731.1	CP003488	100.000	79	0	0	3305382	3305460	3305273	3305351	3.44e-29	147
NC_017731.1	CP003488	100.000	79	0	0	3305273	3305351	3305382	3305460	3.44e-29	147
NC_017731.1	CP003488	98.795	83	0	1	3363566	3363648	3363225	3363306	3.44e-29	147
NC_017731.1	CP003488	100.000	79	0	0	571558	571636	3363306	3363228	3.44e-29	147
NC_017731.1	CP003488	98.795	83	0	1	3363225	3363306	3363566	3363648	3.44e-29	147
NC_017731.1	CP003488	98.780	82	1	0	2552391	2552472	3924104	3924185	3.44e-29	147
NC_017731.1	CP003488	98.795	83	0	1	2552163	2552245	3924108	3924189	3.44e-29	147
NC_017731.1	CP003488	100.000	79	0	0	4083186	4083264	4083083	4083161	3.44e-29	147
NC_017731.1	CP003488	100.000	79	0	0	4083083	4083161	4083186	4083264	3.44e-29	147
NC_017731.1	CP003488	100.000	78	0	0	571908	571985	571685	571762	1.24e-28	145
NC_017731.1	CP003488	100.000	78	0	0	571685	571762	571908	571985	1.24e-28	145
NC_017731.1	CP003488	98.780	82	0	1	3924108	3924189	2552279	2552359	1.24e-28	145
NC_017731.1	CP003488	100.000	78	0	0	3305274	3305351	3304929	3305006	1.24e-28	145
NC_017731.1	CP003488	100.000	78	0	0	3304929	3305006	3305274	3305351	1.24e-28	145
NC_017731.1	CP003488	98.780	82	0	1	2552279	2552359	3924108	3924189	1.24e-28	145
NC_017731.1	CP003488	96.591	88	0	3	3363459	3363545	571638	571553	4.45e-28	143
NC_017731.1	CP003488	80.000	200	35	5	770488	770685	763266	763462	4.45e-28	143
NC_017731.1	CP003488	80.000	200	35	5	763266	763462	770488	770685	4.45e-28	143
NC_017731.1	CP003488	100.000	77	0	0	2476319	2476395	1389036	1388960	4.45e-28	143
NC_017731.1	CP003488	100.000	77	0	0	1388960	1389036	2476395	2476319	4.45e-28	143
NC_017731.1	CP003488	94.737	95	0	5	571553	571643	3363545	3363452	4.45e-28	143
NC_017731.1	CP003488	95.455	88	4	0	2513470	2513557	1578245	1578332	1.60e-27	141
NC_017731.1	CP003488	95.455	88	4	0	1578245	1578332	2513470	2513557	1.60e-27	141
NC_017731.1	CP003488	98.734	79	1	0	3174537	3174615	2611213	2611135	1.60e-27	141
NC_017731.1	CP003488	94.505	91	5	0	3840720	3840810	2702717	2702627	1.60e-27	141
NC_017731.1	CP003488	97.590	83	1	1	3174643	3174724	3174427	3174509	1.60e-27	141
NC_017731.1	CP003488	98.734	79	1	0	2611135	2611213	3174615	3174537	1.60e-27	141
NC_017731.1	CP003488	97.590	83	1	1	3174427	3174509	3174643	3174724	1.60e-27	141
NC_017731.1	CP003488	94.505	91	5	0	2702627	2702717	3840810	3840720	1.60e-27	141
NC_017731.1	CP003488	95.455	88	3	1	3174643	3174729	2611217	2611130	5.75e-27	139
NC_017731.1	CP003488	96.429	84	3	0	3174426	3174509	2611218	2611135	5.75e-27	139
NC_017731.1	CP003488	96.429	84	3	0	2611135	2611218	3174509	3174426	5.75e-27	139
NC_017731.1	CP003488	95.455	88	3	1	2611130	2611217	3174729	3174643	5.75e-27	139
NC_017731.1	CP003488	98.718	78	1	0	3751155	3751232	3749405	3749482	5.75e-27	139
NC_017731.1	CP003488	98.718	78	1	0	3754402	3754479	3749405	3749482	5.75e-27	139
NC_017731.1	CP003488	98.718	78	1	0	3749405	3749482	3751155	3751232	5.75e-27	139
NC_017731.1	CP003488	98.718	78	1	0	3749405	3749482	3754402	3754479	5.75e-27	139
NC_017731.1	CP003488	73.552	397	90	13	2398182	2398569	2035338	2035728	2.07e-26	137
NC_017731.1	CP003488	73.552	397	90	13	3129302	3129689	2035338	2035728	2.07e-26	137
NC_017731.1	CP003488	73.552	397	90	13	2035338	2035728	2398182	2398569	2.07e-26	137
NC_017731.1	CP003488	91.089	101	9	0	2682330	2682430	2682132	2682232	2.07e-26	137
NC_017731.1	CP003488	91.089	101	9	0	2682132	2682232	2682330	2682430	2.07e-26	137
NC_017731.1	CP003488	73.552	397	90	13	2035338	2035728	3129302	3129689	2.07e-26	137
NC_017731.1	CP003488	92.308	91	7	0	2702627	2702717	2387913	2387823	3.46e-24	130
NC_017731.1	CP003488	92.308	91	7	0	2712165	2712255	2702716	2702626	3.46e-24	130
NC_017731.1	CP003488	92.308	91	7	0	2387823	2387913	2702717	2702627	3.46e-24	130
NC_017731.1	CP003488	92.308	91	7	0	2702626	2702716	2712255	2712165	3.46e-24	130
NC_017731.1	CP003488	96.296	81	0	3	3363461	3363540	3363228	3363306	3.46e-24	130
NC_017731.1	CP003488	96.296	81	0	3	3363228	3363306	3363461	3363540	3.46e-24	130
NC_017731.1	CP003488	91.111	90	8	0	2783975	2784064	2702716	2702627	5.79e-22	122
NC_017731.1	CP003488	91.111	90	8	0	2702627	2702716	2784064	2783975	5.79e-22	122
NC_017731.1	CP003488	72.996	474	80	35	3839237	3839686	3839177	3839626	5.79e-22	122
NC_017731.1	CP003488	72.881	472	84	32	3839177	3839626	3839237	3839686	5.79e-22	122
NC_017731.1	CP003488	91.011	89	6	2	3660969	3661056	436974	436887	7.50e-21	119
NC_017731.1	CP003488	92.771	83	5	1	2185541	2185623	574132	574051	7.50e-21	119
NC_017731.1	CP003488	92.771	83	5	1	1813032	1813114	574132	574051	7.50e-21	119
NC_017731.1	CP003488	92.771	83	5	1	574051	574132	1813114	1813032	7.50e-21	119
NC_017731.1	CP003488	92.771	83	5	1	574051	574132	2185623	2185541	7.50e-21	119
NC_017731.1	CP003488	91.011	89	6	2	436887	436974	3661056	3660969	7.50e-21	119
NC_017731.1	CP003488	79.235	183	27	9	2093306	2093479	2093248	2093428	2.70e-20	117
NC_017731.1	CP003488	79.235	183	27	9	2093248	2093428	2093306	2093479	2.70e-20	117
NC_017731.1	CP003488	89.362	94	8	2	2443611	2443704	2439416	2439507	2.70e-20	117
NC_017731.1	CP003488	89.362	94	8	2	2439416	2439507	2443611	2443704	2.70e-20	117
NC_017731.1	CP003488	100.000	63	0	0	3794277	3794339	3792332	3792394	2.70e-20	117
NC_017731.1	CP003488	100.000	63	0	0	3792332	3792394	3794277	3794339	2.70e-20	117
NC_017731.1	CP003488	93.506	77	5	0	2185542	2185618	574245	574169	9.70e-20	115
NC_017731.1	CP003488	93.506	77	5	0	1813033	1813109	574245	574169	9.70e-20	115
NC_017731.1	CP003488	93.506	77	5	0	574169	574245	1813109	1813033	9.70e-20	115
NC_017731.1	CP003488	93.506	77	5	0	574169	574245	2185618	2185542	9.70e-20	115
NC_017731.1	CP003488	78.571	196	25	11	3571240	3571434	1281186	1281007	3.49e-19	113
NC_017731.1	CP003488	90.588	85	6	2	2443296	2443379	436881	436798	1.25e-18	111
NC_017731.1	CP003488	91.463	82	5	2	436801	436881	2443376	2443296	1.25e-18	111
NC_017731.1	CP003488	94.444	72	3	1	3580646	3580716	958887	958816	4.51e-18	110
NC_017731.1	CP003488	93.333	75	4	1	958816	958890	3580716	3580643	4.51e-18	110
NC_017731.1	CP003488	84.615	104	10	5	4200449	4200547	1219435	1219537	9.76e-15	99.0
NC_017731.1	CP003488	84.615	104	10	5	1219435	1219537	4200449	4200547	9.76e-15	99.0
NC_017731.1	CP003488	75.893	224	35	15	3839352	3839566	3839173	3839386	3.51e-14	97.1
NC_017731.1	CP003488	76.018	221	33	17	3963731	3963941	3839176	3839386	3.51e-14	97.1
NC_017731.1	CP003488	75.893	224	35	15	3839173	3839386	3839352	3839566	3.51e-14	97.1
NC_017731.1	CP003488	75.799	219	37	15	3839176	3839386	3963731	3963941	3.51e-14	97.1
NC_017731.1	CP003488	96.429	56	2	0	17931	17986	1555	1610	4.54e-13	93.5
NC_017731.1	CP003488	96.429	56	2	0	1555	1610	17931	17986	4.54e-13	93.5
NC_017731.1	CP003488	94.915	59	2	1	973285	973342	931970	932028	1.63e-12	91.6
NC_017731.1	CP003488	94.915	59	2	1	931970	932028	973285	973342	1.63e-12	91.6
NC_017731.1	CP003488	88.158	76	9	0	1219350	1219425	1219187	1219262	1.63e-12	91.6
NC_017731.1	CP003488	88.158	76	9	0	1219187	1219262	1219350	1219425	1.63e-12	91.6
NC_017731.1	CP003488	72.099	405	79	27	3839299	3839686	3839179	3839566	1.63e-12	91.6
NC_017731.1	CP003488	72.167	406	77	29	3839179	3839566	3839299	3839686	1.63e-12	91.6
NC_017731.1	CP003488	75.455	220	34	15	3839478	3839687	3839178	3839387	5.88e-12	89.8
NC_017731.1	CP003488	75.566	221	32	18	3963853	3964062	3839178	3839387	5.88e-12	89.8
NC_017731.1	CP003488	75.455	220	34	14	3839178	3839387	3839478	3839687	5.88e-12	89.8
NC_017731.1	CP003488	75.566	221	32	18	3839178	3839387	3963853	3964062	5.88e-12	89.8
NC_017731.1	CP003488	73.759	282	48	17	3963734	3964002	3839239	3839507	2.11e-11	87.9
NC_017731.1	CP003488	73.759	282	48	17	3839239	3839507	3963734	3964002	2.11e-11	87.9
NC_017731.1	CP003488	78.481	158	16	15	3963854	3964002	3963734	3963882	2.11e-11	87.9
NC_017731.1	CP003488	78.481	158	16	15	3963734	3963882	3963854	3964002	2.11e-11	87.9
NC_017731.1	CP003488	90.625	64	6	0	66889	66952	66556	66619	7.60e-11	86.1
NC_017731.1	CP003488	90.625	64	6	0	66556	66619	66889	66952	7.60e-11	86.1
NC_017731.1	CP003488	75.342	219	32	14	3963794	3964001	3839419	3839626	7.60e-11	86.1
NC_017731.1	CP003488	75.342	219	32	13	3839419	3839626	3963794	3964001	7.60e-11	86.1
NC_017731.1	CP003488	91.803	61	3	2	2387819	2387877	194528	194588	2.73e-10	84.2
NC_017731.1	CP003488	91.803	61	3	2	194528	194588	2387819	2387877	2.73e-10	84.2
NC_017731.1	CP003488	73.498	283	45	22	3839419	3839686	3839179	3839446	3.54e-09	80.5
NC_017731.1	CP003488	73.498	283	45	22	3839179	3839446	3839419	3839686	3.54e-09	80.5
NC_017731.1	CP003488	75.336	223	25	19	3963734	3963941	3839479	3839686	3.54e-09	80.5
NC_017731.1	CP003488	75.336	223	25	19	3839479	3839686	3963734	3963941	3.54e-09	80.5
NC_017731.1	CP003488	82.609	92	10	5	3839599	3839687	3839239	3839327	4.58e-08	76.8
NC_017731.1	CP003488	82.609	92	10	5	3839239	3839327	3839599	3839687	4.58e-08	76.8
NC_017731.1	CP003488	88.060	67	4	3	2142939	2143003	4110791	4110855	4.58e-08	76.8
NC_017731.1	CP003488	91.071	56	4	1	2712164	2712218	194533	194588	1.65e-07	75.0
NC_017731.1	CP003488	91.071	56	4	1	2783974	2784028	194533	194588	1.65e-07	75.0
NC_017731.1	CP003488	91.071	56	4	1	194533	194588	2712164	2712218	1.65e-07	75.0
NC_017731.1	CP003488	91.071	56	4	1	194533	194588	2783974	2784028	1.65e-07	75.0
NC_017731.1	CP003488	81.720	93	13	4	3963793	3963883	3839178	3839268	1.65e-07	75.0
NC_017731.1	CP003488	82.105	95	9	6	3839178	3839268	3963793	3963883	1.65e-07	75.0
NC_017731.1	CP003488	92.308	52	1	3	1157222	1157271	194528	194578	2.13e-06	71.3
NC_017731.1	CP003488	95.556	45	1	1	3785642	3785685	194578	194534	2.13e-06	71.3
NC_017731.1	CP003488	87.097	62	8	0	3785501	3785562	194635	194574	2.13e-06	71.3
NC_017731.1	CP003488	87.097	62	8	0	1157351	1157412	194574	194635	2.13e-06	71.3
NC_017731.1	CP003488	97.561	41	1	0	3556466	3556506	958905	958865	2.13e-06	71.3
NC_017731.1	CP003488	92.308	52	1	3	194528	194578	1157222	1157271	2.13e-06	71.3
NC_017731.1	CP003488	87.097	62	8	0	194574	194635	1157351	1157412	2.13e-06	71.3
NC_017731.1	CP003488	100.000	38	0	0	958868	958905	3556503	3556466	2.13e-06	71.3
NC_017731.1	CP003488	87.097	62	8	0	194574	194635	3785562	3785501	2.13e-06	71.3
NC_017731.1	CP003488	95.556	45	1	1	194534	194578	3785685	3785642	2.13e-06	71.3
NC_017731.1	CP003488	76.129	155	25	9	3963733	3963881	3839538	3839686	2.13e-06	71.3
NC_017731.1	CP003488	76.129	155	25	9	3839538	3839686	3963733	3963881	2.13e-06	71.3
NC_017731.1	CP003488	80.220	91	12	5	3963854	3963941	3839419	3839506	3.56e-04	63.9
NC_017731.1	CP003488	75.155	161	26	12	3852907	3853060	3852847	3853000	3.56e-04	63.9
NC_017731.1	CP003488	75.155	161	26	12	3852847	3853000	3852907	3853060	3.56e-04	63.9
NC_017731.1	CP003488	80.000	95	12	6	3963791	3963881	3963730	3963821	3.56e-04	63.9
NC_017731.1	CP003488	75.484	155	25	9	3963914	3964061	3963734	3963882	3.56e-04	63.9
NC_017731.1	CP003488	80.208	96	10	7	3963730	3963821	3963791	3963881	3.56e-04	63.9
NC_017731.1	CP003488	80.220	91	12	5	3839419	3839506	3963854	3963941	3.56e-04	63.9
NC_017731.1	CP003488	75.484	155	25	9	3963734	3963882	3963914	3964061	3.56e-04	63.9
NC_017731.1	CP003488	100.000	32	0	0	3963973	3964004	3839178	3839209	0.005	60.2
NC_017731.1	CP003488	79.570	93	11	6	3963914	3964002	3839179	3839267	0.005	60.2
NC_017731.1	CP003488	79.570	93	11	6	3839179	3839267	3963914	3964002	0.005	60.2
NC_017731.1	CP003488	100.000	32	0	0	3839178	3839209	3963973	3964004	0.005	60.2
NC_017731.1	CP003488	79.787	94	7	9	3957701	3957788	926810	926723	0.017	58.4
NC_017731.1	CP003488	97.059	34	1	0	3326342	3326375	1681728	1681695	0.017	58.4
NC_017731.1	CP003488	94.595	37	2	0	1681695	1681731	3326375	3326339	0.017	58.4
NC_017731.1	CP003488	97.059	34	1	0	3963914	3963947	3839299	3839332	0.017	58.4
NC_017731.1	CP003488	79.348	92	12	6	3963974	3964061	3839419	3839507	0.017	58.4
NC_017731.1	CP003488	79.570	93	9	7	3963734	3963821	3839419	3839506	0.017	58.4
NC_017731.1	CP003488	78.652	89	17	2	3963734	3963821	3839599	3839686	0.017	58.4
NC_017731.1	CP003488	79.348	92	11	6	3852971	3853058	3852851	3852938	0.017	58.4
NC_017731.1	CP003488	79.348	92	11	6	3852851	3852938	3852971	3853058	0.017	58.4
NC_017731.1	CP003488	79.348	92	11	6	926723	926810	3957788	3957701	0.017	58.4
NC_017731.1	CP003488	79.570	93	9	7	3839419	3839506	3963734	3963821	0.017	58.4
NC_017731.1	CP003488	78.652	89	17	2	3839599	3839686	3963734	3963821	0.017	58.4
NC_017731.1	CP003488	97.059	34	1	0	3839299	3839332	3963914	3963947	0.017	58.4
NC_017731.1	CP003488	79.348	92	12	6	3839419	3839507	3963974	3964061	0.017	58.4
NC_017731.1	CP003488	100.000	30	0	0	372251	372280	372280	372251	0.060	56.5
NC_017731.1	CP003488	100.000	29	0	0	926782	926810	926722	926750	0.21	54.7
NC_017731.1	CP003488	100.000	29	0	0	926722	926750	926782	926810	0.21	54.7
NC_017731.1	CP003488	100.000	29	0	0	3963914	3963942	3839599	3839627	0.21	54.7
NC_017731.1	CP003488	96.875	32	1	0	3963734	3963765	3839659	3839690	0.21	54.7
NC_017731.1	CP003488	100.000	29	0	0	3957701	3957729	3957641	3957669	0.21	54.7
NC_017731.1	CP003488	100.000	29	0	0	3957641	3957669	3957701	3957729	0.21	54.7
NC_017731.1	CP003488	96.875	32	1	0	3839659	3839690	3963734	3963765	0.21	54.7
NC_017731.1	CP003488	100.000	29	0	0	3963974	3964002	3963734	3963762	0.21	54.7
NC_017731.1	CP003488	78.495	93	13	5	3963974	3964062	3963914	3964003	0.21	54.7
NC_017731.1	CP003488	100.000	29	0	0	3839599	3839627	3963914	3963942	0.21	54.7
NC_017731.1	CP003488	78.495	93	13	5	3963914	3964003	3963974	3964062	0.21	54.7
NC_017731.1	CP003488	100.000	29	0	0	3963734	3963762	3963974	3964002	0.21	54.7
NC_017731.1	CP003488	100.000	28	0	0	665487	665514	665514	665487	0.77	52.8
NC_017731.1	CP003488	100.000	28	0	0	3957761	3957788	926810	926783	0.77	52.8
NC_017731.1	CP003488	100.000	28	0	0	1888750	1888777	1888777	1888750	0.77	52.8
NC_017731.1	CP003488	100.000	28	0	0	2867744	2867771	2867771	2867744	0.77	52.8
NC_017731.1	CP003488	100.000	28	0	0	3839599	3839626	3839179	3839206	0.77	52.8
NC_017731.1	CP003488	100.000	28	0	0	3839659	3839686	3839179	3839206	0.77	52.8
NC_017731.1	CP003488	100.000	28	0	0	3963734	3963761	3839299	3839326	0.77	52.8
NC_017731.1	CP003488	100.000	28	0	0	3963734	3963761	3839359	3839386	0.77	52.8
NC_017731.1	CP003488	100.000	28	0	0	3839599	3839626	3839419	3839446	0.77	52.8
NC_017731.1	CP003488	100.000	28	0	0	3839179	3839206	3839599	3839626	0.77	52.8
NC_017731.1	CP003488	100.000	28	0	0	3839419	3839446	3839599	3839626	0.77	52.8
NC_017731.1	CP003488	100.000	28	0	0	3839179	3839206	3839659	3839686	0.77	52.8
NC_017731.1	CP003488	100.000	28	0	0	3853031	3853058	3852851	3852878	0.77	52.8
NC_017731.1	CP003488	100.000	28	0	0	3852851	3852878	3853031	3853058	0.77	52.8
NC_017731.1	CP003488	100.000	28	0	0	926783	926810	3957788	3957761	0.77	52.8
NC_017731.1	CP003488	100.000	28	0	0	3839299	3839326	3963734	3963761	0.77	52.8
NC_017731.1	CP003488	100.000	28	0	0	3839359	3839386	3963734	3963761	0.77	52.8
NC_017731.1	CP003488	100.000	28	0	0	3963914	3963941	3963854	3963881	0.77	52.8
NC_017731.1	CP003488	100.000	28	0	0	3963854	3963881	3963914	3963941	0.77	52.8
