NZ_CP029736.1	CP003488	87.481	24124	2706	262	969286	993244	2446996	2470970	0.0	27529
NZ_CP029736.1	CP003488	82.758	25931	4156	264	729661	755433	2187521	2213294	0.0	22825
NZ_CP029736.1	CP003488	96.738	10210	304	16	1214763	1224947	3687154	3676949	0.0	16982
NZ_CP029736.1	CP003488	90.855	12324	1021	77	427240	439520	1837485	1849745	0.0	16417
NZ_CP029736.1	CP003488	82.230	17800	3026	116	1826866	1844598	3196817	3214546	0.0	15221
NZ_CP029736.1	CP003488	83.652	15672	2425	94	3238488	3254093	467120	482720	0.0	14621
NZ_CP029736.1	CP003488	91.603	9825	777	36	2449255	2459071	2825550	2835334	0.0	13529
NZ_CP029736.1	CP003488	79.100	18699	3677	178	3673416	3691965	795564	814180	0.0	12667
NZ_CP029736.1	CP003488	82.933	10066	1632	68	3131528	3141547	329455	339480	0.0	8992
NZ_CP029736.1	CP003488	84.276	8808	1307	60	1962501	1971282	3353847	3362602	0.0	8521
NZ_CP029736.1	CP003488	92.466	5893	441	3	2459286	2465177	2835751	2841641	0.0	8419
NZ_CP029736.1	CP003488	85.938	7417	999	29	3654961	3662356	776088	783481	0.0	7878
NZ_CP029736.1	CP003488	81.205	9311	1652	84	1002843	1012100	2481011	2490276	0.0	7409
NZ_CP029736.1	CP003488	91.143	5284	462	6	2443977	2449256	2820132	2825413	0.0	7160
NZ_CP029736.1	CP003488	85.849	6784	899	40	1133080	1139825	2611250	2618010	0.0	7153
NZ_CP029736.1	CP003488	85.833	6487	872	36	1955721	1962183	3346980	3353443	0.0	6844
NZ_CP029736.1	CP003488	79.725	9539	1818	89	2498501	2507972	4041411	4050900	0.0	6794
NZ_CP029736.1	CP003488	80.156	9116	1652	124	95774	104819	1504066	1513094	0.0	6667
NZ_CP029736.1	CP003488	90.998	4888	411	26	440041	444918	1850188	1855056	0.0	6562
NZ_CP029736.1	CP003488	77.974	10238	2057	155	404966	415123	1818681	1828800	0.0	6231
NZ_CP029736.1	CP003488	79.836	8411	1587	97	4151009	4159366	1242527	1250881	0.0	6035
NZ_CP029736.1	CP003488	83.436	6496	1025	45	784554	791021	2254954	2261426	0.0	5987
NZ_CP029736.1	CP003488	84.870	5975	841	40	17534	23479	1417694	1423634	0.0	5967
NZ_CP029736.1	CP003488	79.713	8350	1592	75	1286805	1295112	1615105	1606816	0.0	5941
NZ_CP029736.1	CP003488	85.906	5371	707	41	2490659	2496006	4033361	4038704	0.0	5679
NZ_CP029736.1	CP003488	94.245	3753	149	51	724061	727783	2181911	2185626	0.0	5672
NZ_CP029736.1	CP003488	78.484	8784	1794	81	2212944	2221674	3637858	3646598	0.0	5662
NZ_CP029736.1	CP003488	85.886	5321	703	26	1139950	1145259	2618011	2623294	0.0	5622
NZ_CP029736.1	CP003488	76.061	10911	2448	138	3037285	3048101	245956	256796	0.0	5528
NZ_CP029736.1	CP003488	94.441	3616	141	44	395726	399315	2181911	2185492	0.0	5509
NZ_CP029736.1	CP003488	94.441	3616	141	43	395726	399315	3236136	3232555	0.0	5509
NZ_CP029736.1	CP003488	94.358	3616	143	45	200125	203713	2181911	2185492	0.0	5491
NZ_CP029736.1	CP003488	94.358	3616	143	44	200125	203713	3236136	3232555	0.0	5491
NZ_CP029736.1	CP003488	94.277	3617	145	46	724061	727649	3236136	3232554	0.0	5476
NZ_CP029736.1	CP003488	78.894	8211	1601	100	1461601	1469763	2895315	2903441	0.0	5441
NZ_CP029736.1	CP003488	94.479	3568	134	47	995143	998682	2185492	2181960	0.0	5439
NZ_CP029736.1	CP003488	94.479	3568	134	46	995143	998682	3232555	3236087	0.0	5439
NZ_CP029736.1	CP003488	94.318	3573	140	48	959072	962616	2185492	2181955	0.0	5415
NZ_CP029736.1	CP003488	94.318	3573	140	47	959072	962616	3232555	3236092	0.0	5415
NZ_CP029736.1	CP003488	89.582	4262	438	5	3848108	3852366	927371	931629	0.0	5406
NZ_CP029736.1	CP003488	77.591	9148	1847	139	447593	456640	1857878	1866922	0.0	5349
NZ_CP029736.1	CP003488	78.866	8044	1578	93	225724	233726	1646551	1654513	0.0	5325
NZ_CP029736.1	CP003488	79.871	7283	1414	45	2181249	2188505	3614003	3621259	0.0	5280
NZ_CP029736.1	CP003488	81.040	6672	1213	45	1020368	1027012	2498480	2505126	0.0	5265
NZ_CP029736.1	CP003488	83.374	5726	909	34	795400	801099	2267230	2272938	0.0	5260
NZ_CP029736.1	CP003488	80.580	6967	1221	103	5331	12237	1405500	1412394	0.0	5249
NZ_CP029736.1	CP003488	84.099	5484	801	59	1086867	1092321	2566592	2572033	0.0	5230
NZ_CP029736.1	CP003488	83.071	5771	881	70	1079252	1084971	2557608	2563333	0.0	5156
NZ_CP029736.1	CP003488	82.930	5700	932	33	51912	57591	1436895	1442573	0.0	5097
NZ_CP029736.1	CP003488	77.099	9052	1891	131	2080780	2089758	3460148	3469090	0.0	5064
NZ_CP029736.1	CP003488	79.075	7436	1453	85	2116248	2123630	3497997	3505382	0.0	5016
NZ_CP029736.1	CP003488	80.801	6271	1116	61	3218009	3224251	446451	452661	0.0	4830
NZ_CP029736.1	CP003488	78.675	7334	1465	83	927468	934757	2406803	2414081	0.0	4787
NZ_CP029736.1	CP003488	96.243	2928	84	22	959996	962915	2436785	2439694	0.0	4774
NZ_CP029736.1	CP003488	96.223	2912	82	21	996068	998973	2473662	2476551	0.0	4743
NZ_CP029736.1	CP003488	84.651	4795	664	50	107540	112312	1514291	1519035	0.0	4711
NZ_CP029736.1	CP003488	77.673	7941	1611	138	2392571	2400424	3896801	3904666	0.0	4693
NZ_CP029736.1	CP003488	80.687	6053	1100	44	508666	514696	1930002	1936007	0.0	4638
NZ_CP029736.1	CP003488	81.330	5774	1001	66	4108072	4113799	1198123	1203865	0.0	4619
NZ_CP029736.1	CP003488	82.014	5471	940	39	3963802	3969249	1027603	1033052	0.0	4612
NZ_CP029736.1	CP003488	79.182	6821	1285	104	1853942	1860662	3223880	3230665	0.0	4604
NZ_CP029736.1	CP003488	81.116	5719	1009	64	89801	95484	1480154	1485836	0.0	4512
NZ_CP029736.1	CP003488	96.268	2760	76	20	996068	998822	1195366	1192629	0.0	4501
NZ_CP029736.1	CP003488	85.080	4457	615	42	2168455	2172881	3600937	3605373	0.0	4501
NZ_CP029736.1	CP003488	78.114	7201	1478	85	2916822	2923968	112880	120036	0.0	4477
NZ_CP029736.1	CP003488	78.617	6870	1381	69	217742	224557	1638692	1645527	0.0	4468
NZ_CP029736.1	CP003488	78.149	7089	1460	77	206582	213626	1627540	1634583	0.0	4427
NZ_CP029736.1	CP003488	78.444	6968	1361	120	1884644	1891535	3255291	3262193	0.0	4416
NZ_CP029736.1	CP003488	96.588	2667	72	14	395727	398390	1621256	1623906	0.0	4403
NZ_CP029736.1	CP003488	96.519	2672	74	14	395723	398391	1809501	1812156	0.0	4401
NZ_CP029736.1	CP003488	96.513	2667	74	14	200126	202789	1621256	1623906	0.0	4392
NZ_CP029736.1	CP003488	96.445	2672	76	14	200122	202790	1809501	1812156	0.0	4390
NZ_CP029736.1	CP003488	96.438	2667	74	17	724062	726723	1621256	1623906	0.0	4379
NZ_CP029736.1	CP003488	96.370	2672	76	17	724058	726724	1809501	1812156	0.0	4377
NZ_CP029736.1	CP003488	79.888	6046	1151	53	487996	494002	1909071	1915090	0.0	4368
NZ_CP029736.1	CP003488	96.648	2625	68	15	395769	398390	1192759	1195366	0.0	4342
NZ_CP029736.1	CP003488	96.548	2636	68	18	996068	998697	2436785	2439403	0.0	4342
NZ_CP029736.1	CP003488	96.613	2628	70	14	395766	398390	2439396	2436785	0.0	4342
NZ_CP029736.1	CP003488	96.648	2625	68	15	395769	398390	2476269	2473662	0.0	4342
NZ_CP029736.1	CP003488	96.643	2621	66	17	996067	998682	1812156	1809553	0.0	4333
NZ_CP029736.1	CP003488	96.571	2625	70	15	200168	202789	1192759	1195366	0.0	4331
NZ_CP029736.1	CP003488	96.641	2620	66	17	996068	998682	1623906	1621304	0.0	4331
NZ_CP029736.1	CP003488	96.537	2628	72	14	200165	202789	2439396	2436785	0.0	4331
NZ_CP029736.1	CP003488	96.571	2625	70	15	200168	202789	2476269	2473662	0.0	4331
NZ_CP029736.1	CP003488	96.535	2626	70	17	959995	962616	1812156	1809548	0.0	4325
NZ_CP029736.1	CP003488	96.533	2625	70	17	959996	962616	1195366	1192759	0.0	4324
NZ_CP029736.1	CP003488	96.533	2625	70	17	959996	962616	1623906	1621299	0.0	4324
NZ_CP029736.1	CP003488	96.533	2625	70	17	959996	962616	2473662	2476269	0.0	4324
NZ_CP029736.1	CP003488	96.495	2625	70	18	724104	726723	1192759	1195366	0.0	4318
NZ_CP029736.1	CP003488	96.461	2628	72	17	724101	726723	2439396	2436785	0.0	4318
NZ_CP029736.1	CP003488	96.495	2625	70	18	724104	726723	2476269	2473662	0.0	4318
NZ_CP029736.1	CP003488	94.775	2794	105	32	1860714	1863482	1814946	1812169	0.0	4313
NZ_CP029736.1	CP003488	94.776	2795	100	36	726846	729611	1812169	1814946	0.0	4311
NZ_CP029736.1	CP003488	82.499	4977	804	52	1127130	1132087	2605358	2610286	0.0	4303
NZ_CP029736.1	CP003488	94.631	2794	110	31	4105251	4108020	1812169	1814946	0.0	4292
NZ_CP029736.1	CP003488	80.822	5569	983	58	3476938	3482471	647965	653483	0.0	4289
NZ_CP029736.1	CP003488	95.521	2679	76	33	398511	401164	1623918	1626577	0.0	4242
NZ_CP029736.1	CP003488	95.521	2679	76	33	398511	401164	2436773	2434114	0.0	4242
NZ_CP029736.1	CP003488	95.521	2679	76	33	398511	401164	2473650	2470991	0.0	4242
NZ_CP029736.1	CP003488	95.483	2679	77	33	993294	995947	1626577	1623918	0.0	4237
NZ_CP029736.1	CP003488	95.483	2679	77	33	993294	995947	2434114	2436773	0.0	4237
NZ_CP029736.1	CP003488	95.483	2679	77	33	993294	995947	2470991	2473650	0.0	4237
NZ_CP029736.1	CP003488	95.409	2679	78	34	957223	959875	1626577	1623918	0.0	4224
NZ_CP029736.1	CP003488	95.409	2679	78	34	957223	959875	2434114	2436773	0.0	4224
NZ_CP029736.1	CP003488	95.409	2679	78	34	957223	959875	2470991	2473650	0.0	4224
NZ_CP029736.1	CP003488	87.728	3618	426	13	4120888	4124494	1210602	1214212	0.0	4205
NZ_CP029736.1	CP003488	95.252	2675	84	32	202910	205556	1623918	1626577	0.0	4196
NZ_CP029736.1	CP003488	95.252	2675	84	32	202910	205556	2436773	2434114	0.0	4196
NZ_CP029736.1	CP003488	95.252	2675	84	32	202910	205556	2473650	2470991	0.0	4196
NZ_CP029736.1	CP003488	78.274	6674	1328	109	3175744	3182358	369088	375698	0.0	4180
NZ_CP029736.1	CP003488	87.619	3586	438	6	1951892	1955475	3343349	3346930	0.0	4157
NZ_CP029736.1	CP003488	85.947	3921	514	15	1685791	1689707	3077431	3081318	0.0	4154
NZ_CP029736.1	CP003488	77.763	6867	1435	79	2266980	2273798	3736915	3743737	0.0	4137
NZ_CP029736.1	CP003488	75.710	8518	1909	138	1937929	1946379	3329474	3337898	0.0	4120
NZ_CP029736.1	CP003488	80.086	5584	1042	62	1012411	1017961	2490470	2496016	0.0	4087
NZ_CP029736.1	CP003488	78.785	6175	1222	70	3621185	3627312	732451	738584	0.0	4065
NZ_CP029736.1	CP003488	78.873	6068	1225	50	2369640	2375675	3877810	3883852	0.0	4050
NZ_CP029736.1	CP003488	78.128	6570	1292	122	1520096	1526581	2963510	2970018	0.0	4037
NZ_CP029736.1	CP003488	84.533	4112	590	32	791137	795239	2261473	2265547	0.0	4028
NZ_CP029736.1	CP003488	79.511	5725	1104	49	1709379	1715065	3101556	3107249	0.0	4010
NZ_CP029736.1	CP003488	82.257	4678	782	37	548608	553271	1965992	1970635	0.0	3997
NZ_CP029736.1	CP003488	82.412	4594	791	15	2248134	2252720	3715140	3719723	0.0	3991
NZ_CP029736.1	CP003488	80.178	5388	1019	36	3764650	3770018	902239	907596	0.0	3988
NZ_CP029736.1	CP003488	80.019	5340	1016	42	1538349	1543668	2985439	2990747	0.0	3903
NZ_CP029736.1	CP003488	81.092	4892	910	15	126553	131438	1523824	1528706	0.0	3895
NZ_CP029736.1	CP003488	79.056	5744	1145	48	2745326	2751042	4299197	4304909	0.0	3890
NZ_CP029736.1	CP003488	78.720	5921	1172	67	2623018	2628900	4180485	4186355	0.0	3873
NZ_CP029736.1	CP003488	80.823	4959	910	30	3699944	3704882	822038	826975	0.0	3851
NZ_CP029736.1	CP003488	75.876	7735	1697	141	579590	587252	1998052	2005689	0.0	3790
NZ_CP029736.1	CP003488	86.277	3476	450	23	2140521	2143981	3519839	3523302	0.0	3751
NZ_CP029736.1	CP003488	79.557	5322	1032	51	1558364	1563657	3011766	3017059	0.0	3749
NZ_CP029736.1	CP003488	78.517	5800	1168	64	1488330	1494097	2925512	2931265	0.0	3736
NZ_CP029736.1	CP003488	76.626	7012	1467	131	146571	153512	1544392	1551301	0.0	3711
NZ_CP029736.1	CP003488	81.090	4696	842	36	2513026	2517693	4062538	4067215	0.0	3711
NZ_CP029736.1	CP003488	85.328	3585	514	12	1457540	1461118	2891255	2894833	0.0	3696
NZ_CP029736.1	CP003488	84.735	3734	513	49	3843972	3847678	2794174	2797877	0.0	3685
NZ_CP029736.1	CP003488	82.142	4267	740	18	2727855	2732110	4283397	4287652	0.0	3639
NZ_CP029736.1	CP003488	79.302	5247	1038	36	1482502	1487730	2918848	2924064	0.0	3629
NZ_CP029736.1	CP003488	78.790	5469	1097	54	801661	807097	2273631	2279068	0.0	3615
NZ_CP029736.1	CP003488	75.589	7677	1676	152	1630172	1637745	3979835	3987416	0.0	3613
NZ_CP029736.1	CP003488	84.432	3655	554	14	4273819	4277469	1370411	1374054	0.0	3583
NZ_CP029736.1	CP003488	80.198	4853	899	41	1899624	1904460	3270262	3275068	0.0	3581
NZ_CP029736.1	CP003488	78.557	5545	1099	69	2523374	2528867	4072896	4078401	0.0	3570
NZ_CP029736.1	CP003488	80.640	4654	861	35	2991379	2996012	196085	200718	0.0	3567
NZ_CP029736.1	CP003488	81.887	4240	749	17	3754065	3758293	891844	896075	0.0	3557
NZ_CP029736.1	CP003488	77.969	5801	1191	71	2340476	2346234	3860194	3865949	0.0	3552
NZ_CP029736.1	CP003488	78.667	5447	1085	60	3189506	3194908	388646	394059	0.0	3550
NZ_CP029736.1	CP003488	86.921	3173	404	11	3979481	3982649	1036279	1039444	0.0	3550
NZ_CP029736.1	CP003488	80.701	4565	838	38	2100303	2104845	3482301	3486844	0.0	3509
NZ_CP029736.1	CP003488	77.699	5892	1196	86	2885830	2891675	86509	92328	0.0	3493
NZ_CP029736.1	CP003488	84.668	3535	485	49	3843972	3847479	1308432	1304928	0.0	3472
NZ_CP029736.1	CP003488	75.356	7381	1696	95	3406868	3414186	606480	613799	0.0	3439
NZ_CP029736.1	CP003488	95.302	2171	73	23	1864346	1866512	1194737	1192592	0.0	3417
NZ_CP029736.1	CP003488	77.768	5681	1169	76	2553166	2558805	4105223	4110850	0.0	3408
NZ_CP029736.1	CP003488	82.168	4004	657	40	3420632	3424614	621351	625318	0.0	3386
NZ_CP029736.1	CP003488	95.542	2131	70	19	1864346	1866473	2474291	2476399	0.0	3386
NZ_CP029736.1	CP003488	78.141	5380	1122	50	1027191	1032543	2505305	2510657	0.0	3371
NZ_CP029736.1	CP003488	81.762	4030	695	36	3382171	3386177	581923	585935	0.0	3334
NZ_CP029736.1	CP003488	77.895	5406	1116	59	857104	862469	2326117	2331483	0.0	3290
NZ_CP029736.1	CP003488	95.835	2041	60	21	4102354	4104388	1621256	1623277	0.0	3275
NZ_CP029736.1	CP003488	95.746	2045	62	21	4102350	4104388	1809501	1811526	0.0	3271
NZ_CP029736.1	CP003488	95.788	2042	61	21	4102353	4104388	2181911	2183933	0.0	3271
NZ_CP029736.1	CP003488	95.788	2042	61	21	4102353	4104388	3236136	3234114	0.0	3271
NZ_CP029736.1	CP003488	80.868	4192	769	26	3734830	3739003	864389	868565	0.0	3267
NZ_CP029736.1	CP003488	82.426	3784	608	48	159422	163169	1555877	1559639	0.0	3251
NZ_CP029736.1	CP003488	95.914	2007	61	17	1864346	1866348	2437414	2439403	0.0	3232
NZ_CP029736.1	CP003488	95.942	1996	61	16	1864346	1866338	1623277	1621299	0.0	3219
NZ_CP029736.1	CP003488	95.942	1996	61	16	1864346	1866338	1811526	1809548	0.0	3219
NZ_CP029736.1	CP003488	95.942	1996	61	16	1864346	1866338	2183933	2181955	0.0	3219
NZ_CP029736.1	CP003488	95.986	1993	60	16	1864346	1866335	3234114	3236089	0.0	3219
NZ_CP029736.1	CP003488	95.898	1999	56	22	4102396	4104388	1192759	1194737	0.0	3214
NZ_CP029736.1	CP003488	95.854	2002	58	21	4102393	4104388	2439396	2437414	0.0	3214
NZ_CP029736.1	CP003488	95.898	1999	56	22	4102396	4104388	2476269	2474291	0.0	3214
NZ_CP029736.1	CP003488	81.714	3932	625	57	673575	677461	2142758	2146640	0.0	3192
NZ_CP029736.1	CP003488	80.884	4117	715	59	496078	500165	1917437	1921510	0.0	3177
NZ_CP029736.1	CP003488	75.559	6616	1520	86	1103181	1109751	2584807	2591370	0.0	3169
NZ_CP029736.1	CP003488	77.656	5290	1109	53	4133648	4138902	1223241	1228492	0.0	3153
NZ_CP029736.1	CP003488	78.224	5010	1029	52	2668639	2673628	4222929	4227896	0.0	3151
NZ_CP029736.1	CP003488	77.173	5568	1161	91	2965467	2970975	158205	163721	0.0	3140
NZ_CP029736.1	CP003488	80.393	4177	778	37	2589294	2593448	4150917	4155074	0.0	3138
NZ_CP029736.1	CP003488	79.544	4517	833	74	2701846	2706309	4250092	4254570	0.0	3138
NZ_CP029736.1	CP003488	83.230	3399	558	11	3650450	3653843	772398	775789	0.0	3109
NZ_CP029736.1	CP003488	76.645	5776	1244	83	3758843	3764571	896479	902196	0.0	3096
NZ_CP029736.1	CP003488	83.646	3308	519	21	1172115	1175411	2673860	2677156	0.0	3092
NZ_CP029736.1	CP003488	76.006	6114	1381	74	1778587	1784655	3148666	3154738	0.0	3085
NZ_CP029736.1	CP003488	78.032	4930	1052	26	767646	772558	2234656	2239571	0.0	3075
NZ_CP029736.1	CP003488	77.539	5169	1094	53	2479803	2484943	4021163	4026292	0.0	3051
NZ_CP029736.1	CP003488	81.137	3870	666	47	3263566	3267401	491643	495482	0.0	3044
NZ_CP029736.1	CP003488	77.572	5172	1047	96	2981386	2986493	174034	179156	0.0	3020
NZ_CP029736.1	CP003488	97.336	1764	38	8	1860714	1862473	2187500	2185742	0.0	2988
NZ_CP029736.1	CP003488	97.336	1764	38	8	1860714	1862473	3230686	3232444	0.0	2988
NZ_CP029736.1	CP003488	97.279	1764	40	7	727851	729611	2185742	2187500	0.0	2985
NZ_CP029736.1	CP003488	97.279	1764	40	7	727851	729611	3232444	3230686	0.0	2985
NZ_CP029736.1	CP003488	78.252	4713	977	44	869716	874405	2338593	2343280	0.0	2981
NZ_CP029736.1	CP003488	97.222	1764	41	7	4106260	4108020	2185742	2187500	0.0	2979
NZ_CP029736.1	CP003488	97.222	1764	41	7	4106260	4108020	3232444	3230686	0.0	2979
NZ_CP029736.1	CP003488	83.400	3235	514	21	4130427	4133648	1219891	1223115	0.0	2977
NZ_CP029736.1	CP003488	78.185	4694	984	37	309523	314197	1731950	1736622	0.0	2959
NZ_CP029736.1	CP003488	79.592	4214	791	45	940271	944441	2416228	2420415	0.0	2953
NZ_CP029736.1	CP003488	84.165	3107	429	51	3842248	3845324	2953526	2950453	0.0	2953
NZ_CP029736.1	CP003488	79.661	4125	799	33	3466043	3470147	637547	641651	0.0	2933
NZ_CP029736.1	CP003488	87.008	2594	337	0	2487680	2490273	4030455	4033048	0.0	2924
NZ_CP029736.1	CP003488	84.303	2975	451	15	1436425	1439391	2873179	2876145	0.0	2892
NZ_CP029736.1	CP003488	79.279	4136	829	26	234616	238738	1655271	1659391	0.0	2865
NZ_CP029736.1	CP003488	85.678	2730	367	22	1439727	1442445	2876553	2879269	0.0	2854
NZ_CP029736.1	CP003488	98.391	1616	21	4	399552	401164	1196489	1198102	0.0	2835
NZ_CP029736.1	CP003488	98.391	1616	21	4	957223	958835	1198102	1196489	0.0	2835
NZ_CP029736.1	CP003488	98.450	1613	19	5	399555	401164	1813337	1814946	0.0	2835
NZ_CP029736.1	CP003488	98.450	1613	19	5	957223	958832	1814946	1813337	0.0	2835
NZ_CP029736.1	CP003488	98.450	1613	19	5	399555	401164	2185891	2187500	0.0	2835
NZ_CP029736.1	CP003488	98.450	1613	19	5	957223	958832	2187500	2185891	0.0	2835
NZ_CP029736.1	CP003488	98.450	1613	19	5	957223	958832	3230686	3232295	0.0	2835
NZ_CP029736.1	CP003488	98.450	1613	19	5	399555	401164	3232295	3230686	0.0	2835
NZ_CP029736.1	CP003488	98.274	1622	20	7	1860714	1862330	1198102	1196484	0.0	2833
NZ_CP029736.1	CP003488	98.332	1619	19	6	1860714	1862326	1626577	1624961	0.0	2833
NZ_CP029736.1	CP003488	98.449	1612	19	5	1860714	1862321	2434114	2435723	0.0	2833
NZ_CP029736.1	CP003488	98.449	1612	19	5	1860714	1862321	2470991	2472600	0.0	2833
NZ_CP029736.1	CP003488	98.329	1616	22	4	993294	994906	1198102	1196489	0.0	2830
NZ_CP029736.1	CP003488	98.388	1613	20	5	993294	994903	1814946	1813337	0.0	2830
NZ_CP029736.1	CP003488	98.388	1613	20	5	993294	994903	2187500	2185891	0.0	2830
NZ_CP029736.1	CP003488	98.388	1613	20	5	993294	994903	3230686	3232295	0.0	2830
NZ_CP029736.1	CP003488	98.212	1622	22	6	727994	729611	1196484	1198102	0.0	2828
NZ_CP029736.1	CP003488	98.271	1619	21	5	727998	729611	1624961	1626577	0.0	2828
NZ_CP029736.1	CP003488	98.387	1612	21	4	728003	729611	2435723	2434114	0.0	2828
NZ_CP029736.1	CP003488	98.387	1612	21	4	728003	729611	2472600	2470991	0.0	2828
NZ_CP029736.1	CP003488	98.150	1622	23	6	4106403	4108020	1196484	1198102	0.0	2822
NZ_CP029736.1	CP003488	77.721	4722	976	66	869713	874400	1282555	1287234	0.0	2822
NZ_CP029736.1	CP003488	98.209	1619	22	5	4106407	4108020	1624961	1626577	0.0	2822
NZ_CP029736.1	CP003488	98.325	1612	22	4	4106412	4108020	2435723	2434114	0.0	2822
NZ_CP029736.1	CP003488	98.325	1612	22	4	4106412	4108020	2472600	2470991	0.0	2822
NZ_CP029736.1	CP003488	98.205	1616	24	4	203944	205556	1196489	1198102	0.0	2819
NZ_CP029736.1	CP003488	98.264	1613	22	5	203947	205556	1813337	1814946	0.0	2819
NZ_CP029736.1	CP003488	98.264	1613	22	5	203947	205556	2185891	2187500	0.0	2819
NZ_CP029736.1	CP003488	98.264	1613	22	5	203947	205556	3232295	3230686	0.0	2819
NZ_CP029736.1	CP003488	76.646	5271	1111	93	2518046	2523244	4067585	4072807	0.0	2804
NZ_CP029736.1	CP003488	79.937	3823	733	30	3496647	3500454	667009	670812	0.0	2780
NZ_CP029736.1	CP003488	75.670	5746	1303	70	3586483	3592186	4059798	4054106	0.0	2778
NZ_CP029736.1	CP003488	78.435	4382	854	70	842664	847011	2308994	2313318	0.0	2772
NZ_CP029736.1	CP003488	76.519	5200	1137	69	3288405	3293572	518783	523930	0.0	2761
NZ_CP029736.1	CP003488	78.090	4450	899	65	3917106	3921520	985338	989746	0.0	2747
NZ_CP029736.1	CP003488	80.571	3572	676	18	3743005	3746567	875103	878665	0.0	2736
NZ_CP029736.1	CP003488	75.824	5551	1247	84	1696387	1701894	3088032	3093530	0.0	2728
NZ_CP029736.1	CP003488	92.688	1901	123	12	966272	968163	2443117	2445010	0.0	2726
NZ_CP029736.1	CP003488	78.730	4142	795	70	526123	530226	1953003	1957096	0.0	2689
NZ_CP029736.1	CP003488	78.251	4299	841	77	2537760	2542021	4088672	4092913	0.0	2673
NZ_CP029736.1	CP003488	78.245	4206	874	39	4139831	4144016	1229238	1233422	0.0	2660
NZ_CP029736.1	CP003488	85.501	2545	343	25	1511894	1514426	2954695	2957225	0.0	2632
NZ_CP029736.1	CP003488	80.038	3662	641	80	1119486	1123102	2597644	2601260	0.0	2630
NZ_CP029736.1	CP003488	78.090	4240	866	45	1868485	1872688	3238146	3242358	0.0	2625
NZ_CP029736.1	CP003488	81.713	3188	546	21	2662734	2665904	4216428	4219595	0.0	2623
NZ_CP029736.1	CP003488	80.432	3470	645	30	188092	191546	1599005	1602455	0.0	2615
NZ_CP029736.1	CP003488	76.990	4711	987	78	3770665	3775331	908200	912857	0.0	2604
NZ_CP029736.1	CP003488	81.487	3187	575	12	1904593	1907772	3276389	3279567	0.0	2603
NZ_CP029736.1	CP003488	80.517	3403	634	24	1768353	1771743	3138604	3141989	0.0	2584
NZ_CP029736.1	CP003488	80.962	3304	590	30	3017410	3020700	225235	228512	0.0	2580
NZ_CP029736.1	CP003488	83.993	2705	413	18	3215163	3217854	443659	446356	0.0	2579
NZ_CP029736.1	CP003488	82.008	3068	521	28	716433	719483	2176024	2179077	0.0	2579
NZ_CP029736.1	CP003488	79.841	3646	644	72	401214	404816	1814967	1818564	0.0	2577
NZ_CP029736.1	CP003488	79.327	3715	716	37	361358	365043	1780236	1783927	0.0	2558
NZ_CP029736.1	CP003488	79.253	3721	724	40	689763	693458	2159045	2162742	0.0	2551
NZ_CP029736.1	CP003488	81.164	3180	575	23	2071211	2074377	3452727	3455895	0.0	2532
NZ_CP029736.1	CP003488	81.887	3042	510	33	865234	868261	2334222	2337236	0.0	2527
NZ_CP029736.1	CP003488	75.499	5416	1189	110	851594	856933	2320625	2325978	0.0	2523
NZ_CP029736.1	CP003488	80.104	3473	622	52	1516486	1519921	2959880	2963320	0.0	2521
NZ_CP029736.1	CP003488	80.453	3310	627	18	2317661	2320961	3822565	3825863	0.0	2510
NZ_CP029736.1	CP003488	77.783	4159	862	54	2292500	2296627	3763743	3767870	0.0	2505
NZ_CP029736.1	CP003488	77.057	4411	959	45	1763837	1768220	3134144	3138528	0.0	2490
NZ_CP029736.1	CP003488	79.146	3630	730	24	1062289	1065907	2539611	2543224	0.0	2484
NZ_CP029736.1	CP003488	78.577	3795	789	24	3387670	3391452	587430	591212	0.0	2483
NZ_CP029736.1	CP003488	75.874	5032	1104	88	3164847	3169825	358438	363412	0.0	2466
NZ_CP029736.1	CP003488	81.653	2976	527	17	646438	649403	2122901	2119935	0.0	2453
NZ_CP029736.1	CP003488	79.336	3552	685	33	2060362	2063883	3434963	3438495	0.0	2447
NZ_CP029736.1	CP003488	75.958	4879	1101	62	1386525	1391361	2763468	2768316	0.0	2446
NZ_CP029736.1	CP003488	81.745	2969	502	22	1393781	1396740	2770611	2773548	0.0	2444
NZ_CP029736.1	CP003488	80.501	3236	590	24	3096652	3099871	286229	289439	0.0	2442
NZ_CP029736.1	CP003488	80.650	3168	575	26	4231145	4234300	1329363	1332504	0.0	2420
NZ_CP029736.1	CP003488	81.060	3057	557	19	1918795	1921844	3289319	3292360	0.0	2418
NZ_CP029736.1	CP003488	79.182	3521	705	24	3029629	3033134	238272	241779	0.0	2416
NZ_CP029736.1	CP003488	82.269	2803	489	6	3952626	3955424	1015256	1018054	0.0	2416
NZ_CP029736.1	CP003488	92.660	1703	83	32	1862545	1864224	2185626	2183943	0.0	2414
NZ_CP029736.1	CP003488	77.568	4088	840	59	4080153	4084206	1164707	1168751	0.0	2398
NZ_CP029736.1	CP003488	85.579	2316	303	16	522672	524973	1949711	1952009	0.0	2398
NZ_CP029736.1	CP003488	78.533	3694	753	34	213989	217661	1634926	1638600	0.0	2392
NZ_CP029736.1	CP003488	92.421	1702	88	31	4104510	4106188	2183943	2185626	0.0	2390
NZ_CP029736.1	CP003488	78.205	3799	785	41	2307987	2311769	3813467	3817238	0.0	2388
NZ_CP029736.1	CP003488	80.945	3049	536	39	1503587	1506610	2936546	2939574	0.0	2370
NZ_CP029736.1	CP003488	79.800	3307	623	31	664504	667803	2123865	2127133	0.0	2364
NZ_CP029736.1	CP003488	81.850	2821	493	9	3397552	3400361	597116	599928	0.0	2355
NZ_CP029736.1	CP003488	80.558	3117	557	30	2416379	2419471	3921285	3924376	0.0	2353
NZ_CP029736.1	CP003488	78.497	3660	735	39	1875005	1878633	3245633	3249271	0.0	2351
NZ_CP029736.1	CP003488	79.889	3232	625	17	602930	606149	2073177	2076395	0.0	2344
NZ_CP029736.1	CP003488	79.198	3418	668	37	2546819	2550215	4097985	4101380	0.0	2333
NZ_CP029736.1	CP003488	88.613	1932	194	21	1824847	1826761	3194839	3196761	0.0	2326
NZ_CP029736.1	CP003488	82.254	2688	463	9	944472	947152	2420480	2423160	0.0	2309
NZ_CP029736.1	CP003488	83.581	2491	378	24	2619930	2622399	4177433	4179913	0.0	2305
NZ_CP029736.1	CP003488	73.979	5972	1413	111	818633	824523	2282903	2288814	0.0	2289
NZ_CP029736.1	CP003488	79.486	3266	637	29	1055485	1058732	2533000	2536250	0.0	2289
NZ_CP029736.1	CP003488	74.867	5260	1206	102	3229663	3234863	458224	463426	0.0	2283
NZ_CP029736.1	CP003488	76.265	4445	955	89	2736554	2740948	4290468	4294862	0.0	2272
NZ_CP029736.1	CP003488	78.326	3548	741	26	1320862	1324397	2735249	2738780	0.0	2266
NZ_CP029736.1	CP003488	79.674	3188	609	32	954013	957173	2430918	2434093	0.0	2261
NZ_CP029736.1	CP003488	78.174	3647	715	67	847928	851534	2314229	2317834	0.0	2250
NZ_CP029736.1	CP003488	78.284	3532	735	27	2936935	2940450	133041	136556	0.0	2244
NZ_CP029736.1	CP003488	78.039	3611	750	36	2286736	2290318	3756596	3760191	0.0	2235
NZ_CP029736.1	CP003488	74.422	5493	1266	122	2895025	2900447	95365	100788	0.0	2231
NZ_CP029736.1	CP003488	82.161	2629	435	23	1572270	1574888	3025677	3028281	0.0	2226
NZ_CP029736.1	CP003488	81.866	2647	474	6	2925669	2928312	121850	124493	0.0	2224
NZ_CP029736.1	CP003488	80.040	3021	584	14	915253	918262	2378502	2381514	0.0	2220
NZ_CP029736.1	CP003488	80.222	2978	570	18	1772788	1775756	3142876	3145843	0.0	2218
NZ_CP029736.1	CP003488	92.597	1567	79	27	1862679	1864224	3232554	3234104	0.0	2217
NZ_CP029736.1	CP003488	80.383	2926	561	11	253700	256618	1678455	1681374	0.0	2211
NZ_CP029736.1	CP003488	76.800	4069	862	64	3021975	3026008	230421	234442	0.0	2209
NZ_CP029736.1	CP003488	80.580	2966	489	52	920224	923147	2383512	2386432	0.0	2206
NZ_CP029736.1	CP003488	81.487	2690	490	7	1895753	1898438	3266338	3269023	0.0	2202
NZ_CP029736.1	CP003488	92.337	1566	84	26	4104510	4106054	3234104	3232554	0.0	2194
NZ_CP029736.1	CP003488	76.968	3925	855	45	2721957	2725856	4272143	4276043	0.0	2194
NZ_CP029736.1	CP003488	81.965	2595	454	13	1477846	1480434	2914139	2916725	0.0	2187
NZ_CP029736.1	CP003488	84.349	2249	327	24	2944690	2946924	140790	143027	0.0	2180
NZ_CP029736.1	CP003488	75.871	4451	957	93	295109	299504	1701022	1705410	0.0	2161
NZ_CP029736.1	CP003488	75.842	4363	977	60	1067347	1071661	2545651	2549984	0.0	2146
NZ_CP029736.1	CP003488	78.646	3353	631	61	1543915	1547229	2990994	2994299	0.0	2146
NZ_CP029736.1	CP003488	77.517	3665	738	78	2851369	2854989	54648	58270	0.0	2124
NZ_CP029736.1	CP003488	83.240	2327	364	22	4243305	4245614	1353826	1356143	0.0	2113
NZ_CP029736.1	CP003488	80.970	2701	482	23	1124435	1127111	2602577	2605269	0.0	2111
NZ_CP029736.1	CP003488	78.407	3302	655	42	238785	242058	1659400	1662671	0.0	2095
NZ_CP029736.1	CP003488	78.192	3329	682	32	1926381	1929684	3306024	3309333	0.0	2085
NZ_CP029736.1	CP003488	79.043	3073	603	30	2313279	2316333	3818684	3821733	0.0	2069
NZ_CP029736.1	CP003488	83.304	2252	366	9	891810	894055	2354925	2357172	0.0	2067
NZ_CP029736.1	CP003488	78.130	3315	663	54	3001690	3004974	206430	209712	0.0	2049
NZ_CP029736.1	CP003488	78.330	3258	644	46	514727	517962	1936653	1939870	0.0	2049
NZ_CP029736.1	CP003488	80.000	2795	535	22	593517	596299	2018224	2021006	0.0	2043
NZ_CP029736.1	CP003488	77.808	3330	714	17	4074314	4077632	1158913	1162228	0.0	2032
NZ_CP029736.1	CP003488	78.099	3283	663	48	265056	268308	1692139	1695395	0.0	2028
NZ_CP029736.1	CP003488	82.913	2259	368	14	3712939	3715189	835387	837635	0.0	2017
NZ_CP029736.1	CP003488	76.360	3841	845	55	3637173	3640989	747098	750899	0.0	2004
NZ_CP029736.1	CP003488	79.462	2824	564	14	3984167	3986979	1041132	1043950	0.0	1988
NZ_CP029736.1	CP003488	79.819	2755	523	29	3417309	3420047	618013	620750	0.0	1977
NZ_CP029736.1	CP003488	77.403	3381	716	40	1819925	1823288	3189822	3193171	0.0	1967
NZ_CP029736.1	CP003488	77.918	3256	651	49	2303750	2306982	3809244	3812454	0.0	1967
NZ_CP029736.1	CP003488	78.798	2962	601	24	1528491	1531437	2971931	2974880	0.0	1965
NZ_CP029736.1	CP003488	80.440	2638	461	42	686209	688826	2155450	2158052	0.0	1962
NZ_CP029736.1	CP003488	79.346	2905	506	69	2225837	2228702	3650947	3653796	0.0	1954
NZ_CP029736.1	CP003488	77.768	3270	648	65	3938160	3941402	1007820	1011037	0.0	1938
NZ_CP029736.1	CP003488	76.580	3608	794	41	4001193	4004779	1059038	1062615	0.0	1934
NZ_CP029736.1	CP003488	76.316	3762	808	68	1880471	1884197	3251132	3254845	0.0	1934
NZ_CP029736.1	CP003488	80.076	2630	494	28	3437615	3440229	625588	628202	0.0	1927
NZ_CP029736.1	CP003488	74.883	4479	1004	93	4084423	4088850	1169201	1173609	0.0	1927
NZ_CP029736.1	CP003488	76.192	3734	835	47	3923322	3927028	991446	995152	0.0	1921
NZ_CP029736.1	CP003488	79.110	2877	530	63	4023476	4026325	1096299	1099131	0.0	1917
NZ_CP029736.1	CP003488	80.873	2473	440	33	837432	839886	2303287	2305744	0.0	1916
NZ_CP029736.1	CP003488	76.106	3775	835	57	2465705	2469440	4003704	4007450	0.0	1912
NZ_CP029736.1	CP003488	80.502	2508	473	13	4159628	4162127	1251102	1253601	0.0	1908
NZ_CP029736.1	CP003488	79.195	2783	554	22	1041466	1044236	2519515	2522284	0.0	1908
NZ_CP029736.1	CP003488	86.967	1734	180	25	1182682	1184404	2684086	2685784	0.0	1908
NZ_CP029736.1	CP003488	78.656	2947	573	39	3298771	3301687	528915	531835	0.0	1906
NZ_CP029736.1	CP003488	81.342	2369	403	29	1442797	1445144	2879841	2882191	0.0	1890
NZ_CP029736.1	CP003488	77.889	3098	642	43	2175019	2178095	3607749	3610824	0.0	1886
NZ_CP029736.1	CP003488	78.498	2902	605	16	3631798	3634689	742083	744975	0.0	1884
NZ_CP029736.1	CP003488	83.164	2073	336	12	4277545	4279610	1374126	1376192	0.0	1882
NZ_CP029736.1	CP003488	80.868	2420	438	20	3693493	3695897	815788	818197	0.0	1881
NZ_CP029736.1	CP003488	80.343	2508	467	23	3275912	3278408	503772	506264	0.0	1877
NZ_CP029736.1	CP003488	78.188	3035	594	56	563346	566345	1982365	1985366	0.0	1875
NZ_CP029736.1	CP003488	80.731	2434	444	20	948557	950984	2425525	2427939	0.0	1873
NZ_CP029736.1	CP003488	77.277	3283	684	51	1156734	1159984	2637078	2640330	0.0	1873
NZ_CP029736.1	CP003488	81.656	2295	377	30	4077728	4079993	1162348	1164627	0.0	1866
NZ_CP029736.1	CP003488	79.884	2590	487	24	272652	275227	1697331	1699900	0.0	1866
NZ_CP029736.1	CP003488	77.160	3310	685	58	1672348	1675628	3065046	3068313	0.0	1858
NZ_CP029736.1	CP003488	79.589	2626	502	24	1997019	1999633	3375578	3378180	0.0	1849
NZ_CP029736.1	CP003488	76.484	3555	735	70	2861747	2865247	63448	66955	0.0	1840
NZ_CP029736.1	CP003488	77.045	3276	695	46	2640437	2643685	4197452	4200697	0.0	1831
NZ_CP029736.1	CP003488	80.307	2473	439	36	1949351	1951802	3340869	3343314	0.0	1825
NZ_CP029736.1	CP003488	87.069	1624	195	10	12664	14280	1412841	1414456	0.0	1821
NZ_CP029736.1	CP003488	77.000	3287	691	57	474137	477388	1895362	1898618	0.0	1821
NZ_CP029736.1	CP003488	76.207	3564	779	53	3927177	3930714	995273	998793	0.0	1820
NZ_CP029736.1	CP003488	76.279	3537	765	59	1044829	1048328	2522869	2526368	0.0	1816
NZ_CP029736.1	CP003488	76.011	3735	762	109	2275707	2279372	3745631	3749300	0.0	1810
NZ_CP029736.1	CP003488	81.156	2266	409	16	1929838	1932094	3309528	3311784	0.0	1803
NZ_CP029736.1	CP003488	78.252	2860	585	32	28333	31174	1427453	1430293	0.0	1801
NZ_CP029736.1	CP003488	80.033	2459	463	23	2019679	2022116	3389979	3392430	0.0	1796
NZ_CP029736.1	CP003488	79.736	2576	441	54	3404268	3406812	603932	606457	0.0	1790
NZ_CP029736.1	CP003488	84.871	1778	258	11	3500672	3502443	671579	673351	0.0	1783
NZ_CP029736.1	CP003488	78.922	2690	517	40	4127052	4129723	1216771	1219428	0.0	1781
NZ_CP029736.1	CP003488	95.446	1120	45	6	1553948	1555063	3001012	3002129	0.0	1781
NZ_CP029736.1	CP003488	83.489	1926	302	12	2734299	2736217	4288234	4290150	0.0	1781
NZ_CP029736.1	CP003488	92.742	1240	76	12	966978	968213	1851372	1850143	0.0	1779
NZ_CP029736.1	CP003488	93.682	1187	72	3	440041	441226	2445010	2443826	0.0	1773
NZ_CP029736.1	CP003488	76.634	3274	725	35	4045380	4048629	1127909	1131166	0.0	1772
NZ_CP029736.1	CP003488	79.551	2494	485	20	2437509	2439992	3994078	3996556	0.0	1757
NZ_CP029736.1	CP003488	78.506	2731	546	35	1093922	1096627	2575497	2578211	0.0	1753
NZ_CP029736.1	CP003488	78.408	2751	550	39	1582468	1585189	3035671	3038406	0.0	1749
NZ_CP029736.1	CP003488	81.642	2119	376	12	1445391	1447503	2882315	2884426	0.0	1746
NZ_CP029736.1	CP003488	81.059	2191	411	4	1048338	1050526	2526348	2528536	0.0	1744
NZ_CP029736.1	CP003488	77.793	2882	598	32	470929	473789	1892193	1895053	0.0	1738
NZ_CP029736.1	CP003488	78.468	2703	544	33	924573	927256	2400505	2403188	0.0	1733
NZ_CP029736.1	CP003488	77.709	2907	596	41	4019059	4021940	1090325	1093204	0.0	1731
NZ_CP029736.1	CP003488	77.016	3076	666	39	2692065	2695117	4246687	4249744	0.0	1725
NZ_CP029736.1	CP003488	76.594	3247	690	64	3716896	3720108	843390	846600	0.0	1722
NZ_CP029736.1	CP003488	84.728	1709	258	3	139685	141391	1537822	1539529	0.0	1707
NZ_CP029736.1	CP003488	82.518	1962	323	14	755503	757457	2213327	2215275	0.0	1705
NZ_CP029736.1	CP003488	78.016	2702	581	12	2878256	2880950	79037	81732	0.0	1687
NZ_CP029736.1	CP003488	75.117	3862	830	97	4262100	4265898	1362012	1365805	0.0	1687
NZ_CP029736.1	CP003488	81.316	2098	373	16	553761	555847	1971257	1973346	0.0	1685
NZ_CP029736.1	CP003488	82.732	1911	310	14	2751148	2753053	4304985	4306880	0.0	1683
NZ_CP029736.1	CP003488	76.236	3236	731	35	3109485	3112701	302375	305591	0.0	1681
NZ_CP029736.1	CP003488	85.949	1580	213	9	1084981	1086555	2563313	2564888	0.0	1679
NZ_CP029736.1	CP003488	80.525	2208	409	19	248147	250343	1668757	1670954	0.0	1676
NZ_CP029736.1	CP003488	78.178	2722	515	63	2871974	2874652	72743	75428	0.0	1663
NZ_CP029736.1	CP003488	77.216	2888	614	36	169374	172238	1566096	1568962	0.0	1648
NZ_CP029736.1	CP003488	79.533	2399	424	49	2617270	2619625	4174734	4177108	0.0	1648
NZ_CP029736.1	CP003488	85.954	1552	204	9	1018223	1019764	2496233	2497780	0.0	1646
NZ_CP029736.1	CP003488	76.204	3261	686	81	962979	966194	2439812	2443027	0.0	1640
NZ_CP029736.1	CP003488	76.540	3133	646	61	706023	709102	2165617	2168713	0.0	1631
NZ_CP029736.1	CP003488	75.624	3405	761	55	2032238	2035621	3402378	3405734	0.0	1626
NZ_CP029736.1	CP003488	86.875	1440	188	1	3093670	3095109	282900	284338	0.0	1611
NZ_CP029736.1	CP003488	73.924	4276	997	102	3485763	3489978	656742	660959	0.0	1611
NZ_CP029736.1	CP003488	82.558	1892	271	40	1109897	1111752	2591465	2593333	0.0	1611
NZ_CP029736.1	CP003488	84.730	1611	243	3	1175806	1177414	2677451	2679060	0.0	1609
NZ_CP029736.1	CP003488	78.385	2563	491	55	3294652	3297181	524652	527184	0.0	1605
NZ_CP029736.1	CP003488	78.505	2489	501	30	3377900	3380371	577476	579947	0.0	1602
NZ_CP029736.1	CP003488	75.057	3528	835	37	3311885	3315388	542378	545884	0.0	1598
NZ_CP029736.1	CP003488	86.324	1499	168	20	2202668	2204153	3627718	3629192	0.0	1598
NZ_CP029736.1	CP003488	81.771	1931	331	15	1704678	1706602	3096260	3098175	0.0	1596
NZ_CP029736.1	CP003488	76.446	3095	639	73	3705240	3708296	827147	830189	0.0	1594
NZ_CP029736.1	CP003488	80.858	2074	353	30	1033584	1035643	2511665	2513708	0.0	1591
NZ_CP029736.1	CP003488	76.926	2882	607	48	1	2846	1400211	1403070	0.0	1585
NZ_CP029736.1	CP003488	78.822	2394	473	27	2164601	2166973	3597084	3599464	0.0	1581
NZ_CP029736.1	CP003488	77.862	2647	519	56	3997887	4000503	1055226	1057835	0.0	1580
NZ_CP029736.1	CP003488	79.461	2264	436	24	824799	827041	2293864	2296119	0.0	1578
NZ_CP029736.1	CP003488	80.131	2139	400	24	466592	468717	1876415	1878541	0.0	1572
NZ_CP029736.1	CP003488	76.220	3116	657	71	1693241	1696308	3084766	3087845	0.0	1572
NZ_CP029736.1	CP003488	83.084	1738	281	12	167541	169271	1564192	1565923	0.0	1568
NZ_CP029736.1	CP003488	78.779	2375	445	49	4118005	4120357	1207998	1210335	0.0	1539
NZ_CP029736.1	CP003488	80.715	2043	330	35	2531519	2533539	4081265	4083265	0.0	1531
NZ_CP029736.1	CP003488	79.614	2178	406	25	49403	51555	1434576	1436740	0.0	1528
NZ_CP029736.1	CP003488	78.839	2292	466	17	1177484	1179765	2679067	2681349	0.0	1528
NZ_CP029736.1	CP003488	78.320	2417	488	32	1916057	1918455	3286765	3289163	0.0	1528
NZ_CP029736.1	CP003488	82.606	1742	292	3	1935941	1937682	3327574	3329304	0.0	1528
NZ_CP029736.1	CP003488	74.281	3861	881	88	1624554	1628344	3974186	3978004	0.0	1526
NZ_CP029736.1	CP003488	77.656	2551	533	30	3993829	3996364	1050624	1053152	0.0	1519
NZ_CP029736.1	CP003488	77.362	2593	568	16	606351	608936	2076473	2079053	0.0	1519
NZ_CP029736.1	CP003488	80.096	2080	382	29	2337042	2339102	3856760	3858826	0.0	1519
NZ_CP029736.1	CP003488	77.096	2672	574	36	2208007	2210659	3632847	3635499	0.0	1509
NZ_CP029736.1	CP003488	80.423	1987	371	17	719611	721588	2179080	2181057	0.0	1498
NZ_CP029736.1	CP003488	79.838	2093	388	29	2125888	2127960	3507572	3509650	0.0	1496
NZ_CP029736.1	CP003488	82.563	1709	280	18	3535355	3537054	3934875	3933176	0.0	1489
NZ_CP029736.1	CP003488	83.323	1607	264	4	2039103	2040707	3409282	3410886	0.0	1480
NZ_CP029736.1	CP003488	77.054	2641	562	36	2331219	2333839	3836287	3838903	0.0	1480
NZ_CP029736.1	CP003488	76.061	2945	644	49	3930821	3933730	998922	1001840	0.0	1476
NZ_CP029736.1	CP003488	81.411	1829	314	19	3154377	3156191	348012	349828	0.0	1471
NZ_CP029736.1	CP003488	78.235	2334	481	23	2011338	2013658	3386223	3388542	0.0	1471
NZ_CP029736.1	CP003488	74.521	3599	811	86	1805227	1808785	3175100	3178632	0.0	1469
NZ_CP029736.1	CP003488	79.167	2232	375	59	2233693	2235872	3659063	3661256	0.0	1463
NZ_CP029736.1	CP003488	78.678	2270	426	36	2933424	2935675	129632	131861	0.0	1458
NZ_CP029736.1	CP003488	81.222	1816	331	9	31424	33234	1430545	1432355	0.0	1456
NZ_CP029736.1	CP003488	73.910	3852	908	81	329025	332826	1752318	1756122	0.0	1456
NZ_CP029736.1	CP003488	79.381	2100	395	26	1533040	1535126	2980555	2982629	0.0	1445
NZ_CP029736.1	CP003488	75.281	3208	696	80	2387363	2390521	3891760	3894919	0.0	1441
NZ_CP029736.1	CP003488	80.890	1821	342	6	2052738	2054555	3431635	3433452	0.0	1430
NZ_CP029736.1	CP003488	76.210	2749	617	30	302013	304741	3445704	3442973	0.0	1419
NZ_CP029736.1	CP003488	81.359	1781	293	28	1535922	1537697	2982825	2984571	0.0	1413
NZ_CP029736.1	CP003488	78.799	2132	426	21	4216979	4219098	1326563	1328680	0.0	1410
NZ_CP029736.1	CP003488	82.375	1634	274	14	566488	568115	1985510	1987135	0.0	1410
NZ_CP029736.1	CP003488	82.429	1622	275	7	3161837	3163453	355587	357203	0.0	1408
NZ_CP029736.1	CP003488	76.117	2797	602	52	2111322	2114076	3493130	3495902	0.0	1404
NZ_CP029736.1	CP003488	79.716	1972	375	16	415498	417457	1829050	1831008	0.0	1402
NZ_CP029736.1	CP003488	77.353	2486	485	58	2559943	2562388	4112069	4114516	0.0	1400
NZ_CP029736.1	CP003488	79.642	2009	358	34	3315639	3317616	546249	548237	0.0	1397
NZ_CP029736.1	CP003488	81.862	1665	295	7	1160748	1162409	2652764	2654424	0.0	1395
NZ_CP029736.1	CP003488	75.588	2892	665	37	1038343	1041212	2516385	2519257	0.0	1391
NZ_CP029736.1	CP003488	76.629	2563	564	29	4053344	4055888	1140398	1142943	0.0	1382
NZ_CP029736.1	CP003488	82.298	1610	272	10	670418	672022	2139437	2141038	0.0	1382
NZ_CP029736.1	CP003488	78.592	2130	424	27	519598	521712	1941500	1943612	0.0	1378
NZ_CP029736.1	CP003488	82.673	1564	260	9	1689774	1691333	3081331	3082887	0.0	1376
NZ_CP029736.1	CP003488	80.681	1791	329	14	3722067	3723849	848607	850388	0.0	1375
NZ_CP029736.1	CP003488	77.750	2373	438	64	2066933	2069252	3448493	3450828	0.0	1375
NZ_CP029736.1	CP003488	77.918	2296	443	50	899206	901474	2361257	2363515	0.0	1373
NZ_CP029736.1	CP003488	79.990	1949	313	59	2284627	2286538	3754366	3756274	0.0	1367
NZ_CP029736.1	CP003488	81.254	1691	307	8	4169451	4171136	1261908	1263593	0.0	1358
NZ_CP029736.1	CP003488	81.511	1655	290	15	3955884	3957531	1018295	1019940	0.0	1347
NZ_CP029736.1	CP003488	84.393	1384	201	13	2134148	2135525	3515790	3517164	0.0	1345
NZ_CP029736.1	CP003488	77.936	2171	460	18	4014707	4016866	1086676	1088838	0.0	1338
NZ_CP029736.1	CP003488	76.961	2448	497	54	2222351	2224769	3647346	3649755	0.0	1334
NZ_CP029736.1	CP003488	76.758	2474	517	42	3957663	3960107	1020063	1022507	0.0	1330
NZ_CP029736.1	CP003488	73.462	3821	897	95	796388	800154	3715173	3718930	0.0	1330
NZ_CP029736.1	CP003488	76.683	2496	521	53	3278596	3281053	506494	508966	0.0	1328
NZ_CP029736.1	CP003488	84.157	1376	210	7	478867	480238	1898913	1900284	0.0	1327
NZ_CP029736.1	CP003488	82.710	1498	254	5	2680777	2682271	4235549	4237044	0.0	1327
NZ_CP029736.1	CP003488	82.180	1532	267	5	575159	576687	1994561	1996089	0.0	1312
NZ_CP029736.1	CP003488	77.773	2164	446	31	63371	65519	1451181	1453324	0.0	1299
NZ_CP029736.1	CP003488	83.088	1425	241	0	2204415	2205839	3629415	3630839	0.0	1297
NZ_CP029736.1	CP003488	78.246	2041	426	16	2868692	2870722	70271	72303	0.0	1293
NZ_CP029736.1	CP003488	78.365	2043	401	35	4114050	4116071	1204034	1206056	0.0	1286
NZ_CP029736.1	CP003488	77.862	2105	438	19	2328332	2330419	3833291	3835384	0.0	1280
NZ_CP029736.1	CP003488	82.474	1455	249	6	1331418	1332869	2739203	2740654	0.0	1269
NZ_CP029736.1	CP003488	79.510	1796	352	14	2261433	2263222	3731676	3733461	0.0	1264
NZ_CP029736.1	CP003488	80.829	1617	292	14	81623	83232	1471688	1473293	0.0	1253
NZ_CP029736.1	CP003488	75.127	2750	642	38	2910076	2912803	105990	108719	0.0	1251
NZ_CP029736.1	CP003488	78.027	2007	420	19	3441950	3443946	629845	631840	0.0	1243
NZ_CP029736.1	CP003488	79.750	1758	321	27	2533456	2535197	4083080	4084818	0.0	1242
NZ_CP029736.1	CP003488	79.392	1810	328	35	2402226	2403997	3906473	3908275	0.0	1234
NZ_CP029736.1	CP003488	76.782	2287	478	47	2996125	2998386	200826	203084	0.0	1232
NZ_CP029736.1	CP003488	76.927	2232	472	37	4010290	4012492	1081908	1084125	0.0	1229
NZ_CP029736.1	CP003488	79.894	1691	327	12	371914	373598	1785774	1787457	0.0	1227
NZ_CP029736.1	CP003488	79.632	1738	328	21	79646	81375	1469821	1471540	0.0	1225
NZ_CP029736.1	CP003488	84.889	1211	183	0	2201130	2202340	3626248	3627458	0.0	1223
NZ_CP029736.1	CP003488	80.463	1643	285	22	2683580	2685214	4238370	4239984	0.0	1223
NZ_CP029736.1	CP003488	78.027	2007	396	33	3400361	3402336	600050	602042	0.0	1221
NZ_CP029736.1	CP003488	78.335	1934	383	30	2875472	2877391	76242	78153	0.0	1218
NZ_CP029736.1	CP003488	84.448	1241	185	7	134894	136130	1531904	1533140	0.0	1216
NZ_CP029736.1	CP003488	84.328	1257	181	11	1809246	1810494	3179008	3180256	0.0	1216
NZ_CP029736.1	CP003488	76.302	2304	526	20	1776105	1778398	3146196	3148489	0.0	1212
NZ_CP029736.1	CP003488	78.277	1892	394	16	3281855	3283737	509884	511767	0.0	1201
NZ_CP029736.1	CP003488	82.310	1385	241	2	142851	144233	1540930	1542312	0.0	1197
NZ_CP029736.1	CP003488	79.405	1714	339	11	306971	308676	1729123	1730830	0.0	1197
NZ_CP029736.1	CP003488	80.482	1578	294	12	1169766	1171339	2661488	2663055	0.0	1195
NZ_CP029736.1	CP003488	75.555	2569	545	69	3628038	3630559	739332	741864	0.0	1188
NZ_CP029736.1	CP003488	82.004	1417	230	22	1706937	1708347	3099123	3100520	0.0	1181
NZ_CP029736.1	CP003488	81.319	1456	270	2	1801547	1803001	3171517	3172971	0.0	1181
NZ_CP029736.1	CP003488	79.841	1637	313	15	1416347	1417974	2777653	2779281	0.0	1179
NZ_CP029736.1	CP003488	82.305	1362	234	7	3909447	3910804	973295	974653	0.0	1173
NZ_CP029736.1	CP003488	81.844	1410	232	19	2178591	2179982	3611303	3612706	0.0	1164
NZ_CP029736.1	CP003488	82.835	1305	215	9	3728828	3730125	856966	858268	0.0	1160
NZ_CP029736.1	CP003488	81.020	1470	270	8	1810499	1811964	3180380	3181844	0.0	1160
NZ_CP029736.1	CP003488	80.038	1588	294	17	1550194	1551778	2997364	2998931	0.0	1155
NZ_CP029736.1	CP003488	78.489	1827	345	34	3642741	3644546	752791	754590	0.0	1153
NZ_CP029736.1	CP003488	91.319	864	44	21	398511	399354	1195378	1196230	0.0	1151
NZ_CP029736.1	CP003488	91.319	864	44	21	995104	995947	1196230	1195378	0.0	1151
NZ_CP029736.1	CP003488	75.269	2507	572	32	4209754	4212246	1319012	1321484	0.0	1151
NZ_CP029736.1	CP003488	88.278	964	109	4	3531429	3532389	3939507	3938545	0.0	1151
NZ_CP029736.1	CP003488	81.343	1415	258	6	3369126	3370537	572400	573811	0.0	1146
NZ_CP029736.1	CP003488	91.204	864	44	22	202910	203752	1195378	1196230	0.0	1146
NZ_CP029736.1	CP003488	87.805	984	112	8	3526342	3527319	3944607	3943626	0.0	1146
NZ_CP029736.1	CP003488	90.972	864	46	22	959033	959875	1196230	1195378	0.0	1134
NZ_CP029736.1	CP003488	75.740	2296	536	21	2955602	2957888	4021012	4018729	0.0	1134
NZ_CP029736.1	CP003488	79.405	1646	307	31	3035156	3036784	243810	245440	0.0	1133
NZ_CP029736.1	CP003488	80.841	1451	269	9	2258798	2260242	920071	921518	0.0	1131
NZ_CP029736.1	CP003488	91.981	823	38	20	398513	399315	1812169	1812983	0.0	1129
NZ_CP029736.1	CP003488	91.981	823	38	20	995143	995945	1812983	1812169	0.0	1129
NZ_CP029736.1	CP003488	76.596	2115	453	28	3482716	3484807	653553	655648	0.0	1125
NZ_CP029736.1	CP003488	80.026	1517	301	2	2979225	2980741	171885	173399	0.0	1122
NZ_CP029736.1	CP003488	91.758	825	40	20	726844	727648	1195378	1196194	0.0	1122
NZ_CP029736.1	CP003488	91.738	823	44	18	1862680	1863484	1196194	1195378	0.0	1122
NZ_CP029736.1	CP003488	91.758	825	40	20	726844	727648	1623918	1624734	0.0	1122
NZ_CP029736.1	CP003488	91.738	823	44	18	1862680	1863484	1624734	1623918	0.0	1122
NZ_CP029736.1	CP003488	91.859	823	38	21	202912	203713	1812169	1812983	0.0	1122
NZ_CP029736.1	CP003488	91.646	826	45	18	1862677	1863484	2435954	2436773	0.0	1122
NZ_CP029736.1	CP003488	91.667	828	41	20	726844	727651	2436773	2435954	0.0	1122
NZ_CP029736.1	CP003488	91.646	826	45	18	1862677	1863484	2472831	2473650	0.0	1122
NZ_CP029736.1	CP003488	91.667	828	41	20	726844	727651	2473650	2472831	0.0	1122
NZ_CP029736.1	CP003488	99.195	621	5	0	1863604	1864224	1812156	1811536	0.0	1120
NZ_CP029736.1	CP003488	99.194	620	5	0	1863605	1864224	1195366	1194747	0.0	1118
NZ_CP029736.1	CP003488	99.194	620	5	0	1863605	1864224	1623906	1623287	0.0	1118
NZ_CP029736.1	CP003488	99.194	620	5	0	1863605	1864224	2436785	2437404	0.0	1118
NZ_CP029736.1	CP003488	99.194	620	5	0	1863605	1864224	2473662	2474281	0.0	1118
NZ_CP029736.1	CP003488	77.175	1954	424	18	1575249	1577191	3028806	3030748	0.0	1118
NZ_CP029736.1	CP003488	83.725	1192	183	8	3715500	3716686	837874	839059	0.0	1116
NZ_CP029736.1	CP003488	74.056	2941	663	78	3374842	3377725	574453	577350	0.0	1112
NZ_CP029736.1	CP003488	91.495	823	46	18	4105249	4106053	1195378	1196194	0.0	1110
NZ_CP029736.1	CP003488	91.495	823	46	18	4105249	4106053	1623918	1624734	0.0	1110
NZ_CP029736.1	CP003488	91.616	823	40	21	959072	959873	1812983	1812169	0.0	1110
NZ_CP029736.1	CP003488	77.677	1868	386	26	459456	461311	1869688	1871536	0.0	1110
NZ_CP029736.1	CP003488	91.404	826	47	18	4105249	4106056	2436773	2435954	0.0	1110
NZ_CP029736.1	CP003488	91.404	826	47	18	4105249	4106056	2473650	2472831	0.0	1110
NZ_CP029736.1	CP003488	82.750	1258	203	8	1123138	1124389	2601261	2602510	0.0	1109
NZ_CP029736.1	CP003488	85.175	1086	156	5	1396883	1397965	2773732	2774815	0.0	1109
NZ_CP029736.1	CP003488	81.075	1395	256	8	4035603	4036993	1111627	1113017	0.0	1107
NZ_CP029736.1	CP003488	98.873	621	6	1	4104510	4105129	1811536	1812156	0.0	1107
NZ_CP029736.1	CP003488	98.871	620	6	1	4104510	4105128	1194747	1195366	0.0	1105
NZ_CP029736.1	CP003488	98.871	620	6	1	4104510	4105128	1623287	1623906	0.0	1105
NZ_CP029736.1	CP003488	98.871	620	6	1	4104510	4105128	2437404	2436785	0.0	1105
NZ_CP029736.1	CP003488	98.871	620	6	1	4104510	4105128	2474281	2473662	0.0	1105
NZ_CP029736.1	CP003488	76.120	2165	472	39	4124769	4126907	1214503	1216648	0.0	1092
NZ_CP029736.1	CP003488	76.043	2158	479	26	2334758	2336903	3854518	3856649	0.0	1086
NZ_CP029736.1	CP003488	81.264	1345	246	4	4240542	4241883	1338683	1340024	0.0	1083
NZ_CP029736.1	CP003488	80.791	1390	258	7	3492020	3493402	662478	663865	0.0	1079
NZ_CP029736.1	CP003488	82.217	1254	222	1	500312	501564	1921657	1922910	0.0	1079
NZ_CP029736.1	CP003488	76.982	1968	401	44	1975248	1977183	3365935	3367882	0.0	1077
NZ_CP029736.1	CP003488	81.259	1350	235	13	3256143	3257478	484388	485733	0.0	1075
NZ_CP029736.1	CP003488	76.239	2079	460	31	2882459	2884520	83329	85390	0.0	1072
NZ_CP029736.1	CP003488	76.836	1947	421	19	3751129	3753054	888886	890823	0.0	1070
NZ_CP029736.1	CP003488	78.429	1655	344	13	1391535	1393183	2768417	2770064	0.0	1066
NZ_CP029736.1	CP003488	80.806	1365	252	10	1923571	1924928	3294165	3295526	0.0	1061
NZ_CP029736.1	CP003488	79.467	1500	301	5	2296980	2298476	3768180	3769675	0.0	1057
NZ_CP029736.1	CP003488	78.803	1604	313	22	2092705	2094289	3475228	3476823	0.0	1053
NZ_CP029736.1	CP003488	76.987	1925	377	48	321781	323678	1745385	1747270	0.0	1040
NZ_CP029736.1	CP003488	83.029	1149	187	7	2063927	2065070	3438501	3439646	0.0	1035
NZ_CP029736.1	CP003488	77.209	1777	392	10	501954	503723	1923261	1925031	0.0	1026
NZ_CP029736.1	CP003488	76.843	1926	380	48	1154532	1156425	2635069	2636960	0.0	1026
NZ_CP029736.1	CP003488	80.435	1334	258	3	4051800	4053132	1138836	1140167	0.0	1014
NZ_CP029736.1	CP003488	78.621	1595	295	37	84724	86299	1474706	1476273	0.0	1014
NZ_CP029736.1	CP003488	92.816	696	48	2	3907127	3907821	3537204	3536510	0.0	1007
NZ_CP029736.1	CP003488	71.736	3945	1004	99	2248172	2252060	2268236	2272125	0.0	1005
NZ_CP029736.1	CP003488	81.150	1252	231	5	141580	142828	1539605	1540854	0.0	1000
NZ_CP029736.1	CP003488	79.510	1430	273	20	2153196	2154617	3528341	3529758	0.0	1000
NZ_CP029736.1	CP003488	80.866	1270	239	4	4234523	4235790	1332638	1333905	0.0	996
NZ_CP029736.1	CP003488	78.994	1471	296	11	373804	375268	1787560	1789023	0.0	992
NZ_CP029736.1	CP003488	87.072	905	81	21	1132122	1133018	2610360	2611236	0.0	990
NZ_CP029736.1	CP003488	80.423	1323	239	17	1892143	1893456	3262701	3264012	0.0	990
NZ_CP029736.1	CP003488	81.712	1203	203	14	1555345	1556533	3002497	3003696	0.0	987
NZ_CP029736.1	CP003488	79.639	1385	270	10	544244	545622	1961680	1963058	0.0	985
NZ_CP029736.1	CP003488	73.939	2686	592	91	2930702	2933331	126800	129433	0.0	983
NZ_CP029736.1	CP003488	79.883	1367	255	17	174861	176216	1571555	1572912	0.0	983
NZ_CP029736.1	CP003488	80.512	1288	246	5	999610	1000895	2477675	2478959	0.0	983
NZ_CP029736.1	CP003488	77.315	1706	357	26	3026999	3028691	235486	237174	0.0	979
NZ_CP029736.1	CP003488	75.542	2122	449	53	906629	908710	2369349	2371440	0.0	979
NZ_CP029736.1	CP003488	81.725	1171	210	4	825876	827044	1288612	1287444	0.0	974
NZ_CP029736.1	CP003488	74.317	2453	559	57	196275	198691	1615439	1617856	0.0	974
NZ_CP029736.1	CP003488	78.994	1452	279	24	3054272	3055709	261662	263101	0.0	968
NZ_CP029736.1	CP003488	78.013	1560	324	18	176236	177784	1572896	1574447	0.0	963
NZ_CP029736.1	CP003488	78.447	1494	304	14	2766426	2767910	4318222	4319706	0.0	959
NZ_CP029736.1	CP003488	77.004	1709	369	20	807337	809033	2279352	2281048	0.0	957
NZ_CP029736.1	CP003488	78.425	1511	297	22	1577569	1579058	3031162	3032664	0.0	957
NZ_CP029736.1	CP003488	78.490	1497	293	25	918577	920063	2381839	2383316	0.0	953
NZ_CP029736.1	CP003488	81.172	1195	217	8	1114511	1115700	2596374	2597565	0.0	953
NZ_CP029736.1	CP003488	82.772	1068	171	13	132097	133159	1528935	1529994	0.0	941
NZ_CP029736.1	CP003488	81.572	1145	203	8	3102488	3103628	291861	293001	0.0	939
NZ_CP029736.1	CP003488	73.321	2725	655	60	1844689	1847372	3214738	3217431	0.0	939
NZ_CP029736.1	CP003488	81.640	1122	204	2	3402515	3403635	602218	603338	0.0	929
NZ_CP029736.1	CP003488	79.876	1292	232	22	3210726	3212003	439262	440539	0.0	920
NZ_CP029736.1	CP003488	74.498	2192	519	36	539183	541353	1957148	1959320	0.0	915
NZ_CP029736.1	CP003488	81.452	1116	206	1	777942	779057	2249514	2250628	0.0	913
NZ_CP029736.1	CP003488	77.661	1522	312	21	2586441	2587954	4147780	4149281	0.0	902
NZ_CP029736.1	CP003488	76.295	1738	378	27	2742547	2744268	4296430	4298149	0.0	896
NZ_CP029736.1	CP003488	81.577	1091	189	12	4179408	4180490	1271770	1272856	0.0	891
NZ_CP029736.1	CP003488	78.790	1372	256	32	1565459	1566812	3018837	3020191	0.0	889
NZ_CP029736.1	CP003488	74.395	2191	505	52	1097632	1099797	2579357	2581516	0.0	887
NZ_CP029736.1	CP003488	77.485	1479	316	15	889894	891365	2353057	2354525	0.0	870
NZ_CP029736.1	CP003488	87.842	732	87	2	463129	463858	1873162	1873893	0.0	857
NZ_CP029736.1	CP003488	78.550	1324	266	16	4149486	4150800	1241053	1242367	0.0	856
NZ_CP029736.1	CP003488	89.543	679	65	5	3896125	3896803	3546591	3545919	0.0	856
NZ_CP029736.1	CP003488	75.157	1908	419	47	597249	599131	2067264	2069141	0.0	846
NZ_CP029736.1	CP003488	83.608	909	142	7	1480652	1481556	2916891	2917796	0.0	846
NZ_CP029736.1	CP003488	78.321	1370	255	34	2156701	2158053	3533438	3534782	0.0	846
NZ_CP029736.1	CP003488	82.209	978	174	0	112463	113440	1519307	1520284	0.0	843
NZ_CP029736.1	CP003488	79.442	1182	229	11	2167164	2168338	3599666	3600840	0.0	824
NZ_CP029736.1	CP003488	78.544	1291	248	23	4298451	4299727	1389168	1390443	0.0	822
NZ_CP029736.1	CP003488	89.051	685	44	18	1925495	1926155	3305128	3305805	0.0	821
NZ_CP029736.1	CP003488	79.825	1140	211	14	2881196	2882327	82056	83184	0.0	813
NZ_CP029736.1	CP003488	85.714	770	109	1	3026070	3026838	234471	235240	0.0	811
NZ_CP029736.1	CP003488	75.611	1718	376	33	3635198	3636889	745129	746829	0.0	811
NZ_CP029736.1	CP003488	80.474	1055	197	8	2324906	2325954	3829905	3830956	0.0	798
NZ_CP029736.1	CP003488	80.729	1043	184	8	3301803	3302844	531910	532936	0.0	797
NZ_CP029736.1	CP003488	76.413	1522	328	22	3446153	3447657	634088	635595	0.0	793
NZ_CP029736.1	CP003488	75.931	1612	350	32	244009	245602	1664623	1666214	0.0	793
NZ_CP029736.1	CP003488	74.541	1905	442	36	1334173	1336062	2742937	2744813	0.0	791
NZ_CP029736.1	CP003488	80.818	1027	182	9	2682277	2683302	4237125	4238137	0.0	791
NZ_CP029736.1	CP003488	77.950	1288	267	14	1552583	1553860	2999675	3000955	0.0	789
NZ_CP029736.1	CP003488	75.802	1620	358	30	1716083	1717682	3108292	3109897	0.0	789
NZ_CP029736.1	CP003488	77.455	1344	285	15	2726264	2727598	4281832	4283166	0.0	787
NZ_CP029736.1	CP003488	81.187	994	165	19	3016153	3017133	224117	225101	0.0	780
NZ_CP029736.1	CP003488	79.764	1102	202	19	1977514	1978606	3368222	3369311	0.0	780
NZ_CP029736.1	CP003488	83.176	850	135	8	896335	897182	2358174	2359017	0.0	771
NZ_CP029736.1	CP003488	78.358	1206	250	11	2571103	2572303	4123197	4124396	0.0	771
NZ_CP029736.1	CP003488	86.869	693	82	8	3641815	3642503	751851	752538	0.0	767
NZ_CP029736.1	CP003488	81.458	933	171	2	3711579	3712510	834365	835296	0.0	763
NZ_CP029736.1	CP003488	74.523	1833	428	34	137386	139196	1533755	1535570	0.0	761
NZ_CP029736.1	CP003488	77.621	1278	267	12	3126642	3127915	324619	325881	0.0	758
NZ_CP029736.1	CP003488	77.354	1338	260	28	3698377	3699693	820464	821779	0.0	752
NZ_CP029736.1	CP003488	80.907	948	178	3	3254587	3255533	482870	483815	0.0	745
NZ_CP029736.1	CP003488	88.245	621	73	0	58842	59462	1443634	1444254	0.0	743
NZ_CP029736.1	CP003488	79.658	1052	199	11	393459	394503	1808120	1809163	0.0	743
NZ_CP029736.1	CP003488	80.553	977	175	13	327629	328598	1751177	1752145	0.0	737
NZ_CP029736.1	CP003488	82.081	865	148	7	3710462	3711323	833258	834118	0.0	732
NZ_CP029736.1	CP003488	78.120	1170	243	13	2263402	2264565	3733699	3734861	0.0	730
NZ_CP029736.1	CP003488	79.139	1069	203	15	1469900	1470956	2906154	2907214	0.0	721
NZ_CP029736.1	CP003488	76.090	1468	299	41	3609954	3611393	723072	724515	0.0	719
NZ_CP029736.1	CP003488	81.064	940	140	29	2907969	2908889	103986	104906	0.0	715
NZ_CP029736.1	CP003488	88.605	588	67	0	2155989	2156576	3532821	3533408	0.0	715
NZ_CP029736.1	CP003488	79.284	1033	204	10	144540	145568	1542435	1543461	0.0	713
NZ_CP029736.1	CP003488	79.122	1025	210	4	3692456	3693478	814671	815693	0.0	704
NZ_CP029736.1	CP003488	83.400	753	121	4	158301	159050	1554997	1555748	0.0	695
NZ_CP029736.1	CP003488	83.906	727	112	5	3484808	3485532	655701	656424	0.0	689
NZ_CP029736.1	CP003488	78.592	1065	206	19	1702443	1703497	3094108	3095160	0.0	684
NZ_CP029736.1	CP003488	80.909	880	153	12	177992	178862	1575920	1576793	0.0	680
NZ_CP029736.1	CP003488	76.860	1223	271	11	2583559	2584775	4144146	4145362	0.0	680
NZ_CP029736.1	CP003488	79.204	1005	183	21	469776	470767	1888016	1889007	0.0	675
NZ_CP029736.1	CP003488	76.415	1272	284	15	759887	761150	2227053	2228316	0.0	673
NZ_CP029736.1	CP003488	80.066	908	178	3	832369	833275	2300717	2301622	0.0	671
NZ_CP029736.1	CP003488	74.733	1591	356	33	2097223	2098798	3479858	3481417	0.0	669
NZ_CP029736.1	CP003488	80.964	851	150	12	1581474	1582318	3034674	3035518	0.0	664
NZ_CP029736.1	CP003488	81.242	821	152	2	1823549	1824368	3193512	3194331	0.0	662
NZ_CP029736.1	CP003488	83.170	713	116	4	839888	840598	2305907	2306617	2.10e-180	649
NZ_CP029736.1	CP003488	86.070	603	80	4	4144198	4144798	1233598	1234198	2.72e-179	645
NZ_CP029736.1	CP003488	95.652	391	16	1	1566897	1567287	3020233	3020622	9.86e-174	627
NZ_CP029736.1	CP003488	77.946	993	213	5	47667	48656	1433028	1434017	2.13e-170	616
NZ_CP029736.1	CP003488	87.234	564	40	17	3368329	3368862	571556	572117	7.68e-170	614
NZ_CP029736.1	CP003488	76.239	1170	260	17	3224522	3225682	452939	454099	4.62e-167	604
NZ_CP029736.1	CP003488	78.618	912	193	2	1037256	1038166	2515343	2516253	1.66e-166	603
NZ_CP029736.1	CP003488	85.689	573	79	3	3028981	3029552	237496	238066	5.98e-166	601
NZ_CP029736.1	CP003488	77.023	1075	229	15	1948229	1949294	3339779	3340844	5.98e-166	601
NZ_CP029736.1	CP003488	75.308	1300	296	24	2638947	2640234	4195963	4197249	2.15e-165	599
NZ_CP029736.1	CP003488	79.481	848	169	5	1999769	2000614	3378342	3379186	7.73e-165	597
NZ_CP029736.1	CP003488	76.286	1147	252	19	3020770	3021904	229271	230409	1.00e-163	593
NZ_CP029736.1	CP003488	77.200	1057	215	24	4176452	4177495	1268823	1269866	1.00e-163	593
NZ_CP029736.1	CP003488	75.885	1215	258	25	3356330	3357519	557508	558712	4.65e-162	588
NZ_CP029736.1	CP003488	84.932	584	80	5	252750	253332	1677633	1678209	6.02e-161	584
NZ_CP029736.1	CP003488	80.225	799	137	19	4303143	4303926	1393932	1394724	7.79e-160	580
NZ_CP029736.1	CP003488	81.951	687	121	3	2894287	2894973	94508	95191	2.80e-159	579
NZ_CP029736.1	CP003488	78.293	949	170	27	205606	206531	1626598	1627533	2.80e-159	579
NZ_CP029736.1	CP003488	75.411	1216	285	14	672253	673461	2141371	2142579	1.01e-158	577
NZ_CP029736.1	CP003488	80.577	762	135	13	3537503	3538257	3932613	3931858	3.62e-158	575
NZ_CP029736.1	CP003488	87.500	496	60	2	2508368	2508862	4053072	4053566	4.69e-157	571
NZ_CP029736.1	CP003488	82.523	658	103	8	2929598	2930247	125715	126368	6.06e-156	568
NZ_CP029736.1	CP003488	87.226	501	50	13	3208199	3208691	436722	437216	3.65e-153	558
NZ_CP029736.1	CP003488	79.259	810	160	8	1202133	1202938	1309201	1310006	3.65e-153	558
NZ_CP029736.1	CP003488	85.435	563	53	20	1073529	1074080	2551957	2552501	3.65e-153	558
NZ_CP029736.1	CP003488	79.259	810	160	8	1202133	1202938	2793405	2792600	3.65e-153	558
NZ_CP029736.1	CP003488	75.820	1158	243	26	2845213	2846360	48534	49664	1.70e-151	553
NZ_CP029736.1	CP003488	81.433	684	114	8	2545933	2546607	4097089	4097768	7.90e-150	547
NZ_CP029736.1	CP003488	83.569	566	93	0	2489716	2490281	4033378	4033943	7.95e-145	531
NZ_CP029736.1	CP003488	77.081	925	205	7	2013945	2014865	3388692	3389613	1.03e-143	527
NZ_CP029736.1	CP003488	77.702	879	180	16	1074614	1075483	2553047	2553918	1.33e-142	523
NZ_CP029736.1	CP003488	75.364	1100	250	19	3542911	3544000	3928316	3927228	1.04e-138	510
NZ_CP029736.1	CP003488	75.818	1009	238	6	3720983	3721988	847552	848557	1.34e-137	507
NZ_CP029736.1	CP003488	77.468	861	183	10	1434503	1435358	2870804	2871658	4.82e-137	505
NZ_CP029736.1	CP003488	79.505	727	133	13	2307102	2307820	3812576	3813294	1.73e-136	503
NZ_CP029736.1	CP003488	78.892	758	148	12	2361685	2362436	3872554	3873305	1.73e-136	503
NZ_CP029736.1	CP003488	74.246	1227	296	18	2158265	2159481	3590761	3591977	8.07e-135	497
NZ_CP029736.1	CP003488	92.241	348	20	6	4129859	4130205	1219348	1219689	1.75e-131	486
NZ_CP029736.1	CP003488	74.911	1124	248	30	3697058	3698163	819279	820386	2.26e-130	483
NZ_CP029736.1	CP003488	75.216	1041	242	10	2989785	2990817	850640	851672	2.92e-129	479
NZ_CP029736.1	CP003488	82.155	566	94	6	1113780	1114341	2595588	2596150	2.92e-129	479
NZ_CP029736.1	CP003488	80.062	647	126	3	3169917	3170561	363481	364126	1.05e-128	477
NZ_CP029736.1	CP003488	83.397	524	78	6	48799	49318	1434051	1434569	1.05e-128	477
NZ_CP029736.1	CP003488	79.552	670	132	5	2579938	2580604	4140341	4141008	1.36e-127	473
NZ_CP029736.1	CP003488	75.916	955	211	18	2802196	2803140	4361063	4362008	4.89e-127	472
NZ_CP029736.1	CP003488	77.440	789	170	7	3843165	3843949	1309996	1309212	8.18e-125	464
NZ_CP029736.1	CP003488	77.399	792	171	7	3843162	3843949	2792607	2793394	8.18e-125	464
NZ_CP029736.1	CP003488	80.126	634	115	8	2954894	2955521	152018	152646	2.94e-124	462
NZ_CP029736.1	CP003488	82.667	525	85	5	2212239	2212760	3637186	3637707	1.06e-123	460
NZ_CP029736.1	CP003488	82.519	532	77	14	3991575	3992100	1048316	1048837	1.77e-121	453
NZ_CP029736.1	CP003488	89.914	347	32	3	4183302	4183646	1275656	1276001	1.07e-118	444
NZ_CP029736.1	CP003488	79.010	667	118	14	1763114	1763765	3133303	3133962	1.78e-116	436
NZ_CP029736.1	CP003488	83.544	474	69	9	2040779	2041248	3421059	3421527	6.41e-116	435
NZ_CP029736.1	CP003488	79.538	606	121	3	3641221	3641824	751219	751823	2.98e-114	429
NZ_CP029736.1	CP003488	81.696	519	89	6	968670	969185	2446377	2446892	1.07e-113	427
NZ_CP029736.1	CP003488	74.200	1062	253	20	88604	89654	1478519	1479570	1.39e-112	424
NZ_CP029736.1	CP003488	77.260	730	158	8	3983066	3983791	1040260	1040985	4.99e-112	422
NZ_CP029736.1	CP003488	73.655	1245	263	54	2095020	2096242	3477550	3478751	4.99e-112	422
NZ_CP029736.1	CP003488	83.585	463	63	11	2530858	2531317	4080471	4080923	4.99e-112	422
NZ_CP029736.1	CP003488	81.262	523	94	4	1537795	1538315	2984718	2985238	1.80e-111	420
NZ_CP029736.1	CP003488	83.827	439	68	3	1551969	1552405	2999196	2999633	8.36e-110	414
NZ_CP029736.1	CP003488	85.642	397	53	4	2230997	2231391	3656232	3656626	8.36e-110	414
NZ_CP029736.1	CP003488	85.366	410	49	8	2290429	2290831	3761340	3761745	8.36e-110	414
NZ_CP029736.1	CP003488	80.755	530	97	5	2666168	2666694	4219920	4220447	3.89e-108	409
NZ_CP029736.1	CP003488	93.066	274	18	1	4183374	4183646	2870898	2870625	2.34e-105	399
NZ_CP029736.1	CP003488	92.580	283	14	6	1925727	1926006	3304929	3305207	2.34e-105	399
NZ_CP029736.1	CP003488	73.925	1070	245	32	2536338	2537389	4085905	4086958	2.34e-105	399
NZ_CP029736.1	CP003488	78.331	623	125	9	14934	15551	1415104	1415721	1.09e-103	394
NZ_CP029736.1	CP003488	77.743	647	140	4	809869	810514	2281911	2282554	1.09e-103	394
NZ_CP029736.1	CP003488	82.589	448	71	6	4230573	4231016	1328812	1329256	5.06e-102	388
NZ_CP029736.1	CP003488	75.210	835	194	12	4044500	4045329	1126982	1127808	2.36e-100	383
NZ_CP029736.1	CP003488	84.892	417	22	15	1804613	1805017	3174427	3174814	2.36e-100	383
NZ_CP029736.1	CP003488	93.050	259	9	7	3371837	3372092	573993	574245	1.83e-96	370
NZ_CP029736.1	CP003488	71.420	1592	402	44	1000962	1002527	2479132	2480696	1.83e-96	370
NZ_CP029736.1	CP003488	80.368	489	84	11	3627429	3627911	738767	739249	1.10e-93	361
NZ_CP029736.1	CP003488	81.250	464	65	20	3366302	3366748	569441	569899	5.14e-92	355
NZ_CP029736.1	CP003488	89.286	280	30	0	3528421	3528700	3943143	3942864	6.64e-91	351
NZ_CP029736.1	CP003488	83.924	367	52	6	3894678	3895040	3547955	3547592	1.11e-88	344
NZ_CP029736.1	CP003488	85.337	341	34	10	729661	729988	1626598	1626935	5.17e-87	339
NZ_CP029736.1	CP003488	75.893	672	154	8	4033426	4034093	1107740	1108407	1.86e-86	337
NZ_CP029736.1	CP003488	74.235	850	195	21	1563782	1564614	3017093	3017935	6.69e-86	335
NZ_CP029736.1	CP003488	78.672	497	106	0	3310442	3310938	540810	541306	8.66e-85	331
NZ_CP029736.1	CP003488	85.455	330	33	8	205606	205923	2470970	2470644	3.11e-84	329
NZ_CP029736.1	CP003488	85.163	337	29	15	1860343	1860662	1198455	1198123	4.03e-83	326
NZ_CP029736.1	CP003488	84.866	337	35	9	205606	205929	2187521	2187854	4.03e-83	326
NZ_CP029736.1	CP003488	85.152	330	34	8	729661	729978	2470970	2470644	1.45e-82	324
NZ_CP029736.1	CP003488	84.438	347	34	14	4108072	4108402	3230665	3230323	1.45e-82	324
NZ_CP029736.1	CP003488	84.393	346	35	13	401214	401543	2434093	2433751	5.21e-82	322
NZ_CP029736.1	CP003488	80.698	430	64	19	3448140	3448559	635801	636221	2.42e-80	316
NZ_CP029736.1	CP003488	84.058	345	37	12	729661	729990	1814967	1815308	2.42e-80	316
NZ_CP029736.1	CP003488	85.093	322	32	10	205606	205914	1814967	1815285	8.72e-80	315
NZ_CP029736.1	CP003488	83.908	348	37	13	1860331	1860662	2433749	2434093	8.72e-80	315
NZ_CP029736.1	CP003488	85.902	305	27	10	992953	993244	1626899	1626598	1.13e-78	311
NZ_CP029736.1	CP003488	76.552	580	126	10	308946	309520	1731311	1731885	4.06e-78	309
NZ_CP029736.1	CP003488	85.855	304	28	8	992953	993244	2187821	2187521	4.06e-78	309
NZ_CP029736.1	CP003488	83.851	322	50	2	2958508	2958828	153378	153698	5.25e-77	305
NZ_CP029736.1	CP003488	83.976	337	35	13	401214	401534	1198123	1198456	5.25e-77	305
NZ_CP029736.1	CP003488	83.929	336	35	13	956854	957173	1198455	1198123	1.89e-76	303
NZ_CP029736.1	CP003488	74.021	766	187	11	562157	562916	1981197	1981956	6.79e-76	302
NZ_CP029736.1	CP003488	84.356	326	32	13	4108072	4108381	2434093	2433771	6.79e-76	302
NZ_CP029736.1	CP003488	83.881	335	35	13	956855	957173	3230334	3230665	6.79e-76	302
NZ_CP029736.1	CP003488	83.881	335	35	13	401214	401532	3230665	3230334	6.79e-76	302
NZ_CP029736.1	CP003488	80.563	391	75	1	2914235	2914625	110158	110547	2.44e-75	300
NZ_CP029736.1	CP003488	85.246	305	29	10	992953	993244	1815268	1814967	2.44e-75	300
NZ_CP029736.1	CP003488	76.098	615	123	17	3544055	3544661	3926348	3925750	2.44e-75	300
NZ_CP029736.1	CP003488	74.893	701	148	22	2960533	2961217	156239	156927	1.14e-73	294
NZ_CP029736.1	CP003488	89.030	237	19	6	2972950	2973182	165641	165874	1.90e-71	287
NZ_CP029736.1	CP003488	92.118	203	15	1	2284299	2284500	3751123	3751325	6.84e-71	285
NZ_CP029736.1	CP003488	87.008	254	27	5	1036110	1036358	2514164	2514416	8.84e-70	281
NZ_CP029736.1	CP003488	92.821	195	13	1	1073856	1074049	2552162	2552356	8.84e-70	281
NZ_CP029736.1	CP003488	75.418	598	136	11	679608	680199	2148817	2149409	3.18e-69	279
NZ_CP029736.1	CP003488	92.893	197	4	9	3368220	3368411	3363650	3363459	1.14e-68	278
NZ_CP029736.1	CP003488	72.989	833	206	16	180494	181318	1578455	1579276	1.48e-67	274
NZ_CP029736.1	CP003488	91.919	198	12	4	1588730	1588925	3041700	3041895	1.48e-67	274
NZ_CP029736.1	CP003488	81.050	343	61	3	894228	894568	2357316	2357656	1.91e-66	270
NZ_CP029736.1	CP003488	90.476	210	11	6	1073739	1073944	2552277	2552481	6.88e-66	268
NZ_CP029736.1	CP003488	91.045	201	6	10	1971972	1972168	3363459	3363651	1.15e-63	261
NZ_CP029736.1	CP003488	89.756	205	18	2	2459093	2459295	2835454	2835657	4.14e-63	259
NZ_CP029736.1	CP003488	82.373	295	52	0	3528438	3528732	956855	957149	1.49e-62	257
NZ_CP029736.1	CP003488	81.356	354	33	28	401214	401547	2187521	2187861	1.49e-62	257
NZ_CP029736.1	CP003488	86.441	236	29	2	3380770	3381002	580355	580590	5.36e-62	255
NZ_CP029736.1	CP003488	85.887	248	25	9	1058989	1059230	2536262	2536505	5.36e-62	255
NZ_CP029736.1	CP003488	80.319	376	40	29	956819	957173	2187883	2187521	1.93e-61	254
NZ_CP029736.1	CP003488	73.261	733	181	13	2690224	2690948	4244903	4245628	1.93e-61	254
NZ_CP029736.1	CP003488	88.073	218	15	8	401214	401424	1626598	1626811	8.97e-60	248
NZ_CP029736.1	CP003488	88.073	218	15	8	1860452	1860662	1626811	1626598	8.97e-60	248
NZ_CP029736.1	CP003488	88.073	218	15	8	956963	957173	1626811	1626598	8.97e-60	248
NZ_CP029736.1	CP003488	88.073	218	15	8	4108072	4108282	1626598	1626811	8.97e-60	248
NZ_CP029736.1	CP003488	88.128	219	13	9	1860452	1860662	2187734	2187521	8.97e-60	248
NZ_CP029736.1	CP003488	88.128	219	13	9	4108072	4108282	2187521	2187734	8.97e-60	248
NZ_CP029736.1	CP003488	88.128	219	13	9	4108072	4108282	2470970	2470757	8.97e-60	248
NZ_CP029736.1	CP003488	88.128	219	13	9	956963	957173	2470757	2470970	8.97e-60	248
NZ_CP029736.1	CP003488	88.128	219	13	9	1860452	1860662	2470757	2470970	8.97e-60	248
NZ_CP029736.1	CP003488	88.128	219	13	9	401214	401424	2470970	2470757	8.97e-60	248
NZ_CP029736.1	CP003488	92.090	177	8	4	205606	205779	1198123	1198296	1.16e-58	244
NZ_CP029736.1	CP003488	92.090	177	8	4	729661	729834	1198123	1198296	1.16e-58	244
NZ_CP029736.1	CP003488	92.090	177	8	4	993071	993244	1198296	1198123	1.16e-58	244
NZ_CP029736.1	CP003488	92.090	177	8	4	993071	993244	2433920	2434093	1.16e-58	244
NZ_CP029736.1	CP003488	92.090	177	8	4	729661	729834	2434093	2433920	1.16e-58	244
NZ_CP029736.1	CP003488	92.090	177	8	4	205606	205779	2434093	2433920	1.16e-58	244
NZ_CP029736.1	CP003488	92.090	177	8	4	993071	993244	3230492	3230665	1.16e-58	244
NZ_CP029736.1	CP003488	92.090	177	8	4	729661	729834	3230665	3230492	1.16e-58	244
NZ_CP029736.1	CP003488	92.090	177	8	4	205606	205779	3230665	3230492	1.16e-58	244
NZ_CP029736.1	CP003488	96.622	148	4	1	3886306	3886453	3559388	3559242	1.16e-58	244
NZ_CP029736.1	CP003488	87.671	219	14	9	1860452	1860662	1815180	1814967	4.17e-58	243
NZ_CP029736.1	CP003488	87.671	219	14	9	956963	957173	1815180	1814967	4.17e-58	243
NZ_CP029736.1	CP003488	87.671	219	14	9	4108072	4108282	1814967	1815180	4.17e-58	243
NZ_CP029736.1	CP003488	88.776	196	21	1	2222004	2222198	3647002	3647197	5.40e-57	239
NZ_CP029736.1	CP003488	86.301	219	30	0	3560135	3560353	3935425	3935207	5.40e-57	239
NZ_CP029736.1	CP003488	85.425	247	15	12	180125	180350	1578088	1578334	1.94e-56	237
NZ_CP029736.1	CP003488	86.667	210	23	5	4304180	4304386	1395030	1395237	1.17e-53	228
NZ_CP029736.1	CP003488	91.925	161	13	0	3048291	3048451	256972	257132	4.20e-53	226
NZ_CP029736.1	CP003488	94.558	147	6	2	2284294	2284439	3754366	3754511	4.20e-53	226
NZ_CP029736.1	CP003488	91.463	164	10	2	234402	234561	1155341	1155504	5.44e-52	222
NZ_CP029736.1	CP003488	94.406	143	8	0	762020	762162	1155504	1155362	1.96e-51	220
NZ_CP029736.1	CP003488	94.444	144	6	2	2529346	2529489	1155504	1155363	1.96e-51	220
NZ_CP029736.1	CP003488	80.198	303	52	7	689063	689362	2158350	2158647	1.96e-51	220
NZ_CP029736.1	CP003488	90.419	167	16	0	3906550	3906716	3537984	3537818	1.96e-51	220
NZ_CP029736.1	CP003488	84.932	219	29	4	3089139	3089354	282891	283108	7.03e-51	219
NZ_CP029736.1	CP003488	90.741	162	13	2	962751	962910	1621426	1621265	9.10e-50	215
NZ_CP029736.1	CP003488	92.105	152	11	1	4000841	4000991	1058737	1058888	3.27e-49	213
NZ_CP029736.1	CP003488	93.750	144	5	3	2284632	2284773	3751123	3751264	3.27e-49	213
NZ_CP029736.1	CP003488	85.644	202	27	2	3620298	3620499	731753	731952	1.18e-48	211
NZ_CP029736.1	CP003488	93.007	143	10	0	1398032	1398174	1155504	1155362	4.23e-48	209
NZ_CP029736.1	CP003488	90.123	162	14	2	962751	962910	1809675	1809514	4.23e-48	209
NZ_CP029736.1	CP003488	90.123	162	14	2	962751	962910	2182082	2181921	4.23e-48	209
NZ_CP029736.1	CP003488	80.690	290	39	12	1439436	1439716	2876160	2876441	4.23e-48	209
NZ_CP029736.1	CP003488	90.123	162	14	2	962751	962910	3235965	3236126	4.23e-48	209
NZ_CP029736.1	CP003488	87.293	181	20	3	4298201	4298380	1388957	1389135	1.97e-46	204
NZ_CP029736.1	CP003488	85.204	196	29	0	3196655	3196850	398186	398381	7.08e-46	202
NZ_CP029736.1	CP003488	84.186	215	27	5	439747	439958	1849870	1850080	7.08e-46	202
NZ_CP029736.1	CP003488	90.728	151	12	2	2801792	2801941	1155362	1155511	2.55e-45	200
NZ_CP029736.1	CP003488	92.254	142	10	1	4113843	4113984	1155502	1155362	2.55e-45	200
NZ_CP029736.1	CP003488	95.868	121	5	0	962751	962871	1192886	1192766	3.29e-44	196
NZ_CP029736.1	CP003488	96.610	118	4	0	962751	962868	2439265	2439382	3.29e-44	196
NZ_CP029736.1	CP003488	96.610	118	4	0	962751	962868	2476142	2476259	3.29e-44	196
NZ_CP029736.1	CP003488	91.549	142	11	1	3758629	3758770	1155364	1155504	1.19e-43	195
NZ_CP029736.1	CP003488	86.813	182	13	8	664172	664348	2123585	2123760	4.26e-43	193
NZ_CP029736.1	CP003488	88.415	164	14	5	4102363	4102525	2439688	2439529	4.26e-43	193
NZ_CP029736.1	CP003488	88.415	164	14	5	724071	724233	2439688	2439529	4.26e-43	193
NZ_CP029736.1	CP003488	88.415	164	14	5	395736	395898	2439688	2439529	4.26e-43	193
NZ_CP029736.1	CP003488	88.415	164	14	5	200135	200297	2439688	2439529	4.26e-43	193
NZ_CP029736.1	CP003488	86.170	188	12	6	1804617	1804790	3174537	3174724	1.53e-42	191
NZ_CP029736.1	CP003488	79.152	283	51	7	3542035	3542313	3929267	3928989	5.51e-42	189
NZ_CP029736.1	CP003488	94.958	119	6	0	962487	962605	2439529	2439647	1.98e-41	187
NZ_CP029736.1	CP003488	94.958	119	6	0	998559	998677	2439529	2439647	1.98e-41	187
NZ_CP029736.1	CP003488	94.958	119	6	0	1866210	1866328	2439529	2439647	1.98e-41	187
NZ_CP029736.1	CP003488	72.727	627	143	21	3311017	3311630	541466	542077	7.13e-41	185
NZ_CP029736.1	CP003488	89.404	151	10	6	83379	83525	1473590	1473738	7.13e-41	185
NZ_CP029736.1	CP003488	95.614	114	5	0	2052603	2052716	1155391	1155504	2.57e-40	183
NZ_CP029736.1	CP003488	98.077	104	2	0	3857922	3858025	931924	932027	9.23e-40	182
NZ_CP029736.1	CP003488	74.696	411	102	2	1446309	1446718	1097260	1097669	9.23e-40	182
NZ_CP029736.1	CP003488	82.326	215	30	8	2401739	2401948	3905920	3906131	3.32e-39	180
NZ_CP029736.1	CP003488	89.583	144	10	4	2578298	2578438	4138716	4138857	1.19e-38	178
NZ_CP029736.1	CP003488	100.000	90	0	0	180258	180347	1578088	1578177	2.58e-35	167
NZ_CP029736.1	CP003488	84.302	172	23	3	3644606	3644775	754595	754764	9.29e-35	165
NZ_CP029736.1	CP003488	93.694	111	6	1	3716768	3716877	1155504	1155394	9.29e-35	165
NZ_CP029736.1	CP003488	92.308	117	7	2	1434503	1434618	1275822	1275707	9.29e-35	165
NZ_CP029736.1	CP003488	95.192	104	5	0	1623488	1623591	3041794	3041897	9.29e-35	165
NZ_CP029736.1	CP003488	91.667	120	9	1	3527730	3527849	3558990	3558872	9.29e-35	165
NZ_CP029736.1	CP003488	84.444	180	13	11	1972084	1972257	3363458	3363628	3.34e-34	163
NZ_CP029736.1	CP003488	82.474	194	27	7	2279495	2279685	3749405	3749594	3.34e-34	163
NZ_CP029736.1	CP003488	71.351	740	178	26	4215968	4216691	1325502	1326223	1.20e-33	161
NZ_CP029736.1	CP003488	97.849	93	2	0	2419592	2419684	3924284	3924376	1.20e-33	161
NZ_CP029736.1	CP003488	100.000	86	0	0	966542	966627	130649	130734	4.32e-33	159
NZ_CP029736.1	CP003488	95.050	101	5	0	3887010	3887110	957039	957139	4.32e-33	159
NZ_CP029736.1	CP003488	95.050	101	5	0	576716	576816	1155502	1155402	4.32e-33	159
NZ_CP029736.1	CP003488	100.000	86	0	0	2934461	2934546	2443388	2443473	4.32e-33	159
NZ_CP029736.1	CP003488	100.000	86	0	0	3368328	3368413	3363651	3363566	4.32e-33	159
NZ_CP029736.1	CP003488	100.000	86	0	0	1971970	1972055	3363566	3363651	4.32e-33	159
NZ_CP029736.1	CP003488	92.035	113	7	2	415338	415449	1828842	1828953	1.55e-32	158
NZ_CP029736.1	CP003488	98.851	87	1	0	1971971	1972057	571639	571553	5.59e-32	156
NZ_CP029736.1	CP003488	96.774	93	3	0	1035381	1035473	1578085	1578177	5.59e-32	156
NZ_CP029736.1	CP003488	97.778	90	2	0	180126	180215	2513468	2513557	5.59e-32	156
NZ_CP029736.1	CP003488	97.778	90	2	0	180259	180348	2513468	2513557	5.59e-32	156
NZ_CP029736.1	CP003488	98.837	86	1	0	1972085	1972170	571638	571553	2.01e-31	154
NZ_CP029736.1	CP003488	100.000	83	0	0	3368220	3368302	571556	571638	2.01e-31	154
NZ_CP029736.1	CP003488	95.833	96	3	1	3372002	3372096	574041	574136	2.01e-31	154
NZ_CP029736.1	CP003488	93.333	105	5	2	3371884	3371987	574155	574258	2.01e-31	154
NZ_CP029736.1	CP003488	95.833	96	2	2	1866393	1866488	1389036	1388943	2.01e-31	154
NZ_CP029736.1	CP003488	100.000	82	0	0	496109	496190	2513667	2513586	7.23e-31	152
NZ_CP029736.1	CP003488	96.739	92	0	3	3368323	3368414	3363312	3363224	2.60e-30	150
NZ_CP029736.1	CP003488	97.727	88	0	2	1971969	1972056	3363224	3363309	2.60e-30	150
NZ_CP029736.1	CP003488	88.550	131	6	9	3368220	3368347	3363542	3363418	2.60e-30	150
NZ_CP029736.1	CP003488	100.000	81	0	0	2533567	2533647	4083083	4083163	2.60e-30	150
NZ_CP029736.1	CP003488	97.674	86	2	0	1972321	1972406	571638	571553	9.36e-30	148
NZ_CP029736.1	CP003488	98.810	84	0	1	203785	203867	1196346	1196263	9.36e-30	148
NZ_CP029736.1	CP003488	100.000	80	0	0	4129474	4129553	1219349	1219428	9.36e-30	148
NZ_CP029736.1	CP003488	98.810	84	0	1	1035521	1035603	1917554	1917471	9.36e-30	148
NZ_CP029736.1	CP003488	97.701	87	1	1	894677	894762	2357724	2357810	9.36e-30	148
NZ_CP029736.1	CP003488	100.000	80	0	0	1073739	1073818	2552393	2552472	9.36e-30	148
NZ_CP029736.1	CP003488	98.795	83	1	0	1972321	1972403	3363568	3363650	9.36e-30	148
NZ_CP029736.1	CP003488	100.000	80	0	0	2533351	2533430	4083185	4083264	9.36e-30	148
NZ_CP029736.1	CP003488	100.000	79	0	0	958922	959000	1196268	1196346	3.37e-29	147
NZ_CP029736.1	CP003488	100.000	79	0	0	994993	995071	1196268	1196346	3.37e-29	147
NZ_CP029736.1	CP003488	100.000	79	0	0	399387	399465	1196346	1196268	3.37e-29	147
NZ_CP029736.1	CP003488	100.000	79	0	0	1925726	1925804	3305273	3305351	3.37e-29	147
NZ_CP029736.1	CP003488	98.795	83	0	1	1972087	1972169	3363228	3363309	3.37e-29	147
NZ_CP029736.1	CP003488	100.000	79	0	0	3368222	3368300	3363306	3363228	3.37e-29	147
NZ_CP029736.1	CP003488	100.000	79	0	0	1073741	1073819	3924108	3924186	3.37e-29	147
NZ_CP029736.1	CP003488	100.000	78	0	0	1073971	1074048	2552162	2552239	1.21e-28	145
NZ_CP029736.1	CP003488	100.000	78	0	0	2419205	2419282	2552163	2552240	1.21e-28	145
NZ_CP029736.1	CP003488	100.000	78	0	0	2419205	2419282	2552395	2552472	1.21e-28	145
NZ_CP029736.1	CP003488	100.000	78	0	0	1925621	1925698	3304929	3305006	1.21e-28	145
NZ_CP029736.1	CP003488	100.000	78	0	0	1925621	1925698	3305383	3305460	1.21e-28	145
NZ_CP029736.1	CP003488	93.814	97	4	2	2279476	2279572	3751138	3751232	1.21e-28	145
NZ_CP029736.1	CP003488	93.814	97	4	2	2279476	2279572	3754385	3754479	1.21e-28	145
NZ_CP029736.1	CP003488	98.765	81	1	0	1073968	1074048	3924104	3924184	1.21e-28	145
NZ_CP029736.1	CP003488	100.000	78	0	0	1073857	1073934	3924108	3924185	1.21e-28	145
NZ_CP029736.1	CP003488	100.000	77	0	0	4298204	4298280	1192633	1192709	4.35e-28	143
NZ_CP029736.1	CP003488	100.000	77	0	0	998742	998818	1389036	1388960	4.35e-28	143
NZ_CP029736.1	CP003488	95.506	89	4	0	180128	180216	1578245	1578333	4.35e-28	143
NZ_CP029736.1	CP003488	100.000	77	0	0	4298204	4298280	2476395	2476319	4.35e-28	143
NZ_CP029736.1	CP003488	98.750	80	1	0	2419202	2419281	2552276	2552355	4.35e-28	143
NZ_CP029736.1	CP003488	95.506	89	4	0	1804708	1804796	3174427	3174515	4.35e-28	143
NZ_CP029736.1	CP003488	95.455	88	4	0	1035387	1035474	1578245	1578332	1.57e-27	141
NZ_CP029736.1	CP003488	77.500	240	51	3	889308	889547	2352382	2352618	1.57e-27	141
NZ_CP029736.1	CP003488	98.734	79	1	0	1972323	1972401	3363228	3363306	1.57e-27	141
NZ_CP029736.1	CP003488	93.548	93	6	0	2235851	2235943	3661396	3661488	5.63e-27	139
NZ_CP029736.1	CP003488	98.718	78	1	0	2284330	2284407	3749405	3749482	5.63e-27	139
NZ_CP029736.1	CP003488	98.718	78	1	0	2284665	2284742	3749405	3749482	5.63e-27	139
NZ_CP029736.1	CP003488	97.500	80	2	0	1804711	1804790	2611214	2611135	2.03e-26	137
NZ_CP029736.1	CP003488	95.402	87	3	1	1804842	1804928	3174424	3174509	2.03e-26	137
NZ_CP029736.1	CP003488	95.349	86	4	0	1132917	1133002	3174509	3174424	2.03e-26	137
NZ_CP029736.1	CP003488	98.701	77	1	0	1132917	1132993	3174615	3174539	2.03e-26	137
NZ_CP029736.1	CP003488	97.531	81	1	1	1925406	1925486	3304928	3305007	2.03e-26	137
NZ_CP029736.1	CP003488	98.701	77	1	0	1925410	1925486	3305385	3305461	2.03e-26	137
NZ_CP029736.1	CP003488	96.341	82	3	0	1132912	1132993	3174729	3174648	7.29e-26	135
NZ_CP029736.1	CP003488	98.684	76	1	0	1925410	1925485	3305276	3305351	7.29e-26	135
NZ_CP029736.1	CP003488	77.108	249	46	9	3061351	3061593	270548	270791	2.62e-25	134
NZ_CP029736.1	CP003488	94.382	89	2	3	1972321	1972407	3363459	3363546	2.62e-25	134
NZ_CP029736.1	CP003488	96.250	80	3	0	1925495	1925574	3305578	3305657	9.42e-25	132
NZ_CP029736.1	CP003488	80.347	173	34	0	3903464	3903636	3541700	3541528	9.42e-25	132
NZ_CP029736.1	CP003488	95.181	83	3	1	1804613	1804695	3174643	3174724	3.39e-24	130
NZ_CP029736.1	CP003488	97.333	75	2	0	3319288	3319362	550445	550519	1.22e-23	128
NZ_CP029736.1	CP003488	93.976	83	5	0	1804613	1804695	2611217	2611135	4.38e-23	126
NZ_CP029736.1	CP003488	78.680	197	37	2	1995496	1995692	3375240	3375431	4.38e-23	126
NZ_CP029736.1	CP003488	88.679	106	8	2	3888239	3888340	3555334	3555229	4.38e-23	126
NZ_CP029736.1	CP003488	92.941	85	6	0	1804849	1804933	2611214	2611130	1.58e-22	124
NZ_CP029736.1	CP003488	76.371	237	52	2	2567462	2567696	4119489	4119723	1.58e-22	124
NZ_CP029736.1	CP003488	90.426	94	7	2	966765	966858	2439416	2439507	5.67e-22	122
NZ_CP029736.1	CP003488	90.426	94	7	2	3208359	3208451	3661061	3660969	5.67e-22	122
NZ_CP029736.1	CP003488	90.323	93	8	1	4209616	4209707	1155412	1155504	2.04e-21	121
NZ_CP029736.1	CP003488	91.011	89	6	2	2235607	2235694	436974	436887	7.34e-21	119
NZ_CP029736.1	CP003488	92.771	83	5	1	3371894	3371975	1813114	1813032	7.34e-21	119
NZ_CP029736.1	CP003488	92.771	83	5	1	3371894	3371975	2185623	2185541	7.34e-21	119
NZ_CP029736.1	CP003488	93.671	79	5	0	1804850	1804928	3174537	3174615	7.34e-21	119
NZ_CP029736.1	CP003488	93.590	78	5	0	4106104	4106181	574132	574055	2.64e-20	117
NZ_CP029736.1	CP003488	93.590	78	5	0	1862552	1862629	574055	574132	2.64e-20	117
NZ_CP029736.1	CP003488	93.590	78	5	0	727699	727776	574132	574055	2.64e-20	117
NZ_CP029736.1	CP003488	93.590	78	5	0	3372016	3372093	1813109	1813032	2.64e-20	117
NZ_CP029736.1	CP003488	93.590	78	5	0	3372016	3372093	2185618	2185541	2.64e-20	117
NZ_CP029736.1	CP003488	89.362	94	8	2	962640	962731	2443611	2443704	2.64e-20	117
NZ_CP029736.1	CP003488	93.506	77	5	0	4106105	4106181	574245	574169	9.49e-20	115
NZ_CP029736.1	CP003488	93.506	77	5	0	1862552	1862628	574169	574245	9.49e-20	115
NZ_CP029736.1	CP003488	93.506	77	5	0	727700	727776	574245	574169	9.49e-20	115
NZ_CP029736.1	CP003488	81.618	136	25	0	3130641	3130776	328557	328692	3.41e-19	113
NZ_CP029736.1	CP003488	91.463	82	5	2	3208278	3208358	2443376	2443296	1.23e-18	111
NZ_CP029736.1	CP003488	84.483	116	13	3	3888236	3888347	959470	959584	4.42e-18	110
NZ_CP029736.1	CP003488	84.483	116	12	6	3527870	3527983	3943724	3943613	4.42e-18	110
NZ_CP029736.1	CP003488	92.208	77	4	2	966451	966526	436881	436806	1.59e-17	108
NZ_CP029736.1	CP003488	85.437	103	12	3	2264774	2264875	2129089	2128989	2.05e-16	104
NZ_CP029736.1	CP003488	85.437	103	10	4	2643437	2643534	1219435	1219537	7.39e-16	102
NZ_CP029736.1	CP003488	84.615	104	11	4	4129946	4130049	4200449	4200547	9.56e-15	99.0
NZ_CP029736.1	CP003488	92.537	67	3	2	3901302	3901368	3542518	3542454	1.24e-13	95.3
NZ_CP029736.1	CP003488	86.747	83	10	1	4129861	4129943	1219187	1219268	1.60e-12	91.6
NZ_CP029736.1	CP003488	88.158	76	9	0	4129645	4129720	1219187	1219262	1.60e-12	91.6
NZ_CP029736.1	CP003488	78.261	161	19	10	501675	501831	1923062	1923210	5.75e-12	89.8
NZ_CP029736.1	CP003488	80.172	116	21	2	3273079	3273193	2835361	2835247	7.44e-11	86.1
NZ_CP029736.1	CP003488	92.063	63	2	2	3903084	3903146	3542179	3542120	7.44e-11	86.1
NZ_CP029736.1	CP003488	97.917	48	1	0	3909447	3909494	931981	932028	2.68e-10	84.2
NZ_CP029736.1	CP003488	93.103	58	3	1	3857968	3858025	973285	973341	2.68e-10	84.2
NZ_CP029736.1	CP003488	94.340	53	3	0	1488121	1488173	2925301	2925353	9.63e-10	82.4
NZ_CP029736.1	CP003488	85.897	78	10	1	2235708	2235784	3674893	3674970	9.63e-10	82.4
NZ_CP029736.1	CP003488	91.525	59	1	3	1482388	1482444	2918608	2918664	1.25e-08	78.7
NZ_CP029736.1	CP003488	76.871	147	28	5	4119910	4120053	3368582	3368439	1.25e-08	78.7
NZ_CP029736.1	CP003488	95.833	48	2	0	2490518	2490565	4033196	4033243	1.25e-08	78.7
NZ_CP029736.1	CP003488	88.889	63	5	2	3414364	3414425	613986	614047	4.48e-08	76.8
NZ_CP029736.1	CP003488	100.000	40	0	0	3900263	3900302	3543465	3543426	1.61e-07	75.0
NZ_CP029736.1	CP003488	87.302	63	8	0	1805074	1805136	3174985	3175047	5.79e-07	73.1
NZ_CP029736.1	CP003488	95.556	45	2	0	3891268	3891312	3552003	3551959	5.79e-07	73.1
NZ_CP029736.1	CP003488	100.000	38	0	0	3161641	3161678	355285	355322	2.08e-06	71.3
NZ_CP029736.1	CP003488	97.500	40	1	0	3905328	3905367	3539789	3539750	7.49e-06	69.4
NZ_CP029736.1	CP003488	95.455	44	1	1	3900288	3900331	3543237	3543195	7.49e-06	69.4
NZ_CP029736.1	CP003488	86.154	65	5	4	673760	673822	4110791	4110853	2.70e-05	67.6
NZ_CP029736.1	CP003488	85.938	64	5	3	2558744	2558807	2142939	2142998	9.69e-05	65.8
NZ_CP029736.1	CP003488	91.489	47	4	0	3858167	3858213	3590447	3590401	9.69e-05	65.8
NZ_CP029736.1	CP003488	100.000	34	0	0	3894319	3894352	3963795	3963762	3.49e-04	63.9
NZ_CP029736.1	CP003488	97.222	36	1	0	3898429	3898464	3544408	3544373	0.001	62.1
NZ_CP029736.1	CP003488	94.595	37	2	0	2458985	2459021	2835373	2835409	0.016	58.4
NZ_CP029736.1	CP003488	94.595	37	2	0	3901459	3901495	3542345	3542309	0.016	58.4
NZ_CP029736.1	CP003488	100.000	30	0	0	3178906	3178935	372280	372251	0.058	56.5
NZ_CP029736.1	CP003488	100.000	30	0	0	3906721	3906750	3537607	3537578	0.058	56.5
NZ_CP029736.1	CP003488	100.000	29	0	0	685122	685150	2154393	2154421	0.21	54.7
NZ_CP029736.1	CP003488	100.000	29	0	0	3907038	3907066	3537308	3537280	0.21	54.7
NZ_CP029736.1	CP003488	100.000	29	0	0	3906057	3906085	3538561	3538533	0.21	54.7
NZ_CP029736.1	CP003488	96.875	32	1	0	3891543	3891574	3551512	3551481	0.21	54.7
NZ_CP029736.1	CP003488	100.000	29	0	0	3886642	3886670	3558873	3558845	0.21	54.7
NZ_CP029736.1	CP003488	100.000	28	0	0	2920012	2920039	2745576	2745549	0.75	52.8
NZ_CP029736.1	CP003488	100.000	28	0	0	3888128	3888155	3941897	3941870	0.75	52.8
