NZ_GG697149.2	NC_013316	96.584	6002	205	0	502691	508692	2087759	2081758	0.0	9949
NZ_GG697149.2	NC_013316	94.776	2278	116	3	509863	512139	2081377	2079102	0.0	3544
NZ_GG697149.2	NC_013316	90.599	968	86	5	513621	514586	2077285	2076321	0.0	1279
NZ_GG697149.2	NC_013316	83.359	1292	186	20	612747	614023	15498	14221	0.0	1168
NZ_GG697149.2	NC_013316	83.372	1287	186	19	612752	614023	29716	28443	0.0	1166
NZ_GG697149.2	NC_013316	83.372	1287	186	19	612752	614023	3063333	3064606	0.0	1166
NZ_GG697149.2	NC_013316	83.294	1287	187	19	612752	614023	147457	146184	0.0	1160
NZ_GG697149.2	NC_013316	83.294	1287	187	19	612752	614023	383360	382087	0.0	1160
NZ_GG697149.2	NC_013316	83.294	1287	187	19	612752	614023	1092721	1091448	0.0	1160
NZ_GG697149.2	NC_013316	83.294	1287	187	20	612752	614023	3869915	3871188	0.0	1160
NZ_GG697149.2	NC_013316	83.294	1287	187	19	612752	614023	4025604	4026877	0.0	1160
NZ_GG697149.2	NC_013316	83.217	1287	188	19	612752	614023	132682	131409	0.0	1155
NZ_GG697149.2	NC_013316	83.217	1287	188	19	612752	614023	137809	136536	0.0	1155
NZ_GG697149.2	NC_013316	81.866	1318	193	44	616216	617507	380250	378953	0.0	1068
NZ_GG697149.2	NC_013316	81.853	1317	195	42	616216	617507	4028714	4030011	0.0	1068
NZ_GG697149.2	NC_013316	81.777	1317	196	42	616216	617507	129412	128115	0.0	1062
NZ_GG697149.2	NC_013316	81.701	1317	197	42	616216	617507	12322	11025	0.0	1057
NZ_GG697149.2	NC_013316	81.701	1317	197	42	616216	617507	134637	133340	0.0	1057
NZ_GG697149.2	NC_013316	81.701	1317	197	42	616216	617507	1089508	1088211	0.0	1057
NZ_GG697149.2	NC_013316	81.701	1317	197	42	616216	617507	3873089	3874386	0.0	1057
NZ_GG697149.2	NC_013316	81.625	1317	198	42	616216	617507	26544	25247	0.0	1051
NZ_GG697149.2	NC_013316	81.625	1317	196	44	616216	617507	3066410	3067705	0.0	1050
NZ_GG697149.2	NC_013316	97.212	538	15	0	509223	509760	2081593	2081056	0.0	911
NZ_GG697149.2	NC_013316	80.038	1047	166	40	614158	615183	14022	12998	0.0	736
NZ_GG697149.2	NC_013316	80.057	1048	164	41	614158	615183	28244	27220	0.0	736
NZ_GG697149.2	NC_013316	80.038	1047	166	40	614158	615183	131210	130186	0.0	736
NZ_GG697149.2	NC_013316	80.038	1047	166	40	614158	615183	136337	135313	0.0	736
NZ_GG697149.2	NC_013316	80.038	1047	166	40	614158	615183	1091249	1090225	0.0	736
NZ_GG697149.2	NC_013316	79.943	1057	167	42	614149	615183	3064796	3065829	0.0	736
NZ_GG697149.2	NC_013316	79.943	1057	167	42	614149	615183	3871378	3872411	0.0	736
NZ_GG697149.2	NC_013316	79.943	1057	167	42	614149	615183	4027067	4028100	0.0	736
NZ_GG697149.2	NC_013316	79.943	1047	167	40	614158	615183	145985	144961	0.0	730
NZ_GG697149.2	NC_013316	79.943	1047	167	40	614158	615183	381888	380864	0.0	730
NZ_GG697149.2	NC_013316	86.282	277	34	4	284602	284876	11025	11299	1.30e-75	298
NZ_GG697149.2	NC_013316	86.282	277	34	4	284602	284876	25247	25521	1.30e-75	298
NZ_GG697149.2	NC_013316	86.282	277	34	4	284602	284876	128115	128389	1.30e-75	298
NZ_GG697149.2	NC_013316	86.282	277	34	4	284602	284876	133340	133614	1.30e-75	298
NZ_GG697149.2	NC_013316	86.282	277	34	4	284602	284876	378953	379227	1.30e-75	298
NZ_GG697149.2	NC_013316	86.282	277	34	4	284602	284876	1088211	1088485	1.30e-75	298
NZ_GG697149.2	NC_013316	86.282	277	34	4	284602	284876	3067705	3067431	1.30e-75	298
NZ_GG697149.2	NC_013316	86.282	277	34	4	284602	284876	3874386	3874112	1.30e-75	298
NZ_GG697149.2	NC_013316	86.282	277	34	4	284602	284876	4030011	4029737	1.30e-75	298
NZ_GG697149.2	NC_013316	76.748	572	101	28	285526	286082	13152	12598	2.18e-73	291
NZ_GG697149.2	NC_013316	76.748	572	101	28	285526	286082	27374	26820	2.18e-73	291
NZ_GG697149.2	NC_013316	76.748	572	101	28	285526	286082	130340	129786	2.18e-73	291
NZ_GG697149.2	NC_013316	76.748	572	101	28	285526	286082	135467	134913	2.18e-73	291
NZ_GG697149.2	NC_013316	76.748	572	101	28	285526	286082	145115	144561	2.18e-73	291
NZ_GG697149.2	NC_013316	76.748	572	101	28	285526	286082	381018	380464	2.18e-73	291
NZ_GG697149.2	NC_013316	76.748	572	101	28	285526	286082	1090379	1089825	2.18e-73	291
NZ_GG697149.2	NC_013316	80.577	381	67	7	616216	616593	144063	143687	2.82e-72	287
NZ_GG697149.2	NC_013316	76.786	560	98	28	285526	286070	3872257	3872799	1.01e-71	285
NZ_GG697149.2	NC_013316	80.469	256	50	0	286346	286601	129412	129157	4.89e-45	196
NZ_GG697149.2	NC_013316	80.469	256	50	0	286346	286601	144063	143808	4.89e-45	196
NZ_GG697149.2	NC_013316	80.545	257	48	2	286346	286601	380250	379995	4.89e-45	196
NZ_GG697149.2	NC_013316	80.469	256	50	0	286346	286601	1089508	1089253	4.89e-45	196
NZ_GG697149.2	NC_013316	80.632	253	49	0	286346	286598	3066410	3066662	4.89e-45	196
NZ_GG697149.2	NC_013316	80.632	253	49	0	286346	286598	3873089	3873341	4.89e-45	196
NZ_GG697149.2	NC_013316	80.632	253	49	0	286346	286598	4028714	4028966	4.89e-45	196
NZ_GG697149.2	NC_013316	80.078	256	51	0	286346	286601	12322	12067	2.27e-43	191
NZ_GG697149.2	NC_013316	80.078	256	51	0	286346	286601	26544	26289	2.27e-43	191
NZ_GG697149.2	NC_013316	80.078	256	51	0	286346	286601	134637	134382	2.27e-43	191
NZ_GG697149.2	NC_013316	80.000	270	43	9	285804	286070	3065956	3066217	8.18e-43	189
NZ_GG697149.2	NC_013316	79.630	270	44	9	285804	286070	4028227	4028488	3.81e-41	183
NZ_GG697149.2	NC_013316	83.571	140	13	6	77807	77943	2051676	2051808	8.41e-23	122
NZ_GG697149.2	NC_013316	92.683	82	5	1	329697	329778	147886	147966	3.91e-21	117
NZ_GG697149.2	NC_013316	91.463	82	6	1	329697	329778	30199	30279	1.82e-19	111
NZ_GG697149.2	NC_013316	91.463	82	6	1	329697	329778	32030	32110	1.82e-19	111
NZ_GG697149.2	NC_013316	92.000	50	4	0	612465	612514	1092964	1092915	3.09e-07	71.3
NZ_GG697149.2	NC_013316	95.238	42	2	0	612473	612514	15669	15628	4.00e-06	67.6
NZ_GG697149.2	NC_013316	95.238	42	2	0	612473	612514	29958	29917	4.00e-06	67.6
NZ_GG697149.2	NC_013316	95.238	42	2	0	612473	612514	137997	137956	4.00e-06	67.6
NZ_GG697149.2	NC_013316	95.238	42	2	0	612473	612514	147645	147604	4.00e-06	67.6
NZ_GG697149.2	NC_013316	95.238	42	2	0	612473	612514	383548	383507	4.00e-06	67.6
NZ_GG697149.2	NC_013316	93.333	45	3	0	612470	612514	3869724	3869768	4.00e-06	67.6
NZ_GG697149.2	NC_013316	93.333	45	3	0	612470	612514	4025413	4025457	4.00e-06	67.6
